TRACE::2021-03-21.10:34:37::SCWPlatform::Trying to open the hw design at F:/GitHub/Mars_AX3_PM3_Reference_Design/Workspace/Hello/hw/Mars_AX3_PM3.xsa
TRACE::2021-03-21.10:34:37::SCWPlatform::DSA given F:/GitHub/Mars_AX3_PM3_Reference_Design/Workspace/Hello/hw/Mars_AX3_PM3.xsa
TRACE::2021-03-21.10:34:37::SCWPlatform::DSA absoulate path F:/GitHub/Mars_AX3_PM3_Reference_Design/Workspace/Hello/hw/Mars_AX3_PM3.xsa
TRACE::2021-03-21.10:34:40::SCWPlatform::DSA directory F:/GitHub/Mars_AX3_PM3_Reference_Design/Workspace/Hello/hw
TRACE::2021-03-21.10:34:40::SCWPlatform:: Platform Path F:/GitHub/Mars_AX3_PM3_Reference_Design/Workspace/Hello/hw/Mars_AX3_PM3.xsa
TRACE::2021-03-21.10:34:40::SCWPlatform:: Unique name xilinx:::0.0
TRACE::2021-03-21.10:34:40::SCWPlatform::Do not have an existing db opened. 
TRACE::2021-03-21.10:34:40::SCWPlatform::Opened new HwDB with name Mars_AX3_PM3_0
TRACE::2021-03-21.10:34:40::SCWWriter::formatted JSON is {
	"platformName":	"Hello",
	"sprVersion":	"2.0",
	"mode":	"gui",
	"dsaType":	"Fixed",
	"platformDesc":	"Hello",
	"platHandOff":	"F:/GitHub/Mars_AX3_PM3_Reference_Design/Vivado/MA-AX3-100-2I-D8/Mars_AX3_PM3.xsa",
	"platIntHandOff":	"<platformDir>/hw/Mars_AX3_PM3.xsa",
	"deviceType":	"FPGA",
	"platIsPrebuiltAutogen":	"false",
	"platIsNoBootBsp":	"false",
	"hasFsblMakeHasChanges":	"false",
	"hasPmufwMakeHasChanges":	"false",
	"platPreBuiltFlag":	false,
	"platformSamplesDir":	""
}
TRACE::2021-03-21.10:34:40::SCWWriter::formatted JSON is {
	"platformName":	"Hello",
	"sprVersion":	"2.0",
	"mode":	"gui",
	"dsaType":	"Fixed",
	"platformDesc":	"Hello",
	"platHandOff":	"F:/GitHub/Mars_AX3_PM3_Reference_Design/Vivado/MA-AX3-100-2I-D8/Mars_AX3_PM3.xsa",
	"platIntHandOff":	"<platformDir>/hw/Mars_AX3_PM3.xsa",
	"deviceType":	"FPGA",
	"platIsPrebuiltAutogen":	"false",
	"platIsNoBootBsp":	"false",
	"hasFsblMakeHasChanges":	"false",
	"hasPmufwMakeHasChanges":	"false",
	"platPreBuiltFlag":	false,
	"platformSamplesDir":	"",
	"platActiveSys":	"Hello",
	"systems":	[{
			"systemName":	"Hello",
			"systemDesc":	"Hello",
			"sysIsBootAutoGen":	"true",
			"systemDispName":	"Hello"
		}]
}
TRACE::2021-03-21.10:34:40::SCWPlatform::Boot application domains not present, creating them
TRACE::2021-03-21.10:34:40::SCWPlatform::Pure FPGA device, no boot application will be created.
TRACE::2021-03-21.10:34:40::SCWWriter::formatted JSON is {
	"platformName":	"Hello",
	"sprVersion":	"2.0",
	"mode":	"gui",
	"dsaType":	"Fixed",
	"platformDesc":	"Hello",
	"platHandOff":	"F:/GitHub/Mars_AX3_PM3_Reference_Design/Vivado/MA-AX3-100-2I-D8/Mars_AX3_PM3.xsa",
	"platIntHandOff":	"<platformDir>/hw/Mars_AX3_PM3.xsa",
	"deviceType":	"FPGA",
	"platIsPrebuiltAutogen":	"false",
	"platIsNoBootBsp":	"false",
	"hasFsblMakeHasChanges":	"false",
	"hasPmufwMakeHasChanges":	"false",
	"platPreBuiltFlag":	false,
	"platformSamplesDir":	"",
	"platActiveSys":	"Hello",
	"systems":	[{
			"systemName":	"Hello",
			"systemDesc":	"Hello",
			"sysIsBootAutoGen":	"true",
			"systemDispName":	"Hello"
		}]
}
TRACE::2021-03-21.10:34:40::SCWPlatform::Trying to open the hw design at F:/GitHub/Mars_AX3_PM3_Reference_Design/Workspace/Hello/hw/Mars_AX3_PM3.xsa
TRACE::2021-03-21.10:34:40::SCWPlatform::DSA given F:/GitHub/Mars_AX3_PM3_Reference_Design/Workspace/Hello/hw/Mars_AX3_PM3.xsa
TRACE::2021-03-21.10:34:40::SCWPlatform::DSA absoulate path F:/GitHub/Mars_AX3_PM3_Reference_Design/Workspace/Hello/hw/Mars_AX3_PM3.xsa
TRACE::2021-03-21.10:34:40::SCWPlatform::DSA directory F:/GitHub/Mars_AX3_PM3_Reference_Design/Workspace/Hello/hw
TRACE::2021-03-21.10:34:40::SCWPlatform:: Platform Path F:/GitHub/Mars_AX3_PM3_Reference_Design/Workspace/Hello/hw/Mars_AX3_PM3.xsa
TRACE::2021-03-21.10:34:40::SCWPlatform:: Unique name xilinx:::0.0
TRACE::2021-03-21.10:34:40::SCWPlatform::Trying to set the existing hwdb with name Mars_AX3_PM3_0
TRACE::2021-03-21.10:34:40::SCWPlatform::Opened existing hwdb Mars_AX3_PM3_0
TRACE::2021-03-21.10:34:40::SCWPlatform::Found the Hw Db part of the input DSA
TRACE::2021-03-21.10:34:40::SCWDomain::checking for install qemu data   : 
TRACE::2021-03-21.10:34:40::SCWPlatform::Trying to open the hw design at F:/GitHub/Mars_AX3_PM3_Reference_Design/Workspace/Hello/hw/Mars_AX3_PM3.xsa
TRACE::2021-03-21.10:34:40::SCWPlatform::DSA given F:/GitHub/Mars_AX3_PM3_Reference_Design/Workspace/Hello/hw/Mars_AX3_PM3.xsa
TRACE::2021-03-21.10:34:40::SCWPlatform::DSA absoulate path F:/GitHub/Mars_AX3_PM3_Reference_Design/Workspace/Hello/hw/Mars_AX3_PM3.xsa
TRACE::2021-03-21.10:34:40::SCWPlatform::DSA directory F:/GitHub/Mars_AX3_PM3_Reference_Design/Workspace/Hello/hw
TRACE::2021-03-21.10:34:40::SCWPlatform:: Platform Path F:/GitHub/Mars_AX3_PM3_Reference_Design/Workspace/Hello/hw/Mars_AX3_PM3.xsa
TRACE::2021-03-21.10:34:40::SCWPlatform:: Unique name xilinx:::0.0
TRACE::2021-03-21.10:34:40::SCWPlatform::Trying to set the existing hwdb with name Mars_AX3_PM3_0
TRACE::2021-03-21.10:34:40::SCWPlatform::Opened existing hwdb Mars_AX3_PM3_0
TRACE::2021-03-21.10:34:40::SCWPlatform::Found the Hw Db part of the input DSA
TRACE::2021-03-21.10:34:40::SCWPlatform::Trying to open the hw design at F:/GitHub/Mars_AX3_PM3_Reference_Design/Workspace/Hello/hw/Mars_AX3_PM3.xsa
TRACE::2021-03-21.10:34:40::SCWPlatform::DSA given F:/GitHub/Mars_AX3_PM3_Reference_Design/Workspace/Hello/hw/Mars_AX3_PM3.xsa
TRACE::2021-03-21.10:34:40::SCWPlatform::DSA absoulate path F:/GitHub/Mars_AX3_PM3_Reference_Design/Workspace/Hello/hw/Mars_AX3_PM3.xsa
TRACE::2021-03-21.10:34:40::SCWPlatform::DSA directory F:/GitHub/Mars_AX3_PM3_Reference_Design/Workspace/Hello/hw
TRACE::2021-03-21.10:34:40::SCWPlatform:: Platform Path F:/GitHub/Mars_AX3_PM3_Reference_Design/Workspace/Hello/hw/Mars_AX3_PM3.xsa
TRACE::2021-03-21.10:34:40::SCWPlatform:: Unique name xilinx:::0.0
TRACE::2021-03-21.10:34:40::SCWPlatform::Trying to set the existing hwdb with name Mars_AX3_PM3_0
TRACE::2021-03-21.10:34:40::SCWPlatform::Opened existing hwdb Mars_AX3_PM3_0
TRACE::2021-03-21.10:34:40::SCWPlatform::Found the Hw Db part of the input DSA
TRACE::2021-03-21.10:34:40::SCWPlatform::Trying to open the hw design at F:/GitHub/Mars_AX3_PM3_Reference_Design/Workspace/Hello/hw/Mars_AX3_PM3.xsa
TRACE::2021-03-21.10:34:40::SCWPlatform::DSA given F:/GitHub/Mars_AX3_PM3_Reference_Design/Workspace/Hello/hw/Mars_AX3_PM3.xsa
TRACE::2021-03-21.10:34:40::SCWPlatform::DSA absoulate path F:/GitHub/Mars_AX3_PM3_Reference_Design/Workspace/Hello/hw/Mars_AX3_PM3.xsa
TRACE::2021-03-21.10:34:40::SCWPlatform::DSA directory F:/GitHub/Mars_AX3_PM3_Reference_Design/Workspace/Hello/hw
TRACE::2021-03-21.10:34:40::SCWPlatform:: Platform Path F:/GitHub/Mars_AX3_PM3_Reference_Design/Workspace/Hello/hw/Mars_AX3_PM3.xsa
TRACE::2021-03-21.10:34:40::SCWPlatform:: Unique name xilinx:::0.0
TRACE::2021-03-21.10:34:40::SCWPlatform::Trying to set the existing hwdb with name Mars_AX3_PM3_0
TRACE::2021-03-21.10:34:40::SCWPlatform::Opened existing hwdb Mars_AX3_PM3_0
TRACE::2021-03-21.10:34:40::SCWPlatform::Found the Hw Db part of the input DSA
TRACE::2021-03-21.10:34:40::SCWMssOS::Checking the sw design at  F:/GitHub/Mars_AX3_PM3_Reference_Design/Workspace/Hello/CPU_microblaze_CPU/standalone_domain/bsp/system.mss
TRACE::2021-03-21.10:34:40::SCWMssOS::DEBUG:  swdes dump  
TRACE::2021-03-21.10:34:40::SCWMssOS::No sw design opened at  F:/GitHub/Mars_AX3_PM3_Reference_Design/Workspace/Hello/CPU_microblaze_CPU/standalone_domain/bsp/system.mss
TRACE::2021-03-21.10:34:40::SCWMssOS::mss does not exists at F:/GitHub/Mars_AX3_PM3_Reference_Design/Workspace/Hello/CPU_microblaze_CPU/standalone_domain/bsp/system.mss
TRACE::2021-03-21.10:34:40::SCWMssOS::Creating sw design at  F:/GitHub/Mars_AX3_PM3_Reference_Design/Workspace/Hello/CPU_microblaze_CPU/standalone_domain/bsp/system.mss
TRACE::2021-03-21.10:34:40::SCWMssOS::Adding the swdes entry, created swdb F:/GitHub/Mars_AX3_PM3_Reference_Design/Workspace/Hello/CPU_microblaze_CPU/standalone_domain/bsp/system.mss with des name F:/GitHub/Mars_AX3_PM3_Reference_Design/Workspace/Hello/CPU_microblaze_CPU/standalone_domain/bsp/system.mss
TRACE::2021-03-21.10:34:40::SCWMssOS::updating the scw layer changes to swdes at   F:/GitHub/Mars_AX3_PM3_Reference_Design/Workspace/Hello/CPU_microblaze_CPU/standalone_domain/bsp/system.mss
TRACE::2021-03-21.10:34:40::SCWMssOS::Writing mss at F:/GitHub/Mars_AX3_PM3_Reference_Design/Workspace/Hello/CPU_microblaze_CPU/standalone_domain/bsp/system.mss
TRACE::2021-03-21.10:34:40::SCWMssOS::Completed writing the mss file at F:/GitHub/Mars_AX3_PM3_Reference_Design/Workspace/Hello/CPU_microblaze_CPU/standalone_domain/bsp
TRACE::2021-03-21.10:34:40::SCWMssOS::Picking up changes from newly written mss file into SCW Layer. 
TRACE::2021-03-21.10:34:40::SCWMssOS::Updated the changes from newly written mss file into SCW Layer. 
TRACE::2021-03-21.10:34:40::SCWMssOS::Completed writing the mss file at F:/GitHub/Mars_AX3_PM3_Reference_Design/Workspace/Hello/CPU_microblaze_CPU/standalone_domain/bsp
TRACE::2021-03-21.10:34:40::SCWMssOS::Forcing BSP Sources regeneration.
TRACE::2021-03-21.10:34:45::SCWMssOS::Saving the mss changes F:/GitHub/Mars_AX3_PM3_Reference_Design/Workspace/Hello/CPU_microblaze_CPU/standalone_domain/bsp/system.mss
TRACE::2021-03-21.10:34:45::SCWMssOS::Found a swdesign opened with the mssfile.
TRACE::2021-03-21.10:34:45::SCWMssOS::Running validate of swdbs.
KEYINFO::2021-03-21.10:34:45::SCWMssOS::Could not open the swdb for F:/GitHub/Mars_AX3_PM3_Reference_Design/Workspace/Hello/CPU_microblaze_CPU/standalone_domain/bsp/system.mss
KEYINFO::2021-03-21.10:34:45::SCWMssOS::Could not open the sw design at  F:/GitHub/Mars_AX3_PM3_Reference_Design/Workspace/Hello/CPU_microblaze_CPU/standalone_domain/bsp/system.mss
ERROR: [Hsi 55-1558] Software Design F:/GitHub/Mars_AX3_PM3_Reference_Design/Workspace/Hello/CPU_microblaze_CPU/standalone_domain/bsp/system.mss is not found

TRACE::2021-03-21.10:34:45::SCWMssOS::Cleared the swdb table entry
TRACE::2021-03-21.10:34:45::SCWMssOS::Adding the swdes entry, mss present, able to open swdb F:/GitHub/Mars_AX3_PM3_Reference_Design/Workspace/Hello/CPU_microblaze_CPU/standalone_domain/bsp/system.mss with des name system
TRACE::2021-03-21.10:34:45::SCWMssOS::Writing the mss file completed F:/GitHub/Mars_AX3_PM3_Reference_Design/Workspace/Hello/CPU_microblaze_CPU/standalone_domain/bsp/system.mss
TRACE::2021-03-21.10:34:45::SCWMssOS::Commit changes completed.
TRACE::2021-03-21.10:34:45::SCWPlatform::Trying to open the hw design at F:/GitHub/Mars_AX3_PM3_Reference_Design/Workspace/Hello/hw/Mars_AX3_PM3.xsa
TRACE::2021-03-21.10:34:45::SCWPlatform::DSA given F:/GitHub/Mars_AX3_PM3_Reference_Design/Workspace/Hello/hw/Mars_AX3_PM3.xsa
TRACE::2021-03-21.10:34:45::SCWPlatform::DSA absoulate path F:/GitHub/Mars_AX3_PM3_Reference_Design/Workspace/Hello/hw/Mars_AX3_PM3.xsa
TRACE::2021-03-21.10:34:45::SCWPlatform::DSA directory F:/GitHub/Mars_AX3_PM3_Reference_Design/Workspace/Hello/hw
TRACE::2021-03-21.10:34:45::SCWPlatform:: Platform Path F:/GitHub/Mars_AX3_PM3_Reference_Design/Workspace/Hello/hw/Mars_AX3_PM3.xsa
TRACE::2021-03-21.10:34:45::SCWPlatform:: Unique name xilinx:::0.0
TRACE::2021-03-21.10:34:45::SCWPlatform::Trying to set the existing hwdb with name Mars_AX3_PM3_0
TRACE::2021-03-21.10:34:45::SCWPlatform::Opened existing hwdb Mars_AX3_PM3_0
TRACE::2021-03-21.10:34:45::SCWPlatform::Found the Hw Db part of the input DSA
TRACE::2021-03-21.10:34:45::SCWMssOS::Checking the sw design at  F:/GitHub/Mars_AX3_PM3_Reference_Design/Workspace/Hello/CPU_microblaze_CPU/standalone_domain/bsp/system.mss
TRACE::2021-03-21.10:34:45::SCWMssOS::DEBUG:  swdes dump  F:/GitHub/Mars_AX3_PM3_Reference_Design/Workspace/Hello/CPU_microblaze_CPU/standalone_domain/bsp/system.mss|system||

TRACE::2021-03-21.10:34:45::SCWMssOS::Sw design exists and opened at  F:/GitHub/Mars_AX3_PM3_Reference_Design/Workspace/Hello/CPU_microblaze_CPU/standalone_domain/bsp/system.mss
TRACE::2021-03-21.10:34:45::SCWPlatform::Trying to open the hw design at F:/GitHub/Mars_AX3_PM3_Reference_Design/Workspace/Hello/hw/Mars_AX3_PM3.xsa
TRACE::2021-03-21.10:34:45::SCWPlatform::DSA given F:/GitHub/Mars_AX3_PM3_Reference_Design/Workspace/Hello/hw/Mars_AX3_PM3.xsa
TRACE::2021-03-21.10:34:45::SCWPlatform::DSA absoulate path F:/GitHub/Mars_AX3_PM3_Reference_Design/Workspace/Hello/hw/Mars_AX3_PM3.xsa
TRACE::2021-03-21.10:34:45::SCWPlatform::DSA directory F:/GitHub/Mars_AX3_PM3_Reference_Design/Workspace/Hello/hw
TRACE::2021-03-21.10:34:45::SCWPlatform:: Platform Path F:/GitHub/Mars_AX3_PM3_Reference_Design/Workspace/Hello/hw/Mars_AX3_PM3.xsa
TRACE::2021-03-21.10:34:45::SCWPlatform:: Unique name xilinx:::0.0
TRACE::2021-03-21.10:34:45::SCWPlatform::Trying to set the existing hwdb with name Mars_AX3_PM3_0
TRACE::2021-03-21.10:34:45::SCWPlatform::Opened existing hwdb Mars_AX3_PM3_0
TRACE::2021-03-21.10:34:45::SCWPlatform::Found the Hw Db part of the input DSA
TRACE::2021-03-21.10:34:45::SCWMssOS::Checking the sw design at  F:/GitHub/Mars_AX3_PM3_Reference_Design/Workspace/Hello/CPU_microblaze_CPU/standalone_domain/bsp/system.mss
TRACE::2021-03-21.10:34:45::SCWMssOS::DEBUG:  swdes dump  F:/GitHub/Mars_AX3_PM3_Reference_Design/Workspace/Hello/CPU_microblaze_CPU/standalone_domain/bsp/system.mss|system||

TRACE::2021-03-21.10:34:45::SCWMssOS::Sw design exists and opened at  F:/GitHub/Mars_AX3_PM3_Reference_Design/Workspace/Hello/CPU_microblaze_CPU/standalone_domain/bsp/system.mss
TRACE::2021-03-21.10:34:45::SCWPlatform::Trying to open the hw design at F:/GitHub/Mars_AX3_PM3_Reference_Design/Workspace/Hello/hw/Mars_AX3_PM3.xsa
TRACE::2021-03-21.10:34:45::SCWPlatform::DSA given F:/GitHub/Mars_AX3_PM3_Reference_Design/Workspace/Hello/hw/Mars_AX3_PM3.xsa
TRACE::2021-03-21.10:34:45::SCWPlatform::DSA absoulate path F:/GitHub/Mars_AX3_PM3_Reference_Design/Workspace/Hello/hw/Mars_AX3_PM3.xsa
TRACE::2021-03-21.10:34:45::SCWPlatform::DSA directory F:/GitHub/Mars_AX3_PM3_Reference_Design/Workspace/Hello/hw
TRACE::2021-03-21.10:34:45::SCWPlatform:: Platform Path F:/GitHub/Mars_AX3_PM3_Reference_Design/Workspace/Hello/hw/Mars_AX3_PM3.xsa
TRACE::2021-03-21.10:34:45::SCWPlatform:: Unique name xilinx:::0.0
TRACE::2021-03-21.10:34:45::SCWPlatform::Trying to set the existing hwdb with name Mars_AX3_PM3_0
TRACE::2021-03-21.10:34:45::SCWPlatform::Opened existing hwdb Mars_AX3_PM3_0
TRACE::2021-03-21.10:34:45::SCWPlatform::Found the Hw Db part of the input DSA
TRACE::2021-03-21.10:34:45::SCWMssOS::Checking the sw design at  F:/GitHub/Mars_AX3_PM3_Reference_Design/Workspace/Hello/CPU_microblaze_CPU/standalone_domain/bsp/system.mss
TRACE::2021-03-21.10:34:45::SCWMssOS::DEBUG:  swdes dump  F:/GitHub/Mars_AX3_PM3_Reference_Design/Workspace/Hello/CPU_microblaze_CPU/standalone_domain/bsp/system.mss|system||

TRACE::2021-03-21.10:34:45::SCWMssOS::Sw design exists and opened at  F:/GitHub/Mars_AX3_PM3_Reference_Design/Workspace/Hello/CPU_microblaze_CPU/standalone_domain/bsp/system.mss
TRACE::2021-03-21.10:34:45::SCWWriter::formatted JSON is {
	"platformName":	"Hello",
	"sprVersion":	"2.0",
	"mode":	"gui",
	"dsaType":	"Fixed",
	"platformDesc":	"Hello",
	"platHandOff":	"F:/GitHub/Mars_AX3_PM3_Reference_Design/Vivado/MA-AX3-100-2I-D8/Mars_AX3_PM3.xsa",
	"platIntHandOff":	"<platformDir>/hw/Mars_AX3_PM3.xsa",
	"deviceType":	"FPGA",
	"platIsPrebuiltAutogen":	"false",
	"platIsNoBootBsp":	"false",
	"hasFsblMakeHasChanges":	"false",
	"hasPmufwMakeHasChanges":	"false",
	"platPreBuiltFlag":	false,
	"platformSamplesDir":	"",
	"platActiveSys":	"Hello",
	"systems":	[{
			"systemName":	"Hello",
			"systemDesc":	"Hello",
			"sysIsBootAutoGen":	"true",
			"systemDispName":	"Hello",
			"sysActiveDom":	"standalone_domain",
			"sysDefaultDom":	"standalone_domain",
			"domains":	[{
					"domainName":	"standalone_domain",
					"domainDispName":	"standalone_domain",
					"domainDesc":	"standalone_domain",
					"processors":	"CPU_microblaze_CPU",
					"os":	"standalone",
					"sdxOs":	"standalone",
					"debugEnable":	"False",
					"domRuntimes":	["cpp"],
					"swRepo":	"",
					"mssOsVer":	"7.2",
					"mssFile":	"",
					"md5Digest":	"47452de41a14ddd06a94ad4afce5b55c",
					"compatibleApp":	"",
					"domType":	"mssDomain",
					"arch":	"32-bit",
					"appSettings":	{
						"appCompilerFlags":	"",
						"appLinkerFlags":	""
					},
					"addedLibs":	[],
					"libOptions":	{
						"libsContainingOptions":	[]
					},
					"prebuiltLibs":	{
						"prebuiltIncPath":	[],
						"prebuiltLibPath":	[]
					},
					"isolation":	{
					}
				}]
		}]
}
LOG::2021-03-21.10:34:45::SCWPlatform::Started generating the artifacts platform Hello
TRACE::2021-03-21.10:34:46::SCWPlatform::Sanity checking of platform is completed
LOG::2021-03-21.10:34:46::SCWPlatform::Started generating the artifacts for system configuration Hello
LOG::2021-03-21.10:34:46::SCWSystem::Checking the domain standalone_domain
LOG::2021-03-21.10:34:46::SCWSystem::Not a boot domain 
LOG::2021-03-21.10:34:46::SCWSystem::Started Processing the domain standalone_domain
TRACE::2021-03-21.10:34:46::SCWDomain::Generating domain artifcats
TRACE::2021-03-21.10:34:46::SCWMssOS::Generating standalone artifcats
TRACE::2021-03-21.10:34:46::SCWMssOS:: Copying the user libraries. 
TRACE::2021-03-21.10:34:46::SCWPlatform::Trying to open the hw design at F:/GitHub/Mars_AX3_PM3_Reference_Design/Workspace/Hello/hw/Mars_AX3_PM3.xsa
TRACE::2021-03-21.10:34:46::SCWPlatform::DSA given F:/GitHub/Mars_AX3_PM3_Reference_Design/Workspace/Hello/hw/Mars_AX3_PM3.xsa
TRACE::2021-03-21.10:34:46::SCWPlatform::DSA absoulate path F:/GitHub/Mars_AX3_PM3_Reference_Design/Workspace/Hello/hw/Mars_AX3_PM3.xsa
TRACE::2021-03-21.10:34:46::SCWPlatform::DSA directory F:/GitHub/Mars_AX3_PM3_Reference_Design/Workspace/Hello/hw
TRACE::2021-03-21.10:34:46::SCWPlatform:: Platform Path F:/GitHub/Mars_AX3_PM3_Reference_Design/Workspace/Hello/hw/Mars_AX3_PM3.xsa
TRACE::2021-03-21.10:34:46::SCWPlatform:: Unique name xilinx:::0.0
TRACE::2021-03-21.10:34:46::SCWPlatform::Trying to set the existing hwdb with name Mars_AX3_PM3_0
TRACE::2021-03-21.10:34:46::SCWPlatform::Opened existing hwdb Mars_AX3_PM3_0
TRACE::2021-03-21.10:34:46::SCWPlatform::Found the Hw Db part of the input DSA
TRACE::2021-03-21.10:34:46::SCWMssOS::Checking the sw design at  F:/GitHub/Mars_AX3_PM3_Reference_Design/Workspace/Hello/CPU_microblaze_CPU/standalone_domain/bsp/system.mss
TRACE::2021-03-21.10:34:46::SCWMssOS::DEBUG:  swdes dump  F:/GitHub/Mars_AX3_PM3_Reference_Design/Workspace/Hello/CPU_microblaze_CPU/standalone_domain/bsp/system.mss|system||

TRACE::2021-03-21.10:34:46::SCWMssOS::Sw design exists and opened at  F:/GitHub/Mars_AX3_PM3_Reference_Design/Workspace/Hello/CPU_microblaze_CPU/standalone_domain/bsp/system.mss
TRACE::2021-03-21.10:34:46::SCWMssOS::Completed writing the mss file at F:/GitHub/Mars_AX3_PM3_Reference_Design/Workspace/Hello/CPU_microblaze_CPU/standalone_domain/bsp
TRACE::2021-03-21.10:34:46::SCWMssOS::Mss edits present, copying mssfile into export location F:/GitHub/Mars_AX3_PM3_Reference_Design/Workspace/Hello/CPU_microblaze_CPU/standalone_domain/bsp/system.mss
TRACE::2021-03-21.10:34:46::SCWMssOS::bsp generated is upto date with the mss file. Skipping bsp generation.
TRACE::2021-03-21.10:34:46::SCWMssOS::BSP is already built. skipping the bsp build ... 
TRACE::2021-03-21.10:34:46::SCWDomain::Skipping the build for domain :  standalone_domain
TRACE::2021-03-21.10:34:46::SCWMssOS::skipping the bsp build ... 
TRACE::2021-03-21.10:34:46::SCWMssOS::Copying to export directory.
TRACE::2021-03-21.10:34:46::SCWMssOS:: Checking if to create the Supporting Applications
TRACE::2021-03-21.10:34:46::SCWMssOS:: No Linux domain exists, trying to generate FSBL 
LOG::2021-03-21.10:34:46::SCWSystem::Completed Processing the domain standalone_domain
LOG::2021-03-21.10:34:46::SCWSystem::Completed Processing the sysconfig Hello
LOG::2021-03-21.10:34:46::SCWPlatform::Completed generating the artifacts for system configuration Hello
TRACE::2021-03-21.10:34:46::SCWPlatform::Started preparing the platform 
TRACE::2021-03-21.10:34:46::SCWSystem::Writing the bif file for system config Hello
TRACE::2021-03-21.10:34:46::SCWSystem::dir created 
TRACE::2021-03-21.10:34:46::SCWSystem::Writing the bif 
TRACE::2021-03-21.10:34:46::SCWPlatform::Started writing the spfm file 
TRACE::2021-03-21.10:34:46::SCWPlatform::Started writing the xpfm file 
TRACE::2021-03-21.10:34:46::SCWPlatform::Completed generating the platform
TRACE::2021-03-21.10:34:46::SCWMssOS::Saving the mss changes F:/GitHub/Mars_AX3_PM3_Reference_Design/Workspace/Hello/CPU_microblaze_CPU/standalone_domain/bsp/system.mss
TRACE::2021-03-21.10:34:46::SCWMssOS::Found a swdesign opened with the mssfile.
TRACE::2021-03-21.10:34:46::SCWMssOS::Completed writemss as part of save.
TRACE::2021-03-21.10:34:46::SCWMssOS::Commit changes completed.
TRACE::2021-03-21.10:34:46::SCWPlatform::Trying to open the hw design at F:/GitHub/Mars_AX3_PM3_Reference_Design/Workspace/Hello/hw/Mars_AX3_PM3.xsa
TRACE::2021-03-21.10:34:46::SCWPlatform::DSA given F:/GitHub/Mars_AX3_PM3_Reference_Design/Workspace/Hello/hw/Mars_AX3_PM3.xsa
TRACE::2021-03-21.10:34:46::SCWPlatform::DSA absoulate path F:/GitHub/Mars_AX3_PM3_Reference_Design/Workspace/Hello/hw/Mars_AX3_PM3.xsa
TRACE::2021-03-21.10:34:46::SCWPlatform::DSA directory F:/GitHub/Mars_AX3_PM3_Reference_Design/Workspace/Hello/hw
TRACE::2021-03-21.10:34:46::SCWPlatform:: Platform Path F:/GitHub/Mars_AX3_PM3_Reference_Design/Workspace/Hello/hw/Mars_AX3_PM3.xsa
TRACE::2021-03-21.10:34:46::SCWPlatform:: Unique name xilinx:::0.0
TRACE::2021-03-21.10:34:46::SCWPlatform::Trying to set the existing hwdb with name Mars_AX3_PM3_0
TRACE::2021-03-21.10:34:46::SCWPlatform::Opened existing hwdb Mars_AX3_PM3_0
TRACE::2021-03-21.10:34:46::SCWPlatform::Found the Hw Db part of the input DSA
TRACE::2021-03-21.10:34:46::SCWMssOS::Checking the sw design at  F:/GitHub/Mars_AX3_PM3_Reference_Design/Workspace/Hello/CPU_microblaze_CPU/standalone_domain/bsp/system.mss
TRACE::2021-03-21.10:34:46::SCWMssOS::DEBUG:  swdes dump  F:/GitHub/Mars_AX3_PM3_Reference_Design/Workspace/Hello/CPU_microblaze_CPU/standalone_domain/bsp/system.mss|system||

TRACE::2021-03-21.10:34:46::SCWMssOS::Sw design exists and opened at  F:/GitHub/Mars_AX3_PM3_Reference_Design/Workspace/Hello/CPU_microblaze_CPU/standalone_domain/bsp/system.mss
TRACE::2021-03-21.10:34:46::SCWPlatform::Trying to open the hw design at F:/GitHub/Mars_AX3_PM3_Reference_Design/Workspace/Hello/hw/Mars_AX3_PM3.xsa
TRACE::2021-03-21.10:34:46::SCWPlatform::DSA given F:/GitHub/Mars_AX3_PM3_Reference_Design/Workspace/Hello/hw/Mars_AX3_PM3.xsa
TRACE::2021-03-21.10:34:46::SCWPlatform::DSA absoulate path F:/GitHub/Mars_AX3_PM3_Reference_Design/Workspace/Hello/hw/Mars_AX3_PM3.xsa
TRACE::2021-03-21.10:34:46::SCWPlatform::DSA directory F:/GitHub/Mars_AX3_PM3_Reference_Design/Workspace/Hello/hw
TRACE::2021-03-21.10:34:46::SCWPlatform:: Platform Path F:/GitHub/Mars_AX3_PM3_Reference_Design/Workspace/Hello/hw/Mars_AX3_PM3.xsa
TRACE::2021-03-21.10:34:46::SCWPlatform:: Unique name xilinx:::0.0
TRACE::2021-03-21.10:34:46::SCWPlatform::Trying to set the existing hwdb with name Mars_AX3_PM3_0
TRACE::2021-03-21.10:34:46::SCWPlatform::Opened existing hwdb Mars_AX3_PM3_0
TRACE::2021-03-21.10:34:46::SCWPlatform::Found the Hw Db part of the input DSA
TRACE::2021-03-21.10:34:46::SCWMssOS::Checking the sw design at  F:/GitHub/Mars_AX3_PM3_Reference_Design/Workspace/Hello/CPU_microblaze_CPU/standalone_domain/bsp/system.mss
TRACE::2021-03-21.10:34:46::SCWMssOS::DEBUG:  swdes dump  F:/GitHub/Mars_AX3_PM3_Reference_Design/Workspace/Hello/CPU_microblaze_CPU/standalone_domain/bsp/system.mss|system||

TRACE::2021-03-21.10:34:46::SCWMssOS::Sw design exists and opened at  F:/GitHub/Mars_AX3_PM3_Reference_Design/Workspace/Hello/CPU_microblaze_CPU/standalone_domain/bsp/system.mss
TRACE::2021-03-21.10:34:46::SCWPlatform::Trying to open the hw design at F:/GitHub/Mars_AX3_PM3_Reference_Design/Workspace/Hello/hw/Mars_AX3_PM3.xsa
TRACE::2021-03-21.10:34:46::SCWPlatform::DSA given F:/GitHub/Mars_AX3_PM3_Reference_Design/Workspace/Hello/hw/Mars_AX3_PM3.xsa
TRACE::2021-03-21.10:34:46::SCWPlatform::DSA absoulate path F:/GitHub/Mars_AX3_PM3_Reference_Design/Workspace/Hello/hw/Mars_AX3_PM3.xsa
TRACE::2021-03-21.10:34:46::SCWPlatform::DSA directory F:/GitHub/Mars_AX3_PM3_Reference_Design/Workspace/Hello/hw
TRACE::2021-03-21.10:34:46::SCWPlatform:: Platform Path F:/GitHub/Mars_AX3_PM3_Reference_Design/Workspace/Hello/hw/Mars_AX3_PM3.xsa
TRACE::2021-03-21.10:34:46::SCWPlatform:: Unique name xilinx:::0.0
TRACE::2021-03-21.10:34:46::SCWPlatform::Trying to set the existing hwdb with name Mars_AX3_PM3_0
TRACE::2021-03-21.10:34:46::SCWPlatform::Opened existing hwdb Mars_AX3_PM3_0
TRACE::2021-03-21.10:34:46::SCWPlatform::Found the Hw Db part of the input DSA
TRACE::2021-03-21.10:34:46::SCWMssOS::Checking the sw design at  F:/GitHub/Mars_AX3_PM3_Reference_Design/Workspace/Hello/CPU_microblaze_CPU/standalone_domain/bsp/system.mss
TRACE::2021-03-21.10:34:46::SCWMssOS::DEBUG:  swdes dump  F:/GitHub/Mars_AX3_PM3_Reference_Design/Workspace/Hello/CPU_microblaze_CPU/standalone_domain/bsp/system.mss|system||

TRACE::2021-03-21.10:34:46::SCWMssOS::Sw design exists and opened at  F:/GitHub/Mars_AX3_PM3_Reference_Design/Workspace/Hello/CPU_microblaze_CPU/standalone_domain/bsp/system.mss
TRACE::2021-03-21.10:34:46::SCWWriter::formatted JSON is {
	"platformName":	"Hello",
	"sprVersion":	"2.0",
	"mode":	"gui",
	"dsaType":	"Fixed",
	"platformDesc":	"Hello",
	"platHandOff":	"F:/GitHub/Mars_AX3_PM3_Reference_Design/Vivado/MA-AX3-100-2I-D8/Mars_AX3_PM3.xsa",
	"platIntHandOff":	"<platformDir>/hw/Mars_AX3_PM3.xsa",
	"deviceType":	"FPGA",
	"platIsPrebuiltAutogen":	"false",
	"platIsNoBootBsp":	"false",
	"hasFsblMakeHasChanges":	"false",
	"hasPmufwMakeHasChanges":	"false",
	"platPreBuiltFlag":	false,
	"platformSamplesDir":	"",
	"platActiveSys":	"Hello",
	"systems":	[{
			"systemName":	"Hello",
			"systemDesc":	"Hello",
			"sysIsBootAutoGen":	"true",
			"systemDispName":	"Hello",
			"sysActiveDom":	"standalone_domain",
			"sysDefaultDom":	"standalone_domain",
			"domains":	[{
					"domainName":	"standalone_domain",
					"domainDispName":	"standalone_domain",
					"domainDesc":	"standalone_domain",
					"processors":	"CPU_microblaze_CPU",
					"os":	"standalone",
					"sdxOs":	"standalone",
					"debugEnable":	"False",
					"domRuntimes":	["cpp"],
					"swRepo":	"",
					"mssOsVer":	"7.2",
					"mssFile":	"",
					"md5Digest":	"47452de41a14ddd06a94ad4afce5b55c",
					"compatibleApp":	"",
					"domType":	"mssDomain",
					"arch":	"32-bit",
					"appSettings":	{
						"appCompilerFlags":	"",
						"appLinkerFlags":	""
					},
					"addedLibs":	[],
					"libOptions":	{
						"libsContainingOptions":	[]
					},
					"prebuiltLibs":	{
						"prebuiltIncPath":	[],
						"prebuiltLibPath":	[]
					},
					"isolation":	{
					}
				}]
		}]
}
KEYINFO::2021-03-21.10:34:46::SCWPlatform::updated the xpfm file.
TRACE::2021-03-21.10:34:46::SCWPlatform::Trying to open the hw design at F:/GitHub/Mars_AX3_PM3_Reference_Design/Workspace/Hello/hw/Mars_AX3_PM3.xsa
TRACE::2021-03-21.10:34:46::SCWPlatform::DSA given F:/GitHub/Mars_AX3_PM3_Reference_Design/Workspace/Hello/hw/Mars_AX3_PM3.xsa
TRACE::2021-03-21.10:34:46::SCWPlatform::DSA absoulate path F:/GitHub/Mars_AX3_PM3_Reference_Design/Workspace/Hello/hw/Mars_AX3_PM3.xsa
TRACE::2021-03-21.10:34:46::SCWPlatform::DSA directory F:/GitHub/Mars_AX3_PM3_Reference_Design/Workspace/Hello/hw
TRACE::2021-03-21.10:34:46::SCWPlatform:: Platform Path F:/GitHub/Mars_AX3_PM3_Reference_Design/Workspace/Hello/hw/Mars_AX3_PM3.xsa
TRACE::2021-03-21.10:34:46::SCWPlatform:: Unique name xilinx:::0.0
TRACE::2021-03-21.10:34:46::SCWPlatform::Trying to set the existing hwdb with name Mars_AX3_PM3_0
TRACE::2021-03-21.10:34:46::SCWPlatform::Opened existing hwdb Mars_AX3_PM3_0
TRACE::2021-03-21.10:34:46::SCWPlatform::Found the Hw Db part of the input DSA
TRACE::2021-03-21.10:34:46::SCWMssOS::Checking the sw design at  F:/GitHub/Mars_AX3_PM3_Reference_Design/Workspace/Hello/CPU_microblaze_CPU/standalone_domain/bsp/system.mss
TRACE::2021-03-21.10:34:46::SCWMssOS::DEBUG:  swdes dump  F:/GitHub/Mars_AX3_PM3_Reference_Design/Workspace/Hello/CPU_microblaze_CPU/standalone_domain/bsp/system.mss|system||

TRACE::2021-03-21.10:34:46::SCWMssOS::Sw design exists and opened at  F:/GitHub/Mars_AX3_PM3_Reference_Design/Workspace/Hello/CPU_microblaze_CPU/standalone_domain/bsp/system.mss
TRACE::2021-03-21.10:34:46::SCWMssOS::Saving the mss changes F:/GitHub/Mars_AX3_PM3_Reference_Design/Workspace/Hello/CPU_microblaze_CPU/standalone_domain/bsp/system.mss
TRACE::2021-03-21.10:34:46::SCWMssOS::Found a swdesign opened with the mssfile.
TRACE::2021-03-21.10:34:46::SCWMssOS::Completed writemss as part of save.
TRACE::2021-03-21.10:34:46::SCWMssOS::Commit changes completed.
TRACE::2021-03-21.10:34:46::SCWPlatform::Trying to open the hw design at F:/GitHub/Mars_AX3_PM3_Reference_Design/Workspace/Hello/hw/Mars_AX3_PM3.xsa
TRACE::2021-03-21.10:34:46::SCWPlatform::DSA given F:/GitHub/Mars_AX3_PM3_Reference_Design/Workspace/Hello/hw/Mars_AX3_PM3.xsa
TRACE::2021-03-21.10:34:46::SCWPlatform::DSA absoulate path F:/GitHub/Mars_AX3_PM3_Reference_Design/Workspace/Hello/hw/Mars_AX3_PM3.xsa
TRACE::2021-03-21.10:34:46::SCWPlatform::DSA directory F:/GitHub/Mars_AX3_PM3_Reference_Design/Workspace/Hello/hw
TRACE::2021-03-21.10:34:46::SCWPlatform:: Platform Path F:/GitHub/Mars_AX3_PM3_Reference_Design/Workspace/Hello/hw/Mars_AX3_PM3.xsa
TRACE::2021-03-21.10:34:46::SCWPlatform:: Unique name xilinx:::0.0
TRACE::2021-03-21.10:34:46::SCWPlatform::Trying to set the existing hwdb with name Mars_AX3_PM3_0
TRACE::2021-03-21.10:34:46::SCWPlatform::Opened existing hwdb Mars_AX3_PM3_0
TRACE::2021-03-21.10:34:46::SCWPlatform::Found the Hw Db part of the input DSA
TRACE::2021-03-21.10:34:46::SCWMssOS::Checking the sw design at  F:/GitHub/Mars_AX3_PM3_Reference_Design/Workspace/Hello/CPU_microblaze_CPU/standalone_domain/bsp/system.mss
TRACE::2021-03-21.10:34:46::SCWMssOS::DEBUG:  swdes dump  F:/GitHub/Mars_AX3_PM3_Reference_Design/Workspace/Hello/CPU_microblaze_CPU/standalone_domain/bsp/system.mss|system||

TRACE::2021-03-21.10:34:46::SCWMssOS::Sw design exists and opened at  F:/GitHub/Mars_AX3_PM3_Reference_Design/Workspace/Hello/CPU_microblaze_CPU/standalone_domain/bsp/system.mss
TRACE::2021-03-21.10:34:46::SCWPlatform::Trying to open the hw design at F:/GitHub/Mars_AX3_PM3_Reference_Design/Workspace/Hello/hw/Mars_AX3_PM3.xsa
TRACE::2021-03-21.10:34:46::SCWPlatform::DSA given F:/GitHub/Mars_AX3_PM3_Reference_Design/Workspace/Hello/hw/Mars_AX3_PM3.xsa
TRACE::2021-03-21.10:34:46::SCWPlatform::DSA absoulate path F:/GitHub/Mars_AX3_PM3_Reference_Design/Workspace/Hello/hw/Mars_AX3_PM3.xsa
TRACE::2021-03-21.10:34:46::SCWPlatform::DSA directory F:/GitHub/Mars_AX3_PM3_Reference_Design/Workspace/Hello/hw
TRACE::2021-03-21.10:34:46::SCWPlatform:: Platform Path F:/GitHub/Mars_AX3_PM3_Reference_Design/Workspace/Hello/hw/Mars_AX3_PM3.xsa
TRACE::2021-03-21.10:34:46::SCWPlatform:: Unique name xilinx:::0.0
TRACE::2021-03-21.10:34:46::SCWPlatform::Trying to set the existing hwdb with name Mars_AX3_PM3_0
TRACE::2021-03-21.10:34:46::SCWPlatform::Opened existing hwdb Mars_AX3_PM3_0
TRACE::2021-03-21.10:34:46::SCWPlatform::Found the Hw Db part of the input DSA
TRACE::2021-03-21.10:34:46::SCWMssOS::Checking the sw design at  F:/GitHub/Mars_AX3_PM3_Reference_Design/Workspace/Hello/CPU_microblaze_CPU/standalone_domain/bsp/system.mss
TRACE::2021-03-21.10:34:46::SCWMssOS::DEBUG:  swdes dump  F:/GitHub/Mars_AX3_PM3_Reference_Design/Workspace/Hello/CPU_microblaze_CPU/standalone_domain/bsp/system.mss|system||

TRACE::2021-03-21.10:34:46::SCWMssOS::Sw design exists and opened at  F:/GitHub/Mars_AX3_PM3_Reference_Design/Workspace/Hello/CPU_microblaze_CPU/standalone_domain/bsp/system.mss
TRACE::2021-03-21.10:34:46::SCWPlatform::Trying to open the hw design at F:/GitHub/Mars_AX3_PM3_Reference_Design/Workspace/Hello/hw/Mars_AX3_PM3.xsa
TRACE::2021-03-21.10:34:46::SCWPlatform::DSA given F:/GitHub/Mars_AX3_PM3_Reference_Design/Workspace/Hello/hw/Mars_AX3_PM3.xsa
TRACE::2021-03-21.10:34:46::SCWPlatform::DSA absoulate path F:/GitHub/Mars_AX3_PM3_Reference_Design/Workspace/Hello/hw/Mars_AX3_PM3.xsa
TRACE::2021-03-21.10:34:46::SCWPlatform::DSA directory F:/GitHub/Mars_AX3_PM3_Reference_Design/Workspace/Hello/hw
TRACE::2021-03-21.10:34:46::SCWPlatform:: Platform Path F:/GitHub/Mars_AX3_PM3_Reference_Design/Workspace/Hello/hw/Mars_AX3_PM3.xsa
TRACE::2021-03-21.10:34:46::SCWPlatform:: Unique name xilinx:::0.0
TRACE::2021-03-21.10:34:46::SCWPlatform::Trying to set the existing hwdb with name Mars_AX3_PM3_0
TRACE::2021-03-21.10:34:46::SCWPlatform::Opened existing hwdb Mars_AX3_PM3_0
TRACE::2021-03-21.10:34:46::SCWPlatform::Found the Hw Db part of the input DSA
TRACE::2021-03-21.10:34:46::SCWMssOS::Checking the sw design at  F:/GitHub/Mars_AX3_PM3_Reference_Design/Workspace/Hello/CPU_microblaze_CPU/standalone_domain/bsp/system.mss
TRACE::2021-03-21.10:34:46::SCWMssOS::DEBUG:  swdes dump  F:/GitHub/Mars_AX3_PM3_Reference_Design/Workspace/Hello/CPU_microblaze_CPU/standalone_domain/bsp/system.mss|system||

TRACE::2021-03-21.10:34:46::SCWMssOS::Sw design exists and opened at  F:/GitHub/Mars_AX3_PM3_Reference_Design/Workspace/Hello/CPU_microblaze_CPU/standalone_domain/bsp/system.mss
TRACE::2021-03-21.10:34:46::SCWWriter::formatted JSON is {
	"platformName":	"Hello",
	"sprVersion":	"2.0",
	"mode":	"gui",
	"dsaType":	"Fixed",
	"platformDesc":	"Hello",
	"platHandOff":	"F:/GitHub/Mars_AX3_PM3_Reference_Design/Vivado/MA-AX3-100-2I-D8/Mars_AX3_PM3.xsa",
	"platIntHandOff":	"<platformDir>/hw/Mars_AX3_PM3.xsa",
	"deviceType":	"FPGA",
	"platIsPrebuiltAutogen":	"false",
	"platIsNoBootBsp":	"false",
	"hasFsblMakeHasChanges":	"false",
	"hasPmufwMakeHasChanges":	"false",
	"platPreBuiltFlag":	false,
	"platformSamplesDir":	"",
	"platActiveSys":	"Hello",
	"systems":	[{
			"systemName":	"Hello",
			"systemDesc":	"Hello",
			"sysIsBootAutoGen":	"true",
			"systemDispName":	"Hello",
			"sysActiveDom":	"standalone_domain",
			"sysDefaultDom":	"standalone_domain",
			"domains":	[{
					"domainName":	"standalone_domain",
					"domainDispName":	"standalone_domain",
					"domainDesc":	"standalone_domain",
					"processors":	"CPU_microblaze_CPU",
					"os":	"standalone",
					"sdxOs":	"standalone",
					"debugEnable":	"False",
					"domRuntimes":	["cpp"],
					"swRepo":	"",
					"mssOsVer":	"7.2",
					"mssFile":	"",
					"md5Digest":	"47452de41a14ddd06a94ad4afce5b55c",
					"compatibleApp":	"",
					"domType":	"mssDomain",
					"arch":	"32-bit",
					"appSettings":	{
						"appCompilerFlags":	"",
						"appLinkerFlags":	""
					},
					"addedLibs":	[],
					"libOptions":	{
						"libsContainingOptions":	[]
					},
					"prebuiltLibs":	{
						"prebuiltIncPath":	[],
						"prebuiltLibPath":	[]
					},
					"isolation":	{
					}
				}]
		}]
}
TRACE::2021-03-21.10:34:46::SCWPlatform::Trying to open the hw design at F:/GitHub/Mars_AX3_PM3_Reference_Design/Workspace/Hello/hw/Mars_AX3_PM3.xsa
TRACE::2021-03-21.10:34:46::SCWPlatform::DSA given F:/GitHub/Mars_AX3_PM3_Reference_Design/Workspace/Hello/hw/Mars_AX3_PM3.xsa
TRACE::2021-03-21.10:34:46::SCWPlatform::DSA absoulate path F:/GitHub/Mars_AX3_PM3_Reference_Design/Workspace/Hello/hw/Mars_AX3_PM3.xsa
TRACE::2021-03-21.10:34:46::SCWPlatform::DSA directory F:/GitHub/Mars_AX3_PM3_Reference_Design/Workspace/Hello/hw
TRACE::2021-03-21.10:34:46::SCWPlatform:: Platform Path F:/GitHub/Mars_AX3_PM3_Reference_Design/Workspace/Hello/hw/Mars_AX3_PM3.xsa
TRACE::2021-03-21.10:34:46::SCWPlatform:: Unique name xilinx:::0.0
TRACE::2021-03-21.10:34:46::SCWPlatform::Trying to set the existing hwdb with name Mars_AX3_PM3_0
TRACE::2021-03-21.10:34:46::SCWPlatform::Opened existing hwdb Mars_AX3_PM3_0
TRACE::2021-03-21.10:34:46::SCWPlatform::Found the Hw Db part of the input DSA
TRACE::2021-03-21.10:34:46::SCWMssOS::Checking the sw design at  F:/GitHub/Mars_AX3_PM3_Reference_Design/Workspace/Hello/CPU_microblaze_CPU/standalone_domain/bsp/system.mss
TRACE::2021-03-21.10:34:46::SCWMssOS::DEBUG:  swdes dump  F:/GitHub/Mars_AX3_PM3_Reference_Design/Workspace/Hello/CPU_microblaze_CPU/standalone_domain/bsp/system.mss|system||

TRACE::2021-03-21.10:34:46::SCWMssOS::Sw design exists and opened at  F:/GitHub/Mars_AX3_PM3_Reference_Design/Workspace/Hello/CPU_microblaze_CPU/standalone_domain/bsp/system.mss
TRACE::2021-03-21.10:34:46::SCWPlatform::Trying to open the hw design at F:/GitHub/Mars_AX3_PM3_Reference_Design/Workspace/Hello/hw/Mars_AX3_PM3.xsa
TRACE::2021-03-21.10:34:46::SCWPlatform::DSA given F:/GitHub/Mars_AX3_PM3_Reference_Design/Workspace/Hello/hw/Mars_AX3_PM3.xsa
TRACE::2021-03-21.10:34:46::SCWPlatform::DSA absoulate path F:/GitHub/Mars_AX3_PM3_Reference_Design/Workspace/Hello/hw/Mars_AX3_PM3.xsa
TRACE::2021-03-21.10:34:46::SCWPlatform::DSA directory F:/GitHub/Mars_AX3_PM3_Reference_Design/Workspace/Hello/hw
TRACE::2021-03-21.10:34:46::SCWPlatform:: Platform Path F:/GitHub/Mars_AX3_PM3_Reference_Design/Workspace/Hello/hw/Mars_AX3_PM3.xsa
TRACE::2021-03-21.10:34:46::SCWPlatform:: Unique name xilinx:::0.0
TRACE::2021-03-21.10:34:46::SCWPlatform::Trying to set the existing hwdb with name Mars_AX3_PM3_0
TRACE::2021-03-21.10:34:46::SCWPlatform::Opened existing hwdb Mars_AX3_PM3_0
TRACE::2021-03-21.10:34:46::SCWPlatform::Found the Hw Db part of the input DSA
TRACE::2021-03-21.10:34:46::SCWMssOS::Checking the sw design at  F:/GitHub/Mars_AX3_PM3_Reference_Design/Workspace/Hello/CPU_microblaze_CPU/standalone_domain/bsp/system.mss
TRACE::2021-03-21.10:34:46::SCWMssOS::DEBUG:  swdes dump  F:/GitHub/Mars_AX3_PM3_Reference_Design/Workspace/Hello/CPU_microblaze_CPU/standalone_domain/bsp/system.mss|system||

TRACE::2021-03-21.10:34:46::SCWMssOS::Sw design exists and opened at  F:/GitHub/Mars_AX3_PM3_Reference_Design/Workspace/Hello/CPU_microblaze_CPU/standalone_domain/bsp/system.mss
TRACE::2021-03-21.10:34:46::SCWPlatform::Trying to open the hw design at F:/GitHub/Mars_AX3_PM3_Reference_Design/Workspace/Hello/hw/Mars_AX3_PM3.xsa
TRACE::2021-03-21.10:34:46::SCWPlatform::DSA given F:/GitHub/Mars_AX3_PM3_Reference_Design/Workspace/Hello/hw/Mars_AX3_PM3.xsa
TRACE::2021-03-21.10:34:46::SCWPlatform::DSA absoulate path F:/GitHub/Mars_AX3_PM3_Reference_Design/Workspace/Hello/hw/Mars_AX3_PM3.xsa
TRACE::2021-03-21.10:34:46::SCWPlatform::DSA directory F:/GitHub/Mars_AX3_PM3_Reference_Design/Workspace/Hello/hw
TRACE::2021-03-21.10:34:46::SCWPlatform:: Platform Path F:/GitHub/Mars_AX3_PM3_Reference_Design/Workspace/Hello/hw/Mars_AX3_PM3.xsa
TRACE::2021-03-21.10:34:46::SCWPlatform:: Unique name xilinx:::0.0
TRACE::2021-03-21.10:34:46::SCWPlatform::Trying to set the existing hwdb with name Mars_AX3_PM3_0
TRACE::2021-03-21.10:34:46::SCWPlatform::Opened existing hwdb Mars_AX3_PM3_0
TRACE::2021-03-21.10:34:46::SCWPlatform::Found the Hw Db part of the input DSA
TRACE::2021-03-21.10:34:46::SCWMssOS::Checking the sw design at  F:/GitHub/Mars_AX3_PM3_Reference_Design/Workspace/Hello/CPU_microblaze_CPU/standalone_domain/bsp/system.mss
TRACE::2021-03-21.10:34:46::SCWMssOS::DEBUG:  swdes dump  F:/GitHub/Mars_AX3_PM3_Reference_Design/Workspace/Hello/CPU_microblaze_CPU/standalone_domain/bsp/system.mss|system||

TRACE::2021-03-21.10:34:46::SCWMssOS::Sw design exists and opened at  F:/GitHub/Mars_AX3_PM3_Reference_Design/Workspace/Hello/CPU_microblaze_CPU/standalone_domain/bsp/system.mss
TRACE::2021-03-21.10:34:46::SCWMssOS::Saving the mss changes F:/GitHub/Mars_AX3_PM3_Reference_Design/Workspace/Hello/CPU_microblaze_CPU/standalone_domain/bsp/system.mss
TRACE::2021-03-21.10:34:46::SCWMssOS::Found a swdesign opened with the mssfile.
TRACE::2021-03-21.10:34:46::SCWMssOS::Completed writemss as part of save.
TRACE::2021-03-21.10:34:46::SCWMssOS::Commit changes completed.
TRACE::2021-03-21.10:34:46::SCWPlatform::Trying to open the hw design at F:/GitHub/Mars_AX3_PM3_Reference_Design/Workspace/Hello/hw/Mars_AX3_PM3.xsa
TRACE::2021-03-21.10:34:46::SCWPlatform::DSA given F:/GitHub/Mars_AX3_PM3_Reference_Design/Workspace/Hello/hw/Mars_AX3_PM3.xsa
TRACE::2021-03-21.10:34:46::SCWPlatform::DSA absoulate path F:/GitHub/Mars_AX3_PM3_Reference_Design/Workspace/Hello/hw/Mars_AX3_PM3.xsa
TRACE::2021-03-21.10:34:46::SCWPlatform::DSA directory F:/GitHub/Mars_AX3_PM3_Reference_Design/Workspace/Hello/hw
TRACE::2021-03-21.10:34:46::SCWPlatform:: Platform Path F:/GitHub/Mars_AX3_PM3_Reference_Design/Workspace/Hello/hw/Mars_AX3_PM3.xsa
TRACE::2021-03-21.10:34:46::SCWPlatform:: Unique name xilinx:::0.0
TRACE::2021-03-21.10:34:46::SCWPlatform::Trying to set the existing hwdb with name Mars_AX3_PM3_0
TRACE::2021-03-21.10:34:46::SCWPlatform::Opened existing hwdb Mars_AX3_PM3_0
TRACE::2021-03-21.10:34:46::SCWPlatform::Found the Hw Db part of the input DSA
TRACE::2021-03-21.10:34:46::SCWMssOS::Checking the sw design at  F:/GitHub/Mars_AX3_PM3_Reference_Design/Workspace/Hello/CPU_microblaze_CPU/standalone_domain/bsp/system.mss
TRACE::2021-03-21.10:34:46::SCWMssOS::DEBUG:  swdes dump  F:/GitHub/Mars_AX3_PM3_Reference_Design/Workspace/Hello/CPU_microblaze_CPU/standalone_domain/bsp/system.mss|system||

TRACE::2021-03-21.10:34:46::SCWMssOS::Sw design exists and opened at  F:/GitHub/Mars_AX3_PM3_Reference_Design/Workspace/Hello/CPU_microblaze_CPU/standalone_domain/bsp/system.mss
TRACE::2021-03-21.10:34:46::SCWPlatform::Trying to open the hw design at F:/GitHub/Mars_AX3_PM3_Reference_Design/Workspace/Hello/hw/Mars_AX3_PM3.xsa
TRACE::2021-03-21.10:34:46::SCWPlatform::DSA given F:/GitHub/Mars_AX3_PM3_Reference_Design/Workspace/Hello/hw/Mars_AX3_PM3.xsa
TRACE::2021-03-21.10:34:46::SCWPlatform::DSA absoulate path F:/GitHub/Mars_AX3_PM3_Reference_Design/Workspace/Hello/hw/Mars_AX3_PM3.xsa
TRACE::2021-03-21.10:34:46::SCWPlatform::DSA directory F:/GitHub/Mars_AX3_PM3_Reference_Design/Workspace/Hello/hw
TRACE::2021-03-21.10:34:47::SCWPlatform:: Platform Path F:/GitHub/Mars_AX3_PM3_Reference_Design/Workspace/Hello/hw/Mars_AX3_PM3.xsa
TRACE::2021-03-21.10:34:47::SCWPlatform:: Unique name xilinx:::0.0
TRACE::2021-03-21.10:34:47::SCWPlatform::Trying to set the existing hwdb with name Mars_AX3_PM3_0
TRACE::2021-03-21.10:34:47::SCWPlatform::Opened existing hwdb Mars_AX3_PM3_0
TRACE::2021-03-21.10:34:47::SCWPlatform::Found the Hw Db part of the input DSA
TRACE::2021-03-21.10:34:47::SCWMssOS::Checking the sw design at  F:/GitHub/Mars_AX3_PM3_Reference_Design/Workspace/Hello/CPU_microblaze_CPU/standalone_domain/bsp/system.mss
TRACE::2021-03-21.10:34:47::SCWMssOS::DEBUG:  swdes dump  F:/GitHub/Mars_AX3_PM3_Reference_Design/Workspace/Hello/CPU_microblaze_CPU/standalone_domain/bsp/system.mss|system||

TRACE::2021-03-21.10:34:47::SCWMssOS::Sw design exists and opened at  F:/GitHub/Mars_AX3_PM3_Reference_Design/Workspace/Hello/CPU_microblaze_CPU/standalone_domain/bsp/system.mss
TRACE::2021-03-21.10:34:47::SCWPlatform::Trying to open the hw design at F:/GitHub/Mars_AX3_PM3_Reference_Design/Workspace/Hello/hw/Mars_AX3_PM3.xsa
TRACE::2021-03-21.10:34:47::SCWPlatform::DSA given F:/GitHub/Mars_AX3_PM3_Reference_Design/Workspace/Hello/hw/Mars_AX3_PM3.xsa
TRACE::2021-03-21.10:34:47::SCWPlatform::DSA absoulate path F:/GitHub/Mars_AX3_PM3_Reference_Design/Workspace/Hello/hw/Mars_AX3_PM3.xsa
TRACE::2021-03-21.10:34:47::SCWPlatform::DSA directory F:/GitHub/Mars_AX3_PM3_Reference_Design/Workspace/Hello/hw
TRACE::2021-03-21.10:34:47::SCWPlatform:: Platform Path F:/GitHub/Mars_AX3_PM3_Reference_Design/Workspace/Hello/hw/Mars_AX3_PM3.xsa
TRACE::2021-03-21.10:34:47::SCWPlatform:: Unique name xilinx:::0.0
TRACE::2021-03-21.10:34:47::SCWPlatform::Trying to set the existing hwdb with name Mars_AX3_PM3_0
TRACE::2021-03-21.10:34:47::SCWPlatform::Opened existing hwdb Mars_AX3_PM3_0
TRACE::2021-03-21.10:34:47::SCWPlatform::Found the Hw Db part of the input DSA
TRACE::2021-03-21.10:34:47::SCWMssOS::Checking the sw design at  F:/GitHub/Mars_AX3_PM3_Reference_Design/Workspace/Hello/CPU_microblaze_CPU/standalone_domain/bsp/system.mss
TRACE::2021-03-21.10:34:47::SCWMssOS::DEBUG:  swdes dump  F:/GitHub/Mars_AX3_PM3_Reference_Design/Workspace/Hello/CPU_microblaze_CPU/standalone_domain/bsp/system.mss|system||

TRACE::2021-03-21.10:34:47::SCWMssOS::Sw design exists and opened at  F:/GitHub/Mars_AX3_PM3_Reference_Design/Workspace/Hello/CPU_microblaze_CPU/standalone_domain/bsp/system.mss
TRACE::2021-03-21.10:34:47::SCWWriter::formatted JSON is {
	"platformName":	"Hello",
	"sprVersion":	"2.0",
	"mode":	"gui",
	"dsaType":	"Fixed",
	"platformDesc":	"Hello",
	"platHandOff":	"F:/GitHub/Mars_AX3_PM3_Reference_Design/Vivado/MA-AX3-100-2I-D8/Mars_AX3_PM3.xsa",
	"platIntHandOff":	"<platformDir>/hw/Mars_AX3_PM3.xsa",
	"deviceType":	"FPGA",
	"platIsPrebuiltAutogen":	"false",
	"platIsNoBootBsp":	"false",
	"hasFsblMakeHasChanges":	"false",
	"hasPmufwMakeHasChanges":	"false",
	"platPreBuiltFlag":	false,
	"platformSamplesDir":	"",
	"platActiveSys":	"Hello",
	"systems":	[{
			"systemName":	"Hello",
			"systemDesc":	"Hello",
			"sysIsBootAutoGen":	"true",
			"systemDispName":	"Hello",
			"sysActiveDom":	"standalone_domain",
			"sysDefaultDom":	"standalone_domain",
			"domains":	[{
					"domainName":	"standalone_domain",
					"domainDispName":	"standalone on CPU_microblaze_CPU",
					"domainDesc":	"standalone_domain",
					"processors":	"CPU_microblaze_CPU",
					"os":	"standalone",
					"sdxOs":	"standalone",
					"debugEnable":	"False",
					"domRuntimes":	["cpp"],
					"swRepo":	"",
					"mssOsVer":	"7.2",
					"mssFile":	"",
					"md5Digest":	"47452de41a14ddd06a94ad4afce5b55c",
					"compatibleApp":	"",
					"domType":	"mssDomain",
					"arch":	"32-bit",
					"appSettings":	{
						"appCompilerFlags":	"",
						"appLinkerFlags":	""
					},
					"addedLibs":	[],
					"libOptions":	{
						"libsContainingOptions":	[]
					},
					"prebuiltLibs":	{
						"prebuiltIncPath":	[],
						"prebuiltLibPath":	[]
					},
					"isolation":	{
					}
				}]
		}]
}
TRACE::2021-03-21.10:34:47::SCWMssOS::Saving the mss changes F:/GitHub/Mars_AX3_PM3_Reference_Design/Workspace/Hello/CPU_microblaze_CPU/standalone_domain/bsp/system.mss
TRACE::2021-03-21.10:34:47::SCWMssOS::Found a swdesign opened with the mssfile.
TRACE::2021-03-21.10:34:47::SCWMssOS::Completed writemss as part of save.
TRACE::2021-03-21.10:34:47::SCWMssOS::Commit changes completed.
TRACE::2021-03-21.10:34:47::SCWPlatform::Trying to open the hw design at F:/GitHub/Mars_AX3_PM3_Reference_Design/Workspace/Hello/hw/Mars_AX3_PM3.xsa
TRACE::2021-03-21.10:34:47::SCWPlatform::DSA given F:/GitHub/Mars_AX3_PM3_Reference_Design/Workspace/Hello/hw/Mars_AX3_PM3.xsa
TRACE::2021-03-21.10:34:47::SCWPlatform::DSA absoulate path F:/GitHub/Mars_AX3_PM3_Reference_Design/Workspace/Hello/hw/Mars_AX3_PM3.xsa
TRACE::2021-03-21.10:34:47::SCWPlatform::DSA directory F:/GitHub/Mars_AX3_PM3_Reference_Design/Workspace/Hello/hw
TRACE::2021-03-21.10:34:47::SCWPlatform:: Platform Path F:/GitHub/Mars_AX3_PM3_Reference_Design/Workspace/Hello/hw/Mars_AX3_PM3.xsa
TRACE::2021-03-21.10:34:47::SCWPlatform:: Unique name xilinx:::0.0
TRACE::2021-03-21.10:34:47::SCWPlatform::Trying to set the existing hwdb with name Mars_AX3_PM3_0
TRACE::2021-03-21.10:34:47::SCWPlatform::Opened existing hwdb Mars_AX3_PM3_0
TRACE::2021-03-21.10:34:47::SCWPlatform::Found the Hw Db part of the input DSA
TRACE::2021-03-21.10:34:47::SCWMssOS::Checking the sw design at  F:/GitHub/Mars_AX3_PM3_Reference_Design/Workspace/Hello/CPU_microblaze_CPU/standalone_domain/bsp/system.mss
TRACE::2021-03-21.10:34:47::SCWMssOS::DEBUG:  swdes dump  F:/GitHub/Mars_AX3_PM3_Reference_Design/Workspace/Hello/CPU_microblaze_CPU/standalone_domain/bsp/system.mss|system||

TRACE::2021-03-21.10:34:47::SCWMssOS::Sw design exists and opened at  F:/GitHub/Mars_AX3_PM3_Reference_Design/Workspace/Hello/CPU_microblaze_CPU/standalone_domain/bsp/system.mss
TRACE::2021-03-21.10:34:47::SCWPlatform::Trying to open the hw design at F:/GitHub/Mars_AX3_PM3_Reference_Design/Workspace/Hello/hw/Mars_AX3_PM3.xsa
TRACE::2021-03-21.10:34:47::SCWPlatform::DSA given F:/GitHub/Mars_AX3_PM3_Reference_Design/Workspace/Hello/hw/Mars_AX3_PM3.xsa
TRACE::2021-03-21.10:34:47::SCWPlatform::DSA absoulate path F:/GitHub/Mars_AX3_PM3_Reference_Design/Workspace/Hello/hw/Mars_AX3_PM3.xsa
TRACE::2021-03-21.10:34:47::SCWPlatform::DSA directory F:/GitHub/Mars_AX3_PM3_Reference_Design/Workspace/Hello/hw
TRACE::2021-03-21.10:34:47::SCWPlatform:: Platform Path F:/GitHub/Mars_AX3_PM3_Reference_Design/Workspace/Hello/hw/Mars_AX3_PM3.xsa
TRACE::2021-03-21.10:34:47::SCWPlatform:: Unique name xilinx:::0.0
TRACE::2021-03-21.10:34:47::SCWPlatform::Trying to set the existing hwdb with name Mars_AX3_PM3_0
TRACE::2021-03-21.10:34:47::SCWPlatform::Opened existing hwdb Mars_AX3_PM3_0
TRACE::2021-03-21.10:34:47::SCWPlatform::Found the Hw Db part of the input DSA
TRACE::2021-03-21.10:34:47::SCWMssOS::Checking the sw design at  F:/GitHub/Mars_AX3_PM3_Reference_Design/Workspace/Hello/CPU_microblaze_CPU/standalone_domain/bsp/system.mss
TRACE::2021-03-21.10:34:47::SCWMssOS::DEBUG:  swdes dump  F:/GitHub/Mars_AX3_PM3_Reference_Design/Workspace/Hello/CPU_microblaze_CPU/standalone_domain/bsp/system.mss|system||

TRACE::2021-03-21.10:34:47::SCWMssOS::Sw design exists and opened at  F:/GitHub/Mars_AX3_PM3_Reference_Design/Workspace/Hello/CPU_microblaze_CPU/standalone_domain/bsp/system.mss
TRACE::2021-03-21.10:34:47::SCWPlatform::Trying to open the hw design at F:/GitHub/Mars_AX3_PM3_Reference_Design/Workspace/Hello/hw/Mars_AX3_PM3.xsa
TRACE::2021-03-21.10:34:47::SCWPlatform::DSA given F:/GitHub/Mars_AX3_PM3_Reference_Design/Workspace/Hello/hw/Mars_AX3_PM3.xsa
TRACE::2021-03-21.10:34:47::SCWPlatform::DSA absoulate path F:/GitHub/Mars_AX3_PM3_Reference_Design/Workspace/Hello/hw/Mars_AX3_PM3.xsa
TRACE::2021-03-21.10:34:47::SCWPlatform::DSA directory F:/GitHub/Mars_AX3_PM3_Reference_Design/Workspace/Hello/hw
TRACE::2021-03-21.10:34:47::SCWPlatform:: Platform Path F:/GitHub/Mars_AX3_PM3_Reference_Design/Workspace/Hello/hw/Mars_AX3_PM3.xsa
TRACE::2021-03-21.10:34:47::SCWPlatform:: Unique name xilinx:::0.0
TRACE::2021-03-21.10:34:47::SCWPlatform::Trying to set the existing hwdb with name Mars_AX3_PM3_0
TRACE::2021-03-21.10:34:47::SCWPlatform::Opened existing hwdb Mars_AX3_PM3_0
TRACE::2021-03-21.10:34:47::SCWPlatform::Found the Hw Db part of the input DSA
TRACE::2021-03-21.10:34:47::SCWMssOS::Checking the sw design at  F:/GitHub/Mars_AX3_PM3_Reference_Design/Workspace/Hello/CPU_microblaze_CPU/standalone_domain/bsp/system.mss
TRACE::2021-03-21.10:34:47::SCWMssOS::DEBUG:  swdes dump  F:/GitHub/Mars_AX3_PM3_Reference_Design/Workspace/Hello/CPU_microblaze_CPU/standalone_domain/bsp/system.mss|system||

TRACE::2021-03-21.10:34:47::SCWMssOS::Sw design exists and opened at  F:/GitHub/Mars_AX3_PM3_Reference_Design/Workspace/Hello/CPU_microblaze_CPU/standalone_domain/bsp/system.mss
TRACE::2021-03-21.10:34:47::SCWWriter::formatted JSON is {
	"platformName":	"Hello",
	"sprVersion":	"2.0",
	"mode":	"gui",
	"dsaType":	"Fixed",
	"platformDesc":	"Hello",
	"platHandOff":	"F:/GitHub/Mars_AX3_PM3_Reference_Design/Vivado/MA-AX3-100-2I-D8/Mars_AX3_PM3.xsa",
	"platIntHandOff":	"<platformDir>/hw/Mars_AX3_PM3.xsa",
	"deviceType":	"FPGA",
	"platIsPrebuiltAutogen":	"false",
	"platIsNoBootBsp":	"false",
	"hasFsblMakeHasChanges":	"false",
	"hasPmufwMakeHasChanges":	"false",
	"platPreBuiltFlag":	false,
	"platformSamplesDir":	"",
	"platActiveSys":	"Hello",
	"systems":	[{
			"systemName":	"Hello",
			"systemDesc":	"Hello",
			"sysIsBootAutoGen":	"true",
			"systemDispName":	"Hello",
			"sysActiveDom":	"standalone_domain",
			"sysDefaultDom":	"standalone_domain",
			"domains":	[{
					"domainName":	"standalone_domain",
					"domainDispName":	"standalone on CPU_microblaze_CPU",
					"domainDesc":	"standalone_domain",
					"processors":	"CPU_microblaze_CPU",
					"os":	"standalone",
					"sdxOs":	"standalone",
					"debugEnable":	"False",
					"domRuntimes":	["cpp"],
					"swRepo":	"",
					"mssOsVer":	"7.2",
					"mssFile":	"",
					"md5Digest":	"47452de41a14ddd06a94ad4afce5b55c",
					"compatibleApp":	"",
					"domType":	"mssDomain",
					"arch":	"32-bit",
					"appSettings":	{
						"appCompilerFlags":	"",
						"appLinkerFlags":	""
					},
					"addedLibs":	[],
					"libOptions":	{
						"libsContainingOptions":	[]
					},
					"prebuiltLibs":	{
						"prebuiltIncPath":	[],
						"prebuiltLibPath":	[]
					},
					"isolation":	{
					}
				}]
		}]
}
TRACE::2021-03-21.10:34:47::SCWPlatform::Clearing the existing platform
TRACE::2021-03-21.10:34:47::SCWSystem::Clearing the existing sysconfig
TRACE::2021-03-21.10:34:47::SCWMssOS::Removing the swdes entry for  F:/GitHub/Mars_AX3_PM3_Reference_Design/Workspace/Hello/CPU_microblaze_CPU/standalone_domain/bsp/system.mss
TRACE::2021-03-21.10:34:47::SCWSystem::Clearing the domains completed.
TRACE::2021-03-21.10:34:47::SCWPlatform::Clearing the opened hw db.
TRACE::2021-03-21.10:34:47::SCWPlatform::DSA given F:/GitHub/Mars_AX3_PM3_Reference_Design/Workspace/Hello/hw/Mars_AX3_PM3.xsa
TRACE::2021-03-21.10:34:47::SCWPlatform::DSA absoulate path F:/GitHub/Mars_AX3_PM3_Reference_Design/Workspace/Hello/hw/Mars_AX3_PM3.xsa
TRACE::2021-03-21.10:34:47::SCWPlatform:: Platform location is F:/GitHub/Mars_AX3_PM3_Reference_Design/Workspace/Hello/hw
TRACE::2021-03-21.10:34:47::SCWPlatform:: Platform Path F:/GitHub/Mars_AX3_PM3_Reference_Design/Workspace/Hello/hw/Mars_AX3_PM3.xsa
TRACE::2021-03-21.10:34:47::SCWPlatform:: Unique name xilinx:::0.0
TRACE::2021-03-21.10:34:47::SCWPlatform::Removing the HwDB with name F:/GitHub/Mars_AX3_PM3_Reference_Design/Workspace/Hello/hw/Mars_AX3_PM3.xsa
TRACE::2021-03-21.10:34:47::SCWPlatform::Trying to open the hw design at F:/GitHub/Mars_AX3_PM3_Reference_Design/Workspace/Hello/hw/Mars_AX3_PM3.xsa
TRACE::2021-03-21.10:34:47::SCWPlatform::DSA given F:/GitHub/Mars_AX3_PM3_Reference_Design/Workspace/Hello/hw/Mars_AX3_PM3.xsa
TRACE::2021-03-21.10:34:47::SCWPlatform::DSA absoulate path F:/GitHub/Mars_AX3_PM3_Reference_Design/Workspace/Hello/hw/Mars_AX3_PM3.xsa
TRACE::2021-03-21.10:34:47::SCWPlatform::DSA directory F:/GitHub/Mars_AX3_PM3_Reference_Design/Workspace/Hello/hw
TRACE::2021-03-21.10:34:47::SCWPlatform:: Platform Path F:/GitHub/Mars_AX3_PM3_Reference_Design/Workspace/Hello/hw/Mars_AX3_PM3.xsa
TRACE::2021-03-21.10:34:47::SCWPlatform:: Unique name xilinx:::0.0
TRACE::2021-03-21.10:34:47::SCWPlatform::Do not have an existing db opened. 
TRACE::2021-03-21.10:34:47::SCWPlatform::Opened new HwDB with name Mars_AX3_PM3_1
TRACE::2021-03-21.10:34:47::SCWReader::Active system found as  Hello
TRACE::2021-03-21.10:34:47::SCWReader::Handling sysconfig Hello
TRACE::2021-03-21.10:34:47::SCWDomain::checking for install qemu data   : 
TRACE::2021-03-21.10:34:47::SCWPlatform::Trying to open the hw design at F:/GitHub/Mars_AX3_PM3_Reference_Design/Workspace/Hello/hw/Mars_AX3_PM3.xsa
TRACE::2021-03-21.10:34:47::SCWPlatform::DSA given F:/GitHub/Mars_AX3_PM3_Reference_Design/Workspace/Hello/hw/Mars_AX3_PM3.xsa
TRACE::2021-03-21.10:34:47::SCWPlatform::DSA absoulate path F:/GitHub/Mars_AX3_PM3_Reference_Design/Workspace/Hello/hw/Mars_AX3_PM3.xsa
TRACE::2021-03-21.10:34:47::SCWPlatform::DSA directory F:/GitHub/Mars_AX3_PM3_Reference_Design/Workspace/Hello/hw
TRACE::2021-03-21.10:34:47::SCWPlatform:: Platform Path F:/GitHub/Mars_AX3_PM3_Reference_Design/Workspace/Hello/hw/Mars_AX3_PM3.xsa
TRACE::2021-03-21.10:34:47::SCWPlatform:: Unique name xilinx:::0.0
TRACE::2021-03-21.10:34:47::SCWPlatform::Trying to set the existing hwdb with name Mars_AX3_PM3_1
TRACE::2021-03-21.10:34:47::SCWPlatform::Opened existing hwdb Mars_AX3_PM3_1
TRACE::2021-03-21.10:34:47::SCWPlatform::Found the Hw Db part of the input DSA
TRACE::2021-03-21.10:34:47::SCWPlatform::Trying to open the hw design at F:/GitHub/Mars_AX3_PM3_Reference_Design/Workspace/Hello/hw/Mars_AX3_PM3.xsa
TRACE::2021-03-21.10:34:47::SCWPlatform::DSA given F:/GitHub/Mars_AX3_PM3_Reference_Design/Workspace/Hello/hw/Mars_AX3_PM3.xsa
TRACE::2021-03-21.10:34:47::SCWPlatform::DSA absoulate path F:/GitHub/Mars_AX3_PM3_Reference_Design/Workspace/Hello/hw/Mars_AX3_PM3.xsa
TRACE::2021-03-21.10:34:47::SCWPlatform::DSA directory F:/GitHub/Mars_AX3_PM3_Reference_Design/Workspace/Hello/hw
TRACE::2021-03-21.10:34:47::SCWPlatform:: Platform Path F:/GitHub/Mars_AX3_PM3_Reference_Design/Workspace/Hello/hw/Mars_AX3_PM3.xsa
TRACE::2021-03-21.10:34:47::SCWPlatform:: Unique name xilinx:::0.0
TRACE::2021-03-21.10:34:47::SCWPlatform::Trying to set the existing hwdb with name Mars_AX3_PM3_1
TRACE::2021-03-21.10:34:47::SCWPlatform::Opened existing hwdb Mars_AX3_PM3_1
TRACE::2021-03-21.10:34:47::SCWPlatform::Found the Hw Db part of the input DSA
TRACE::2021-03-21.10:34:47::SCWPlatform::Trying to open the hw design at F:/GitHub/Mars_AX3_PM3_Reference_Design/Workspace/Hello/hw/Mars_AX3_PM3.xsa
TRACE::2021-03-21.10:34:47::SCWPlatform::DSA given F:/GitHub/Mars_AX3_PM3_Reference_Design/Workspace/Hello/hw/Mars_AX3_PM3.xsa
TRACE::2021-03-21.10:34:47::SCWPlatform::DSA absoulate path F:/GitHub/Mars_AX3_PM3_Reference_Design/Workspace/Hello/hw/Mars_AX3_PM3.xsa
TRACE::2021-03-21.10:34:47::SCWPlatform::DSA directory F:/GitHub/Mars_AX3_PM3_Reference_Design/Workspace/Hello/hw
TRACE::2021-03-21.10:34:47::SCWPlatform:: Platform Path F:/GitHub/Mars_AX3_PM3_Reference_Design/Workspace/Hello/hw/Mars_AX3_PM3.xsa
TRACE::2021-03-21.10:34:47::SCWPlatform:: Unique name xilinx:::0.0
TRACE::2021-03-21.10:34:47::SCWPlatform::Trying to set the existing hwdb with name Mars_AX3_PM3_1
TRACE::2021-03-21.10:34:47::SCWPlatform::Opened existing hwdb Mars_AX3_PM3_1
TRACE::2021-03-21.10:34:47::SCWPlatform::Found the Hw Db part of the input DSA
TRACE::2021-03-21.10:34:47::SCWPlatform::Trying to open the hw design at F:/GitHub/Mars_AX3_PM3_Reference_Design/Workspace/Hello/hw/Mars_AX3_PM3.xsa
TRACE::2021-03-21.10:34:47::SCWPlatform::DSA given F:/GitHub/Mars_AX3_PM3_Reference_Design/Workspace/Hello/hw/Mars_AX3_PM3.xsa
TRACE::2021-03-21.10:34:47::SCWPlatform::DSA absoulate path F:/GitHub/Mars_AX3_PM3_Reference_Design/Workspace/Hello/hw/Mars_AX3_PM3.xsa
TRACE::2021-03-21.10:34:47::SCWPlatform::DSA directory F:/GitHub/Mars_AX3_PM3_Reference_Design/Workspace/Hello/hw
TRACE::2021-03-21.10:34:47::SCWPlatform:: Platform Path F:/GitHub/Mars_AX3_PM3_Reference_Design/Workspace/Hello/hw/Mars_AX3_PM3.xsa
TRACE::2021-03-21.10:34:47::SCWPlatform:: Unique name xilinx:::0.0
TRACE::2021-03-21.10:34:47::SCWPlatform::Trying to set the existing hwdb with name Mars_AX3_PM3_1
TRACE::2021-03-21.10:34:47::SCWPlatform::Opened existing hwdb Mars_AX3_PM3_1
TRACE::2021-03-21.10:34:47::SCWPlatform::Found the Hw Db part of the input DSA
TRACE::2021-03-21.10:34:47::SCWMssOS::Checking the sw design at  F:/GitHub/Mars_AX3_PM3_Reference_Design/Workspace/Hello/CPU_microblaze_CPU/standalone_domain/bsp/system.mss
TRACE::2021-03-21.10:34:47::SCWMssOS::DEBUG:  swdes dump  
TRACE::2021-03-21.10:34:47::SCWMssOS::No sw design opened at  F:/GitHub/Mars_AX3_PM3_Reference_Design/Workspace/Hello/CPU_microblaze_CPU/standalone_domain/bsp/system.mss
TRACE::2021-03-21.10:34:47::SCWMssOS::mss exists loading the mss file  F:/GitHub/Mars_AX3_PM3_Reference_Design/Workspace/Hello/CPU_microblaze_CPU/standalone_domain/bsp/system.mss
TRACE::2021-03-21.10:34:47::SCWMssOS::Opened the sw design from mss  F:/GitHub/Mars_AX3_PM3_Reference_Design/Workspace/Hello/CPU_microblaze_CPU/standalone_domain/bsp/system.mss
TRACE::2021-03-21.10:34:47::SCWMssOS::Adding the swdes entry F:/GitHub/Mars_AX3_PM3_Reference_Design/Workspace/Hello/CPU_microblaze_CPU/standalone_domain/bsp/system.mss with des name system
TRACE::2021-03-21.10:34:47::SCWMssOS::updating the scw layer about changes
TRACE::2021-03-21.10:34:48::SCWMssOS::Opened the sw design.  F:/GitHub/Mars_AX3_PM3_Reference_Design/Workspace/Hello/CPU_microblaze_CPU/standalone_domain/bsp/system.mss
TRACE::2021-03-21.10:34:48::SCWMssOS::Saving the mss changes F:/GitHub/Mars_AX3_PM3_Reference_Design/Workspace/Hello/CPU_microblaze_CPU/standalone_domain/bsp/system.mss
TRACE::2021-03-21.10:34:48::SCWMssOS::Found a swdesign opened with the mssfile.
TRACE::2021-03-21.10:34:48::SCWMssOS::Completed writemss as part of save.
TRACE::2021-03-21.10:34:48::SCWMssOS::Commit changes completed.
TRACE::2021-03-21.10:34:48::SCWReader::Adding prebuilt librarypaths as   
TRACE::2021-03-21.10:34:48::SCWReader::Adding prebuilt incpaths  as   
TRACE::2021-03-21.10:34:48::SCWPlatform::Trying to open the hw design at F:/GitHub/Mars_AX3_PM3_Reference_Design/Workspace/Hello/hw/Mars_AX3_PM3.xsa
TRACE::2021-03-21.10:34:48::SCWPlatform::DSA given F:/GitHub/Mars_AX3_PM3_Reference_Design/Workspace/Hello/hw/Mars_AX3_PM3.xsa
TRACE::2021-03-21.10:34:48::SCWPlatform::DSA absoulate path F:/GitHub/Mars_AX3_PM3_Reference_Design/Workspace/Hello/hw/Mars_AX3_PM3.xsa
TRACE::2021-03-21.10:34:48::SCWPlatform::DSA directory F:/GitHub/Mars_AX3_PM3_Reference_Design/Workspace/Hello/hw
TRACE::2021-03-21.10:34:48::SCWPlatform:: Platform Path F:/GitHub/Mars_AX3_PM3_Reference_Design/Workspace/Hello/hw/Mars_AX3_PM3.xsa
TRACE::2021-03-21.10:34:48::SCWPlatform:: Unique name xilinx:::0.0
TRACE::2021-03-21.10:34:48::SCWPlatform::Trying to set the existing hwdb with name Mars_AX3_PM3_1
TRACE::2021-03-21.10:34:48::SCWPlatform::Opened existing hwdb Mars_AX3_PM3_1
TRACE::2021-03-21.10:34:48::SCWPlatform::Found the Hw Db part of the input DSA
TRACE::2021-03-21.10:34:48::SCWMssOS::Checking the sw design at  F:/GitHub/Mars_AX3_PM3_Reference_Design/Workspace/Hello/CPU_microblaze_CPU/standalone_domain/bsp/system.mss
TRACE::2021-03-21.10:34:48::SCWMssOS::DEBUG:  swdes dump  F:/GitHub/Mars_AX3_PM3_Reference_Design/Workspace/Hello/CPU_microblaze_CPU/standalone_domain/bsp/system.mss|system||

TRACE::2021-03-21.10:34:48::SCWMssOS::Sw design exists and opened at  F:/GitHub/Mars_AX3_PM3_Reference_Design/Workspace/Hello/CPU_microblaze_CPU/standalone_domain/bsp/system.mss
TRACE::2021-03-21.10:34:48::SCWReader::No isolation master present  
LOG::2021-03-21.10:34:56::SCWPlatform::Started generating the artifacts platform Hello
TRACE::2021-03-21.10:34:56::SCWPlatform::Sanity checking of platform is completed
LOG::2021-03-21.10:34:56::SCWPlatform::Started generating the artifacts for system configuration Hello
LOG::2021-03-21.10:34:56::SCWSystem::Checking the domain standalone_domain
LOG::2021-03-21.10:34:56::SCWSystem::Not a boot domain 
LOG::2021-03-21.10:34:56::SCWSystem::Started Processing the domain standalone_domain
TRACE::2021-03-21.10:34:56::SCWDomain::Generating domain artifcats
TRACE::2021-03-21.10:34:56::SCWMssOS::Generating standalone artifcats
TRACE::2021-03-21.10:34:56::SCWMssOS:: Copying the user libraries. 
TRACE::2021-03-21.10:34:56::SCWPlatform::Trying to open the hw design at F:/GitHub/Mars_AX3_PM3_Reference_Design/Workspace/Hello/hw/Mars_AX3_PM3.xsa
TRACE::2021-03-21.10:34:56::SCWPlatform::DSA given F:/GitHub/Mars_AX3_PM3_Reference_Design/Workspace/Hello/hw/Mars_AX3_PM3.xsa
TRACE::2021-03-21.10:34:56::SCWPlatform::DSA absoulate path F:/GitHub/Mars_AX3_PM3_Reference_Design/Workspace/Hello/hw/Mars_AX3_PM3.xsa
TRACE::2021-03-21.10:34:56::SCWPlatform::DSA directory F:/GitHub/Mars_AX3_PM3_Reference_Design/Workspace/Hello/hw
TRACE::2021-03-21.10:34:56::SCWPlatform:: Platform Path F:/GitHub/Mars_AX3_PM3_Reference_Design/Workspace/Hello/hw/Mars_AX3_PM3.xsa
TRACE::2021-03-21.10:34:56::SCWPlatform:: Unique name xilinx:::0.0
TRACE::2021-03-21.10:34:56::SCWPlatform::Trying to set the existing hwdb with name Mars_AX3_PM3_1
TRACE::2021-03-21.10:34:56::SCWPlatform::Opened existing hwdb Mars_AX3_PM3_1
TRACE::2021-03-21.10:34:56::SCWPlatform::Found the Hw Db part of the input DSA
TRACE::2021-03-21.10:34:56::SCWMssOS::Checking the sw design at  F:/GitHub/Mars_AX3_PM3_Reference_Design/Workspace/Hello/CPU_microblaze_CPU/standalone_domain/bsp/system.mss
TRACE::2021-03-21.10:34:56::SCWMssOS::DEBUG:  swdes dump  F:/GitHub/Mars_AX3_PM3_Reference_Design/Workspace/Hello/CPU_microblaze_CPU/standalone_domain/bsp/system.mss|system||

TRACE::2021-03-21.10:34:56::SCWMssOS::Sw design exists and opened at  F:/GitHub/Mars_AX3_PM3_Reference_Design/Workspace/Hello/CPU_microblaze_CPU/standalone_domain/bsp/system.mss
TRACE::2021-03-21.10:34:56::SCWMssOS::Completed writing the mss file at F:/GitHub/Mars_AX3_PM3_Reference_Design/Workspace/Hello/CPU_microblaze_CPU/standalone_domain/bsp
TRACE::2021-03-21.10:34:56::SCWMssOS::Mss edits present, copying mssfile into export location F:/GitHub/Mars_AX3_PM3_Reference_Design/Workspace/Hello/CPU_microblaze_CPU/standalone_domain/bsp/system.mss
TRACE::2021-03-21.10:34:56::SCWMssOS::bsp generated is upto date with the mss file. Skipping bsp generation.
TRACE::2021-03-21.10:34:56::SCWMssOS::BSP is already built. skipping the bsp build ... 
TRACE::2021-03-21.10:34:56::SCWDomain::Building the domain as part of full build :  standalone_domain
TRACE::2021-03-21.10:34:56::SCWMssOS::doing bsp build ... 
TRACE::2021-03-21.10:34:56::SCWMssOS::System Command Ran  F: & cd  F:/GitHub/Mars_AX3_PM3_Reference_Design/Workspace/Hello/CPU_microblaze_CPU/standalone_domain/bsp & make 
TRACE::2021-03-21.10:34:56::SCWMssOS::"Running Make include in CPU_microblaze_CPU/libsrc/axidma_v9_11/src"

TRACE::2021-03-21.10:34:56::SCWMssOS::make -C CPU_microblaze_CPU/libsrc/axidma_v9_11/src -s include  "SHELL=CMD" "COMPILER=mb-gcc" "ASSEMBLER=mb-as" "ARCHIVER=mb-ar"
TRACE::2021-03-21.10:34:56::SCWMssOS:: "COMPILER_FLAGS=  -O2 -c -mcpu=v11.0 -mlittle-endian -mxl-soft-mul" "EXTRA_COMPILER_FLAGS=-g -ffunction-sections -fdata-sectio
TRACE::2021-03-21.10:34:56::SCWMssOS::ns -Wall -Wextra"

TRACE::2021-03-21.10:34:56::SCWMssOS::"Running Make include in CPU_microblaze_CPU/libsrc/axiethernet_v5_10/src"

TRACE::2021-03-21.10:34:56::SCWMssOS::make -C CPU_microblaze_CPU/libsrc/axiethernet_v5_10/src -s include  "SHELL=CMD" "COMPILER=mb-gcc" "ASSEMBLER=mb-as" "ARCHIVER=m
TRACE::2021-03-21.10:34:56::SCWMssOS::b-ar" "COMPILER_FLAGS=  -O2 -c -mcpu=v11.0 -mlittle-endian -mxl-soft-mul" "EXTRA_COMPILER_FLAGS=-g -ffunction-sections -fdata-s
TRACE::2021-03-21.10:34:56::SCWMssOS::ections -Wall -Wextra"

TRACE::2021-03-21.10:34:56::SCWMssOS::"Running Make include in CPU_microblaze_CPU/libsrc/bram_v4_4/src"

TRACE::2021-03-21.10:34:56::SCWMssOS::make -C CPU_microblaze_CPU/libsrc/bram_v4_4/src -s include  "SHELL=CMD" "COMPILER=mb-gcc" "ASSEMBLER=mb-as" "ARCHIVER=mb-ar" "C
TRACE::2021-03-21.10:34:56::SCWMssOS::OMPILER_FLAGS=  -O2 -c -mcpu=v11.0 -mlittle-endian -mxl-soft-mul" "EXTRA_COMPILER_FLAGS=-g -ffunction-sections -fdata-sections 
TRACE::2021-03-21.10:34:56::SCWMssOS::-Wall -Wextra"

TRACE::2021-03-21.10:34:56::SCWMssOS::"Running Make include in CPU_microblaze_CPU/libsrc/cpu_v2_11/src"

TRACE::2021-03-21.10:34:56::SCWMssOS::make -C CPU_microblaze_CPU/libsrc/cpu_v2_11/src -s include  "SHELL=CMD" "COMPILER=mb-gcc" "ASSEMBLER=mb-as" "ARCHIVER=mb-ar" "C
TRACE::2021-03-21.10:34:56::SCWMssOS::OMPILER_FLAGS=  -O2 -c -mcpu=v11.0 -mlittle-endian -mxl-soft-mul" "EXTRA_COMPILER_FLAGS=-g -ffunction-sections -fdata-sections 
TRACE::2021-03-21.10:34:56::SCWMssOS::-Wall -Wextra"

TRACE::2021-03-21.10:34:56::SCWMssOS::"Running Make include in CPU_microblaze_CPU/libsrc/gpio_v4_6/src"

TRACE::2021-03-21.10:34:56::SCWMssOS::make -C CPU_microblaze_CPU/libsrc/gpio_v4_6/src -s include  "SHELL=CMD" "COMPILER=mb-gcc" "ASSEMBLER=mb-as" "ARCHIVER=mb-ar" "C
TRACE::2021-03-21.10:34:56::SCWMssOS::OMPILER_FLAGS=  -O2 -c -mcpu=v11.0 -mlittle-endian -mxl-soft-mul" "EXTRA_COMPILER_FLAGS=-g -ffunction-sections -fdata-sections 
TRACE::2021-03-21.10:34:56::SCWMssOS::-Wall -Wextra"

TRACE::2021-03-21.10:34:56::SCWMssOS::"Running Make include in CPU_microblaze_CPU/libsrc/iic_v3_6/src"

TRACE::2021-03-21.10:34:56::SCWMssOS::make -C CPU_microblaze_CPU/libsrc/iic_v3_6/src -s include  "SHELL=CMD" "COMPILER=mb-gcc" "ASSEMBLER=mb-as" "ARCHIVER=mb-ar" "CO
TRACE::2021-03-21.10:34:56::SCWMssOS::MPILER_FLAGS=  -O2 -c -mcpu=v11.0 -mlittle-endian -mxl-soft-mul" "EXTRA_COMPILER_FLAGS=-g -ffunction-sections -fdata-sections -
TRACE::2021-03-21.10:34:56::SCWMssOS::Wall -Wextra"

TRACE::2021-03-21.10:34:56::SCWMssOS::"Running Make include in CPU_microblaze_CPU/libsrc/intc_v3_11/src"

TRACE::2021-03-21.10:34:56::SCWMssOS::make -C CPU_microblaze_CPU/libsrc/intc_v3_11/src -s include  "SHELL=CMD" "COMPILER=mb-gcc" "ASSEMBLER=mb-as" "ARCHIVER=mb-ar" "
TRACE::2021-03-21.10:34:57::SCWMssOS::COMPILER_FLAGS=  -O2 -c -mcpu=v11.0 -mlittle-endian -mxl-soft-mul" "EXTRA_COMPILER_FLAGS=-g -ffunction-sections -fdata-sections
TRACE::2021-03-21.10:34:57::SCWMssOS:: -Wall -Wextra"

TRACE::2021-03-21.10:34:57::SCWMssOS::"Running Make include in CPU_microblaze_CPU/libsrc/spi_v4_6/src"

TRACE::2021-03-21.10:34:57::SCWMssOS::make -C CPU_microblaze_CPU/libsrc/spi_v4_6/src -s include  "SHELL=CMD" "COMPILER=mb-gcc" "ASSEMBLER=mb-as" "ARCHIVER=mb-ar" "CO
TRACE::2021-03-21.10:34:57::SCWMssOS::MPILER_FLAGS=  -O2 -c -mcpu=v11.0 -mlittle-endian -mxl-soft-mul" "EXTRA_COMPILER_FLAGS=-g -ffunction-sections -fdata-sections -
TRACE::2021-03-21.10:34:57::SCWMssOS::Wall -Wextra"

TRACE::2021-03-21.10:34:57::SCWMssOS::"Running Make include in CPU_microblaze_CPU/libsrc/standalone_v7_2/src"

TRACE::2021-03-21.10:34:57::SCWMssOS::make -C CPU_microblaze_CPU/libsrc/standalone_v7_2/src -s include  "SHELL=CMD" "COMPILER=mb-gcc" "ASSEMBLER=mb-as" "ARCHIVER=mb-
TRACE::2021-03-21.10:34:57::SCWMssOS::ar" "COMPILER_FLAGS=  -O2 -c -mcpu=v11.0 -mlittle-endian -mxl-soft-mul" "EXTRA_COMPILER_FLAGS=-g -ffunction-sections -fdata-sec
TRACE::2021-03-21.10:34:57::SCWMssOS::tions -Wall -Wextra"

TRACE::2021-03-21.10:34:57::SCWMssOS::"Running Make include in CPU_microblaze_CPU/libsrc/sysmon_v7_6/src"

TRACE::2021-03-21.10:34:57::SCWMssOS::make -C CPU_microblaze_CPU/libsrc/sysmon_v7_6/src -s include  "SHELL=CMD" "COMPILER=mb-gcc" "ASSEMBLER=mb-as" "ARCHIVER=mb-ar" 
TRACE::2021-03-21.10:34:57::SCWMssOS::"COMPILER_FLAGS=  -O2 -c -mcpu=v11.0 -mlittle-endian -mxl-soft-mul" "EXTRA_COMPILER_FLAGS=-g -ffunction-sections -fdata-section
TRACE::2021-03-21.10:34:57::SCWMssOS::s -Wall -Wextra"

TRACE::2021-03-21.10:34:57::SCWMssOS::"Running Make include in CPU_microblaze_CPU/libsrc/tmrctr_v4_6/src"

TRACE::2021-03-21.10:34:57::SCWMssOS::make -C CPU_microblaze_CPU/libsrc/tmrctr_v4_6/src -s include  "SHELL=CMD" "COMPILER=mb-gcc" "ASSEMBLER=mb-as" "ARCHIVER=mb-ar" 
TRACE::2021-03-21.10:34:57::SCWMssOS::"COMPILER_FLAGS=  -O2 -c -mcpu=v11.0 -mlittle-endian -mxl-soft-mul" "EXTRA_COMPILER_FLAGS=-g -ffunction-sections -fdata-section
TRACE::2021-03-21.10:34:57::SCWMssOS::s -Wall -Wextra"

TRACE::2021-03-21.10:34:57::SCWMssOS::"Running Make include in CPU_microblaze_CPU/libsrc/uartlite_v3_4/src"

TRACE::2021-03-21.10:34:57::SCWMssOS::make -C CPU_microblaze_CPU/libsrc/uartlite_v3_4/src -s include  "SHELL=CMD" "COMPILER=mb-gcc" "ASSEMBLER=mb-as" "ARCHIVER=mb-ar
TRACE::2021-03-21.10:34:57::SCWMssOS::" "COMPILER_FLAGS=  -O2 -c -mcpu=v11.0 -mlittle-endian -mxl-soft-mul" "EXTRA_COMPILER_FLAGS=-g -ffunction-sections -fdata-secti
TRACE::2021-03-21.10:34:57::SCWMssOS::ons -Wall -Wextra"

TRACE::2021-03-21.10:34:57::SCWMssOS::"Running Make libs in CPU_microblaze_CPU/libsrc/axidma_v9_11/src"

TRACE::2021-03-21.10:34:57::SCWMssOS::make -C CPU_microblaze_CPU/libsrc/axidma_v9_11/src -s libs  "SHELL=CMD" "COMPILER=mb-gcc" "ASSEMBLER=mb-as" "ARCHIVER=mb-ar" "C
TRACE::2021-03-21.10:34:57::SCWMssOS::OMPILER_FLAGS=  -O2 -c -mcpu=v11.0 -mlittle-endian -mxl-soft-mul" "EXTRA_COMPILER_FLAGS=-g -ffunction-sections -fdata-sections 
TRACE::2021-03-21.10:34:57::SCWMssOS::-Wall -Wextra"

TRACE::2021-03-21.10:34:57::SCWMssOS::"Compiling axidma"

TRACE::2021-03-21.10:34:58::SCWMssOS::"Running Make libs in CPU_microblaze_CPU/libsrc/axiethernet_v5_10/src"

TRACE::2021-03-21.10:34:58::SCWMssOS::make -C CPU_microblaze_CPU/libsrc/axiethernet_v5_10/src -s libs  "SHELL=CMD" "COMPILER=mb-gcc" "ASSEMBLER=mb-as" "ARCHIVER=mb-a
TRACE::2021-03-21.10:34:58::SCWMssOS::r" "COMPILER_FLAGS=  -O2 -c -mcpu=v11.0 -mlittle-endian -mxl-soft-mul" "EXTRA_COMPILER_FLAGS=-g -ffunction-sections -fdata-sect
TRACE::2021-03-21.10:34:58::SCWMssOS::ions -Wall -Wextra"

TRACE::2021-03-21.10:34:58::SCWMssOS::"Compiling axiethernet"

TRACE::2021-03-21.10:34:59::SCWMssOS::"Running Make libs in CPU_microblaze_CPU/libsrc/bram_v4_4/src"

TRACE::2021-03-21.10:34:59::SCWMssOS::make -C CPU_microblaze_CPU/libsrc/bram_v4_4/src -s libs  "SHELL=CMD" "COMPILER=mb-gcc" "ASSEMBLER=mb-as" "ARCHIVER=mb-ar" "COMP
TRACE::2021-03-21.10:34:59::SCWMssOS::ILER_FLAGS=  -O2 -c -mcpu=v11.0 -mlittle-endian -mxl-soft-mul" "EXTRA_COMPILER_FLAGS=-g -ffunction-sections -fdata-sections -Wa
TRACE::2021-03-21.10:34:59::SCWMssOS::ll -Wextra"

TRACE::2021-03-21.10:34:59::SCWMssOS::"Compiling bram"

TRACE::2021-03-21.10:35:00::SCWMssOS::"Running Make libs in CPU_microblaze_CPU/libsrc/cpu_v2_11/src"

TRACE::2021-03-21.10:35:00::SCWMssOS::make -C CPU_microblaze_CPU/libsrc/cpu_v2_11/src -s libs  "SHELL=CMD" "COMPILER=mb-gcc" "ASSEMBLER=mb-as" "ARCHIVER=mb-ar" "COMP
TRACE::2021-03-21.10:35:00::SCWMssOS::ILER_FLAGS=  -O2 -c -mcpu=v11.0 -mlittle-endian -mxl-soft-mul" "EXTRA_COMPILER_FLAGS=-g -ffunction-sections -fdata-sections -Wa
TRACE::2021-03-21.10:35:00::SCWMssOS::ll -Wextra"

TRACE::2021-03-21.10:35:00::SCWMssOS::"Compiling cpu"

TRACE::2021-03-21.10:35:00::SCWMssOS::"Running Make libs in CPU_microblaze_CPU/libsrc/gpio_v4_6/src"

TRACE::2021-03-21.10:35:00::SCWMssOS::make -C CPU_microblaze_CPU/libsrc/gpio_v4_6/src -s libs  "SHELL=CMD" "COMPILER=mb-gcc" "ASSEMBLER=mb-as" "ARCHIVER=mb-ar" "COMP
TRACE::2021-03-21.10:35:00::SCWMssOS::ILER_FLAGS=  -O2 -c -mcpu=v11.0 -mlittle-endian -mxl-soft-mul" "EXTRA_COMPILER_FLAGS=-g -ffunction-sections -fdata-sections -Wa
TRACE::2021-03-21.10:35:00::SCWMssOS::ll -Wextra"

TRACE::2021-03-21.10:35:00::SCWMssOS::"Compiling gpio"

TRACE::2021-03-21.10:35:00::SCWMssOS::"Running Make libs in CPU_microblaze_CPU/libsrc/iic_v3_6/src"

TRACE::2021-03-21.10:35:00::SCWMssOS::make -C CPU_microblaze_CPU/libsrc/iic_v3_6/src -s libs  "SHELL=CMD" "COMPILER=mb-gcc" "ASSEMBLER=mb-as" "ARCHIVER=mb-ar" "COMPI
TRACE::2021-03-21.10:35:00::SCWMssOS::LER_FLAGS=  -O2 -c -mcpu=v11.0 -mlittle-endian -mxl-soft-mul" "EXTRA_COMPILER_FLAGS=-g -ffunction-sections -fdata-sections -Wal
TRACE::2021-03-21.10:35:00::SCWMssOS::l -Wextra"

TRACE::2021-03-21.10:35:01::SCWMssOS::"Compiling iic"

TRACE::2021-03-21.10:35:02::SCWMssOS::"Running Make libs in CPU_microblaze_CPU/libsrc/intc_v3_11/src"

TRACE::2021-03-21.10:35:02::SCWMssOS::make -C CPU_microblaze_CPU/libsrc/intc_v3_11/src -s libs  "SHELL=CMD" "COMPILER=mb-gcc" "ASSEMBLER=mb-as" "ARCHIVER=mb-ar" "COM
TRACE::2021-03-21.10:35:02::SCWMssOS::PILER_FLAGS=  -O2 -c -mcpu=v11.0 -mlittle-endian -mxl-soft-mul" "EXTRA_COMPILER_FLAGS=-g -ffunction-sections -fdata-sections -W
TRACE::2021-03-21.10:35:02::SCWMssOS::all -Wextra"

TRACE::2021-03-21.10:35:02::SCWMssOS::"Compiling intc"

TRACE::2021-03-21.10:35:03::SCWMssOS::"Running Make libs in CPU_microblaze_CPU/libsrc/spi_v4_6/src"

TRACE::2021-03-21.10:35:03::SCWMssOS::make -C CPU_microblaze_CPU/libsrc/spi_v4_6/src -s libs  "SHELL=CMD" "COMPILER=mb-gcc" "ASSEMBLER=mb-as" "ARCHIVER=mb-ar" "COMPI
TRACE::2021-03-21.10:35:03::SCWMssOS::LER_FLAGS=  -O2 -c -mcpu=v11.0 -mlittle-endian -mxl-soft-mul" "EXTRA_COMPILER_FLAGS=-g -ffunction-sections -fdata-sections -Wal
TRACE::2021-03-21.10:35:03::SCWMssOS::l -Wextra"

TRACE::2021-03-21.10:35:03::SCWMssOS::"Compiling spi"

TRACE::2021-03-21.10:35:03::SCWMssOS::"Running Make libs in CPU_microblaze_CPU/libsrc/standalone_v7_2/src"

TRACE::2021-03-21.10:35:03::SCWMssOS::make -C CPU_microblaze_CPU/libsrc/standalone_v7_2/src -s libs  "SHELL=CMD" "COMPILER=mb-gcc" "ASSEMBLER=mb-as" "ARCHIVER=mb-ar"
TRACE::2021-03-21.10:35:03::SCWMssOS:: "COMPILER_FLAGS=  -O2 -c -mcpu=v11.0 -mlittle-endian -mxl-soft-mul" "EXTRA_COMPILER_FLAGS=-g -ffunction-sections -fdata-sectio
TRACE::2021-03-21.10:35:03::SCWMssOS::ns -Wall -Wextra"

TRACE::2021-03-21.10:35:03::SCWMssOS::"Compiling standalone";

TRACE::2021-03-21.10:35:06::SCWMssOS::"Running Make libs in CPU_microblaze_CPU/libsrc/sysmon_v7_6/src"

TRACE::2021-03-21.10:35:06::SCWMssOS::make -C CPU_microblaze_CPU/libsrc/sysmon_v7_6/src -s libs  "SHELL=CMD" "COMPILER=mb-gcc" "ASSEMBLER=mb-as" "ARCHIVER=mb-ar" "CO
TRACE::2021-03-21.10:35:06::SCWMssOS::MPILER_FLAGS=  -O2 -c -mcpu=v11.0 -mlittle-endian -mxl-soft-mul" "EXTRA_COMPILER_FLAGS=-g -ffunction-sections -fdata-sections -
TRACE::2021-03-21.10:35:06::SCWMssOS::Wall -Wextra"

TRACE::2021-03-21.10:35:06::SCWMssOS::"Compiling sysmon"

TRACE::2021-03-21.10:35:07::SCWMssOS::"Running Make libs in CPU_microblaze_CPU/libsrc/tmrctr_v4_6/src"

TRACE::2021-03-21.10:35:07::SCWMssOS::make -C CPU_microblaze_CPU/libsrc/tmrctr_v4_6/src -s libs  "SHELL=CMD" "COMPILER=mb-gcc" "ASSEMBLER=mb-as" "ARCHIVER=mb-ar" "CO
TRACE::2021-03-21.10:35:07::SCWMssOS::MPILER_FLAGS=  -O2 -c -mcpu=v11.0 -mlittle-endian -mxl-soft-mul" "EXTRA_COMPILER_FLAGS=-g -ffunction-sections -fdata-sections -
TRACE::2021-03-21.10:35:07::SCWMssOS::Wall -Wextra"

TRACE::2021-03-21.10:35:07::SCWMssOS::"Compiling tmrctr"

TRACE::2021-03-21.10:35:08::SCWMssOS::"Running Make libs in CPU_microblaze_CPU/libsrc/uartlite_v3_4/src"

TRACE::2021-03-21.10:35:08::SCWMssOS::make -C CPU_microblaze_CPU/libsrc/uartlite_v3_4/src -s libs  "SHELL=CMD" "COMPILER=mb-gcc" "ASSEMBLER=mb-as" "ARCHIVER=mb-ar" "
TRACE::2021-03-21.10:35:08::SCWMssOS::COMPILER_FLAGS=  -O2 -c -mcpu=v11.0 -mlittle-endian -mxl-soft-mul" "EXTRA_COMPILER_FLAGS=-g -ffunction-sections -fdata-sections
TRACE::2021-03-21.10:35:08::SCWMssOS:: -Wall -Wextra"

TRACE::2021-03-21.10:35:08::SCWMssOS::"Compiling uartlite"

TRACE::2021-03-21.10:35:08::SCWMssOS::'Finished building libraries'

TRACE::2021-03-21.10:35:09::SCWMssOS::Copying to export directory.
TRACE::2021-03-21.10:35:09::SCWMssOS:: Checking if to create the Supporting Applications
TRACE::2021-03-21.10:35:09::SCWMssOS:: No Linux domain exists, trying to generate FSBL 
LOG::2021-03-21.10:35:09::SCWSystem::Completed Processing the domain standalone_domain
LOG::2021-03-21.10:35:09::SCWSystem::Completed Processing the sysconfig Hello
LOG::2021-03-21.10:35:09::SCWPlatform::Completed generating the artifacts for system configuration Hello
TRACE::2021-03-21.10:35:09::SCWPlatform::Started preparing the platform 
TRACE::2021-03-21.10:35:09::SCWSystem::Writing the bif file for system config Hello
TRACE::2021-03-21.10:35:09::SCWSystem::dir created 
TRACE::2021-03-21.10:35:09::SCWSystem::Writing the bif 
TRACE::2021-03-21.10:35:09::SCWPlatform::Started writing the spfm file 
TRACE::2021-03-21.10:35:09::SCWPlatform::Started writing the xpfm file 
TRACE::2021-03-21.10:35:09::SCWPlatform::Completed generating the platform
TRACE::2021-03-21.10:35:09::SCWMssOS::Saving the mss changes F:/GitHub/Mars_AX3_PM3_Reference_Design/Workspace/Hello/CPU_microblaze_CPU/standalone_domain/bsp/system.mss
TRACE::2021-03-21.10:35:09::SCWMssOS::Found a swdesign opened with the mssfile.
TRACE::2021-03-21.10:35:09::SCWMssOS::Completed writemss as part of save.
TRACE::2021-03-21.10:35:09::SCWMssOS::Commit changes completed.
TRACE::2021-03-21.10:35:09::SCWPlatform::Trying to open the hw design at F:/GitHub/Mars_AX3_PM3_Reference_Design/Workspace/Hello/hw/Mars_AX3_PM3.xsa
TRACE::2021-03-21.10:35:09::SCWPlatform::DSA given F:/GitHub/Mars_AX3_PM3_Reference_Design/Workspace/Hello/hw/Mars_AX3_PM3.xsa
TRACE::2021-03-21.10:35:09::SCWPlatform::DSA absoulate path F:/GitHub/Mars_AX3_PM3_Reference_Design/Workspace/Hello/hw/Mars_AX3_PM3.xsa
TRACE::2021-03-21.10:35:09::SCWPlatform::DSA directory F:/GitHub/Mars_AX3_PM3_Reference_Design/Workspace/Hello/hw
TRACE::2021-03-21.10:35:09::SCWPlatform:: Platform Path F:/GitHub/Mars_AX3_PM3_Reference_Design/Workspace/Hello/hw/Mars_AX3_PM3.xsa
TRACE::2021-03-21.10:35:09::SCWPlatform:: Unique name xilinx:::0.0
TRACE::2021-03-21.10:35:09::SCWPlatform::Trying to set the existing hwdb with name Mars_AX3_PM3_1
TRACE::2021-03-21.10:35:09::SCWPlatform::Opened existing hwdb Mars_AX3_PM3_1
TRACE::2021-03-21.10:35:09::SCWPlatform::Found the Hw Db part of the input DSA
TRACE::2021-03-21.10:35:09::SCWMssOS::Checking the sw design at  F:/GitHub/Mars_AX3_PM3_Reference_Design/Workspace/Hello/CPU_microblaze_CPU/standalone_domain/bsp/system.mss
TRACE::2021-03-21.10:35:09::SCWMssOS::DEBUG:  swdes dump  F:/GitHub/Mars_AX3_PM3_Reference_Design/Workspace/Hello/CPU_microblaze_CPU/standalone_domain/bsp/system.mss|system||

TRACE::2021-03-21.10:35:09::SCWMssOS::Sw design exists and opened at  F:/GitHub/Mars_AX3_PM3_Reference_Design/Workspace/Hello/CPU_microblaze_CPU/standalone_domain/bsp/system.mss
TRACE::2021-03-21.10:35:09::SCWWriter::formatted JSON is {
	"platformName":	"Hello",
	"sprVersion":	"2.0",
	"mode":	"gui",
	"dsaType":	"Fixed",
	"platformDesc":	"Hello",
	"platHandOff":	"F:/GitHub/Mars_AX3_PM3_Reference_Design/Vivado/MA-AX3-100-2I-D8/Mars_AX3_PM3.xsa",
	"platIntHandOff":	"<platformDir>/hw/Mars_AX3_PM3.xsa",
	"deviceType":	"FPGA",
	"platIsPrebuiltAutogen":	"false",
	"platIsNoBootBsp":	"false",
	"hasFsblMakeHasChanges":	"false",
	"hasPmufwMakeHasChanges":	"false",
	"platPreBuiltFlag":	false,
	"platformSamplesDir":	"",
	"platActiveSys":	"Hello",
	"systems":	[{
			"systemName":	"Hello",
			"systemDesc":	"Hello",
			"sysIsBootAutoGen":	"true",
			"systemDispName":	"Hello",
			"sysActiveDom":	"standalone_domain",
			"sysDefaultDom":	"standalone_domain",
			"domains":	[{
					"domainName":	"standalone_domain",
					"domainDispName":	"standalone on CPU_microblaze_CPU",
					"domainDesc":	"standalone_domain",
					"processors":	"CPU_microblaze_CPU",
					"os":	"standalone",
					"sdxOs":	"standalone",
					"debugEnable":	"False",
					"domRuntimes":	["cpp"],
					"swRepo":	"",
					"mssOsVer":	"7.2",
					"mssFile":	"",
					"md5Digest":	"47452de41a14ddd06a94ad4afce5b55c",
					"compatibleApp":	"",
					"domType":	"mssDomain",
					"arch":	"32-bit",
					"appSettings":	{
						"appCompilerFlags":	"",
						"appLinkerFlags":	""
					},
					"addedLibs":	[],
					"libOptions":	{
						"libsContainingOptions":	[]
					},
					"prebuiltLibs":	{
						"prebuiltIncPath":	[],
						"prebuiltLibPath":	[]
					},
					"isolation":	{
					}
				}]
		}]
}
KEYINFO::2021-03-21.10:35:09::SCWPlatform::updated the xpfm file.
TRACE::2021-03-21.10:35:09::SCWPlatform::Trying to open the hw design at F:/GitHub/Mars_AX3_PM3_Reference_Design/Workspace/Hello/hw/Mars_AX3_PM3.xsa
TRACE::2021-03-21.10:35:09::SCWPlatform::DSA given F:/GitHub/Mars_AX3_PM3_Reference_Design/Workspace/Hello/hw/Mars_AX3_PM3.xsa
TRACE::2021-03-21.10:35:09::SCWPlatform::DSA absoulate path F:/GitHub/Mars_AX3_PM3_Reference_Design/Workspace/Hello/hw/Mars_AX3_PM3.xsa
TRACE::2021-03-21.10:35:09::SCWPlatform::DSA directory F:/GitHub/Mars_AX3_PM3_Reference_Design/Workspace/Hello/hw
TRACE::2021-03-21.10:35:09::SCWPlatform:: Platform Path F:/GitHub/Mars_AX3_PM3_Reference_Design/Workspace/Hello/hw/Mars_AX3_PM3.xsa
TRACE::2021-03-21.10:35:09::SCWPlatform:: Unique name xilinx:::0.0
TRACE::2021-03-21.10:35:09::SCWPlatform::Trying to set the existing hwdb with name Mars_AX3_PM3_1
TRACE::2021-03-21.10:35:09::SCWPlatform::Opened existing hwdb Mars_AX3_PM3_1
TRACE::2021-03-21.10:35:09::SCWPlatform::Found the Hw Db part of the input DSA
TRACE::2021-03-21.10:35:09::SCWMssOS::Checking the sw design at  F:/GitHub/Mars_AX3_PM3_Reference_Design/Workspace/Hello/CPU_microblaze_CPU/standalone_domain/bsp/system.mss
TRACE::2021-03-21.10:35:09::SCWMssOS::DEBUG:  swdes dump  F:/GitHub/Mars_AX3_PM3_Reference_Design/Workspace/Hello/CPU_microblaze_CPU/standalone_domain/bsp/system.mss|system||

TRACE::2021-03-21.10:35:09::SCWMssOS::Sw design exists and opened at  F:/GitHub/Mars_AX3_PM3_Reference_Design/Workspace/Hello/CPU_microblaze_CPU/standalone_domain/bsp/system.mss
