Copyright 1986-2020 Xilinx, Inc. All Rights Reserved.
------------------------------------------------------------------------------------------
| Tool Version : Vivado v.2020.1 (win64) Build 2902540 Wed May 27 19:54:49 MDT 2020
| Date         : Sun Mar 21 00:12:43 2021
| Host         : Artak-New running 64-bit major release  (build 9200)
| Command      : report_clock_utilization -file Mars_AX3_PM3_clock_utilization_routed.rpt
| Design       : Mars_AX3_PM3
| Device       : 7a100t-csg324
| Speed File   : -2  PRODUCTION 1.23 2018-06-13
| Design State : Routed
------------------------------------------------------------------------------------------

Clock Utilization Report

Table of Contents
-----------------
1. Clock Primitive Utilization
2. Global Clock Resources
3. Global Clock Source Details
4. Local Clock Details
5. Clock Regions: Key Resource Utilization
6. Clock Regions : Global Clock Summary
7. Device Cell Placement Summary for Global Clock g0
8. Device Cell Placement Summary for Global Clock g1
9. Device Cell Placement Summary for Global Clock g2
10. Device Cell Placement Summary for Global Clock g3
11. Device Cell Placement Summary for Global Clock g4
12. Device Cell Placement Summary for Global Clock g5
13. Device Cell Placement Summary for Global Clock g6
14. Device Cell Placement Summary for Global Clock g7
15. Device Cell Placement Summary for Global Clock g8
16. Device Cell Placement Summary for Global Clock g9
17. Device Cell Placement Summary for Global Clock g10
18. Clock Region Cell Placement per Global Clock: Region X0Y1
19. Clock Region Cell Placement per Global Clock: Region X1Y1
20. Clock Region Cell Placement per Global Clock: Region X0Y2
21. Clock Region Cell Placement per Global Clock: Region X1Y2
22. Clock Region Cell Placement per Global Clock: Region X0Y3
23. Clock Region Cell Placement per Global Clock: Region X1Y3

1. Clock Primitive Utilization
------------------------------

+----------+------+-----------+-----+--------------+--------+
| Type     | Used | Available | LOC | Clock Region | Pblock |
+----------+------+-----------+-----+--------------+--------+
| BUFGCTRL |    9 |        32 |   0 |            0 |      0 |
| BUFH     |    1 |        96 |   0 |            0 |      0 |
| BUFIO    |    1 |        24 |   1 |            0 |      0 |
| BUFMR    |    0 |        12 |   0 |            0 |      0 |
| BUFR     |    1 |        24 |   0 |            0 |      0 |
| MMCM     |    3 |         6 |   1 |            0 |      0 |
| PLL      |    1 |         6 |   1 |            0 |      0 |
+----------+------+-----------+-----+--------------+--------+


2. Global Clock Resources
-------------------------

+-----------+-----------+-----------------+------------+----------------+--------------+-------------------+-------------+-----------------+--------------+--------------------------------------------------------------+-----------------------------------------------------------------------------------------------------------------+---------------------------------------------------------------------------------------------------+
| Global Id | Source Id | Driver Type/Pin | Constraint | Site           | Clock Region | Load Clock Region | Clock Loads | Non-Clock Loads | Clock Period | Clock                                                        | Driver Pin                                                                                                      | Net                                                                                               |
+-----------+-----------+-----------------+------------+----------------+--------------+-------------------+-------------+-----------------+--------------+--------------------------------------------------------------+-----------------------------------------------------------------------------------------------------------------+---------------------------------------------------------------------------------------------------+
| g0        | src0      | BUFG/O          | None       | BUFGCTRL_X0Y16 | n/a          |                 4 |       10864 |               0 |       10.000 | Clk100                                                       | Mars_AX3_i/Memory/SDRAM/u_Mars_AX3_SDRAM_0_mig/u_ddr3_infrastructure/gen_ui_extra_clocks.u_bufg_ui_addn_clk_1/O | Mars_AX3_i/Memory/SDRAM/u_Mars_AX3_SDRAM_0_mig/u_ddr3_infrastructure/ui_addn_clk_1                |
| g1        | src0      | BUFG/O          | None       | BUFGCTRL_X0Y17 | n/a          |                 4 |        6547 |               0 |       10.000 | clk_pll_i                                                    | Mars_AX3_i/Memory/SDRAM/u_Mars_AX3_SDRAM_0_mig/u_ddr3_infrastructure/u_bufg_clkdiv0/O                           | Mars_AX3_i/Memory/SDRAM/u_Mars_AX3_SDRAM_0_mig/u_ddr3_infrastructure/CLK                          |
| g2        | src1      | BUFGCTRL/O      | None       | BUFGCTRL_X0Y18 | n/a          |                 2 |        1746 |               0 |        8.000 | clkout0                                                      | Mars_AX3_i/Ethernet/axi_ethernet/U0/mac/U0/tri_mode_ethernet_mac_support_clocking_i/clkout1_buf/O               | Mars_AX3_i/Ethernet/axi_ethernet/U0/mac/U0/tri_mode_ethernet_mac_support_clocking_i/gtx_clk_out   |
| g3        | src2      | BUFR/O          | None       | BUFR_X0Y5      | X0Y1         |                 1 |        1446 |               0 |        8.000 | ETH_RXC                                                      | Mars_AX3_i/Ethernet/axi_ethernet/U0/mac/U0/tri_mode_ethernet_mac_i/rgmii_interface/bufr_rgmii_rx_clk/O          | Mars_AX3_i/Ethernet/axi_ethernet/U0/mac/U0/tri_mode_ethernet_mac_i/rgmii_interface/rgmii_rxc_0    |
| g4        | src3      | BUFG/O          | None       | BUFGCTRL_X0Y0  | n/a          |                 1 |         250 |               0 |       33.333 | Mars_AX3_i/CPU/mdm_0/U0/Use_E2.BSCAN_I/Use_E2.BSCANE2_I/DRCK | Mars_AX3_i/CPU/mdm_0/U0/No_Dbg_Reg_Access.BUFG_DRCK/Using_FPGA.Native/O                                         | Mars_AX3_i/CPU/mdm_0/U0/No_Dbg_Reg_Access.BUFG_DRCK/Dbg_Clk_0                                     |
| g5        | src4      | BUFG/O          | None       | BUFGCTRL_X0Y1  | n/a          |                 3 |          85 |               0 |        8.000 | clk_out1_Mars_AX3_clk_wiz_0                                  | Mars_AX3_i/Ethernet/clk_wiz/inst/clkout1_buf/O                                                                  | Mars_AX3_i/Ethernet/clk_wiz/inst/clk_out1                                                         |
| g6        | src1      | BUFGCTRL/O      | None       | BUFGCTRL_X0Y19 | n/a          |                 1 |          37 |               0 |        8.000 | clkout1                                                      | Mars_AX3_i/Ethernet/axi_ethernet/U0/mac/U0/tri_mode_ethernet_mac_support_clocking_i/clkout2_buf/O               | Mars_AX3_i/Ethernet/axi_ethernet/U0/mac/U0/tri_mode_ethernet_mac_support_clocking_i/gtx_clk90_out |
| g7        | src0      | BUFG/O          | None       | BUFGCTRL_X0Y20 | n/a          |                 3 |          37 |               0 |        5.000 | Clk200                                                       | Mars_AX3_i/Memory/SDRAM/u_Mars_AX3_SDRAM_0_mig/u_ddr3_infrastructure/gen_ui_extra_clocks.u_bufg_ui_addn_clk_2/O | Mars_AX3_i/Memory/SDRAM/u_Mars_AX3_SDRAM_0_mig/u_ddr3_infrastructure/ui_addn_clk_2                |
| g8        | src0      | BUFG/O          | None       | BUFGCTRL_X0Y21 | n/a          |                 1 |          24 |               0 |       20.000 | Clk50                                                        | Mars_AX3_i/Memory/SDRAM/u_Mars_AX3_SDRAM_0_mig/u_ddr3_infrastructure/gen_ui_extra_clocks.u_bufg_ui_addn_clk_0/O | Mars_AX3_i/Memory/SDRAM/u_Mars_AX3_SDRAM_0_mig/u_ddr3_infrastructure/ui_addn_clk_0                |
| g9        | src4      | BUFG/O          | None       | BUFGCTRL_X0Y2  | n/a          |                 1 |           1 |               0 |       10.000 | clkfbout_Mars_AX3_clk_wiz_0                                  | Mars_AX3_i/Ethernet/clk_wiz/inst/clkf_buf/O                                                                     | Mars_AX3_i/Ethernet/clk_wiz/inst/clkfbout_buf_Mars_AX3_clk_wiz_0                                  |
| g10       | src5      | BUFH/O          | None       | BUFHCE_X0Y24   | X0Y2         |                 1 |           1 |               0 |       10.000 | pll_clk3_out                                                 | Mars_AX3_i/Memory/SDRAM/u_Mars_AX3_SDRAM_0_mig/u_ddr3_infrastructure/u_bufh_pll_clk3/O                          | Mars_AX3_i/Memory/SDRAM/u_Mars_AX3_SDRAM_0_mig/u_ddr3_infrastructure/pll_clk3                     |
+-----------+-----------+-----------------+------------+----------------+--------------+-------------------+-------------+-----------------+--------------+--------------------------------------------------------------+-----------------------------------------------------------------------------------------------------------------+---------------------------------------------------------------------------------------------------+
* Clock Loads column represents the clock pin loads (pin count)
** Non-Clock Loads column represents the non-clock pin loads (pin count)


3. Global Clock Source Details
------------------------------

+-----------+-----------+---------------------+-----------------+-----------------+--------------+-------------+-----------------+---------------------+--------------------------------------------------------------+-----------------------------------------------------------------------------------------------------------+---------------------------------------------------------------------------------------------------+
| Source Id | Global Id | Driver Type/Pin     | Constraint      | Site            | Clock Region | Clock Loads | Non-Clock Loads | Source Clock Period | Source Clock                                                 | Driver Pin                                                                                                | Net                                                                                               |
+-----------+-----------+---------------------+-----------------+-----------------+--------------+-------------+-----------------+---------------------+--------------------------------------------------------------+-----------------------------------------------------------------------------------------------------------+---------------------------------------------------------------------------------------------------+
| src0      | g1        | MMCME2_ADV/CLKFBOUT | MMCME2_ADV_X0Y2 | MMCME2_ADV_X0Y2 | X0Y2         |           1 |               0 |              10.000 | clk_pll_i                                                    | Mars_AX3_i/Memory/SDRAM/u_Mars_AX3_SDRAM_0_mig/u_ddr3_infrastructure/gen_ui_extra_clocks.mmcm_i/CLKFBOUT  | Mars_AX3_i/Memory/SDRAM/u_Mars_AX3_SDRAM_0_mig/u_ddr3_infrastructure/clk_pll_i                    |
| src0      | g8        | MMCME2_ADV/CLKOUT0  | MMCME2_ADV_X0Y2 | MMCME2_ADV_X0Y2 | X0Y2         |           1 |               0 |              20.000 | Clk50                                                        | Mars_AX3_i/Memory/SDRAM/u_Mars_AX3_SDRAM_0_mig/u_ddr3_infrastructure/gen_ui_extra_clocks.mmcm_i/CLKOUT0   | Mars_AX3_i/Memory/SDRAM/u_Mars_AX3_SDRAM_0_mig/u_ddr3_infrastructure/mmcm_clkout0                 |
| src0      | g0        | MMCME2_ADV/CLKOUT1  | MMCME2_ADV_X0Y2 | MMCME2_ADV_X0Y2 | X0Y2         |           1 |               0 |              10.000 | Clk100                                                       | Mars_AX3_i/Memory/SDRAM/u_Mars_AX3_SDRAM_0_mig/u_ddr3_infrastructure/gen_ui_extra_clocks.mmcm_i/CLKOUT1   | Mars_AX3_i/Memory/SDRAM/u_Mars_AX3_SDRAM_0_mig/u_ddr3_infrastructure/mmcm_clkout1                 |
| src0      | g7        | MMCME2_ADV/CLKOUT2  | MMCME2_ADV_X0Y2 | MMCME2_ADV_X0Y2 | X0Y2         |           1 |               0 |               5.000 | Clk200                                                       | Mars_AX3_i/Memory/SDRAM/u_Mars_AX3_SDRAM_0_mig/u_ddr3_infrastructure/gen_ui_extra_clocks.mmcm_i/CLKOUT2   | Mars_AX3_i/Memory/SDRAM/u_Mars_AX3_SDRAM_0_mig/u_ddr3_infrastructure/mmcm_clkout2                 |
| src1      | g2        | MMCME2_ADV/CLKOUT0  | None            | MMCME2_ADV_X0Y3 | X0Y3         |           1 |               0 |               8.000 | clkout0                                                      | Mars_AX3_i/Ethernet/axi_ethernet/U0/mac/U0/tri_mode_ethernet_mac_support_clocking_i/mmcm_adv_inst/CLKOUT0 | Mars_AX3_i/Ethernet/axi_ethernet/U0/mac/U0/tri_mode_ethernet_mac_support_clocking_i/clkout0       |
| src1      | g6        | MMCME2_ADV/CLKOUT1  | None            | MMCME2_ADV_X0Y3 | X0Y3         |           1 |               0 |               8.000 | clkout1                                                      | Mars_AX3_i/Ethernet/axi_ethernet/U0/mac/U0/tri_mode_ethernet_mac_support_clocking_i/mmcm_adv_inst/CLKOUT1 | Mars_AX3_i/Ethernet/axi_ethernet/U0/mac/U0/tri_mode_ethernet_mac_support_clocking_i/clkout1       |
| src2      | g3,       | IBUF/O              | IOB_X0Y72       | IOB_X0Y72       | X0Y1         |           2 |               0 |               8.000 | ETH_RXC                                                      | Mars_AX3_i/Ethernet/axi_ethernet/U0/mac/U0/tri_mode_ethernet_mac_i/rgmii_interface/rgmii_rxc_ibuf_i/O     | Mars_AX3_i/Ethernet/axi_ethernet/U0/mac/U0/tri_mode_ethernet_mac_i/rgmii_interface/rgmii_rxc_ibuf |
| src3      | g4        | BSCANE2/DRCK        | None            | BSCAN_X0Y1      | X0Y1         |           1 |               0 |              33.333 | Mars_AX3_i/CPU/mdm_0/U0/Use_E2.BSCAN_I/Use_E2.BSCANE2_I/DRCK | Mars_AX3_i/CPU/mdm_0/U0/Use_E2.BSCAN_I/Use_E2.BSCANE2_I/DRCK                                              | Mars_AX3_i/CPU/mdm_0/U0/Use_E2.BSCAN_I/DRCK                                                       |
| src4      | g5        | MMCME2_ADV/CLKOUT0  | None            | MMCME2_ADV_X0Y1 | X0Y1         |           1 |               0 |               8.000 | clk_out1_Mars_AX3_clk_wiz_0                                  | Mars_AX3_i/Ethernet/clk_wiz/inst/mmcm_adv_inst/CLKOUT0                                                    | Mars_AX3_i/Ethernet/clk_wiz/inst/clk_out1_Mars_AX3_clk_wiz_0                                      |
| src4      | g9        | MMCME2_ADV/CLKFBOUT | None            | MMCME2_ADV_X0Y1 | X0Y1         |           1 |               0 |              10.000 | clkfbout_Mars_AX3_clk_wiz_0                                  | Mars_AX3_i/Ethernet/clk_wiz/inst/mmcm_adv_inst/CLKFBOUT                                                   | Mars_AX3_i/Ethernet/clk_wiz/inst/clkfbout_Mars_AX3_clk_wiz_0                                      |
| src5      | g10       | PLLE2_ADV/CLKOUT3   | PLLE2_ADV_X0Y2  | PLLE2_ADV_X0Y2  | X0Y2         |           1 |               0 |              10.000 | pll_clk3_out                                                 | Mars_AX3_i/Memory/SDRAM/u_Mars_AX3_SDRAM_0_mig/u_ddr3_infrastructure/plle2_i/CLKOUT3                      | Mars_AX3_i/Memory/SDRAM/u_Mars_AX3_SDRAM_0_mig/u_ddr3_infrastructure/pll_clk3_out                 |
+-----------+-----------+---------------------+-----------------+-----------------+--------------+-------------+-----------------+---------------------+--------------------------------------------------------------+-----------------------------------------------------------------------------------------------------------+---------------------------------------------------------------------------------------------------+
* Clock Loads column represents the clock pin loads (pin count)
** Non-Clock Loads column represents the non-clock pin loads (pin count)


4. Local Clock Details
----------------------

+----------+----------------------------+----------------------+-------------------------------------+--------------+-------------+-----------------+--------------+---------------+---------------------------------------------------------------------------------------------------------------------------------------------------------------------------------------------------------------------+------------------------------------------------------------------------------------------------------------------------------------------------------------------------------------------------------------------+
| Local Id | Driver Type/Pin            | Constraint           | Site/BEL                            | Clock Region | Clock Loads | Non-Clock Loads | Clock Period | Clock         | Driver Pin                                                                                                                                                                                                          | Net                                                                                                                                                                                                              |
+----------+----------------------------+----------------------+-------------------------------------+--------------+-------------+-----------------+--------------+---------------+---------------------------------------------------------------------------------------------------------------------------------------------------------------------------------------------------------------------+------------------------------------------------------------------------------------------------------------------------------------------------------------------------------------------------------------------||
| 0        | PLLE2_ADV/CLKOUT0          | PLLE2_ADV_X0Y2       | PLLE2_ADV_X0Y2/PLLE2_ADV            | X0Y2         |           5 |               2 |        1.250 | freq_refclk   | Mars_AX3_i/Memory/SDRAM/u_Mars_AX3_SDRAM_0_mig/u_ddr3_infrastructure/plle2_i/CLKOUT0                                                                                                                                | Mars_AX3_i/Memory/SDRAM/u_Mars_AX3_SDRAM_0_mig/u_ddr3_infrastructure/freq_refclk                                                                                                                                 - Static -
| 1        | PHASER_OUT_PHY/OCLKDELAYED | PHASER_OUT_PHY_X0Y10 | PHASER_OUT_PHY_X0Y10/PHASER_OUT_PHY | X0Y2         |           2 |               0 |        2.500 | oserdes_clk_2 | Mars_AX3_i/Memory/SDRAM/u_Mars_AX3_SDRAM_0_mig/u_memc_ui_top_axi/mem_intfc0/ddr_phy_top0/u_ddr_mc_phy_wrapper/u_ddr_mc_phy/ddr_phy_4lanes_0.u_ddr_phy_4lanes/ddr_byte_lane_C.ddr_byte_lane_C/phaser_out/OCLKDELAYED | Mars_AX3_i/Memory/SDRAM/u_Mars_AX3_SDRAM_0_mig/u_memc_ui_top_axi/mem_intfc0/ddr_phy_top0/u_ddr_mc_phy_wrapper/u_ddr_mc_phy/ddr_phy_4lanes_0.u_ddr_phy_4lanes/ddr_byte_lane_C.ddr_byte_lane_C/oserdes_clk_delayed - Static -
| 2        | PHASER_OUT_PHY/OCLKDELAYED | PHASER_OUT_PHY_X0Y11 | PHASER_OUT_PHY_X0Y11/PHASER_OUT_PHY | X0Y2         |           2 |               0 |        2.500 | oserdes_clk_3 | Mars_AX3_i/Memory/SDRAM/u_Mars_AX3_SDRAM_0_mig/u_memc_ui_top_axi/mem_intfc0/ddr_phy_top0/u_ddr_mc_phy_wrapper/u_ddr_mc_phy/ddr_phy_4lanes_0.u_ddr_phy_4lanes/ddr_byte_lane_D.ddr_byte_lane_D/phaser_out/OCLKDELAYED | Mars_AX3_i/Memory/SDRAM/u_Mars_AX3_SDRAM_0_mig/u_memc_ui_top_axi/mem_intfc0/ddr_phy_top0/u_ddr_mc_phy_wrapper/u_ddr_mc_phy/ddr_phy_4lanes_0.u_ddr_phy_4lanes/ddr_byte_lane_D.ddr_byte_lane_D/oserdes_clk_delayed - Static -
| 3        | PLLE2_ADV/CLKOUT1          | PLLE2_ADV_X0Y2       | PLLE2_ADV_X0Y2/PLLE2_ADV            | X0Y2         |           1 |               6 |        2.500 | mem_refclk    | Mars_AX3_i/Memory/SDRAM/u_Mars_AX3_SDRAM_0_mig/u_ddr3_infrastructure/plle2_i/CLKOUT1                                                                                                                                | Mars_AX3_i/Memory/SDRAM/u_Mars_AX3_SDRAM_0_mig/u_ddr3_infrastructure/mem_refclk                                                                                                                                  - Static -
+----------+----------------------------+----------------------+-------------------------------------+--------------+-------------+-----------------+--------------+---------------+---------------------------------------------------------------------------------------------------------------------------------------------------------------------------------------------------------------------+------------------------------------------------------------------------------------------------------------------------------------------------------------------------------------------------------------------||
* Local Clocks in this context represents only clocks driven by non-global buffers
** Clock Loads column represents the clock pin loads (pin count)
*** Non-Clock Loads column represents the non-clock pin loads (pin count)


5. Clock Regions: Key Resource Utilization
------------------------------------------

+-------------------+--------------+--------------+--------------+--------------+--------------+--------------+--------------+--------------+--------------+--------------+--------------+--------------+--------------+--------------+--------------+
|                   | Global Clock |     BUFRs    |    BUFMRs    |    BUFIOs    |     MMCM     |      PLL     |      GT      |      PCI     |    ILOGIC    |    OLOGIC    |      FF      |     LUTM     |    RAMB18    |    RAMB36    |    DSP48E2   |
+-------------------+------+-------+------+-------+------+-------+------+-------+------+-------+------+-------+------+-------+------+-------+------+-------+------+-------+------+-------+------+-------+------+-------+------+-------+------+-------+
| Clock Region Name | Used | Avail | Used | Avail | Used | Avail | Used | Avail | Used | Avail | Used | Avail | Used | Avail | Used | Avail | Used | Avail | Used | Avail | Used | Avail | Used | Avail | Used | Avail | Used | Avail | Used | Avail |
+-------------------+------+-------+------+-------+------+-------+------+-------+------+-------+------+-------+------+-------+------+-------+------+-------+------+-------+------+-------+------+-------+------+-------+------+-------+------+-------+
| X0Y0              |    0 |    12 |    0 |     4 |    0 |     2 |    0 |     4 |    0 |     1 |    0 |     1 |    0 |     0 |    0 |     0 |    0 |    50 |    0 |    50 |    0 |  2600 |    0 |   600 |    0 |    20 |    0 |    10 |    0 |    20 |
| X1Y0              |    0 |    12 |    0 |     0 |    0 |     0 |    0 |     0 |    0 |     0 |    0 |     0 |    0 |     4 |    0 |     0 |    0 |     0 |    0 |     0 |    0 |  1500 |    0 |   550 |    0 |    40 |    0 |    20 |    0 |    40 |
| X0Y1              |    9 |    12 |    1 |     4 |    0 |     2 |    1 |     4 |    1 |     1 |    0 |     1 |    0 |     0 |    0 |     0 |    9 |    50 |    6 |    50 | 4234 |  2000 | 1258 |   600 |    0 |    20 |    2 |    10 |    0 |    20 |
| X1Y1              |    3 |    12 |    0 |     4 |    0 |     2 |    0 |     4 |    0 |     1 |    0 |     1 |    0 |     0 |    0 |     0 |    0 |    50 |    0 |    50 | 3584 |  1900 | 1312 |   650 |    1 |    60 |    3 |    30 |    0 |    40 |
| X0Y2              |    4 |    12 |    0 |     4 |    0 |     2 |    0 |     4 |    1 |     1 |    0 |     1 |    0 |     0 |    0 |     0 |    0 |    50 |    4 |    50 | 5419 |  2000 | 1901 |   600 |    0 |    20 |    0 |    10 |    0 |    20 |
| X1Y2              |    3 |    12 |    0 |     4 |    0 |     2 |    0 |     4 |    0 |     1 |    0 |     1 |    0 |     0 |    0 |     0 |    0 |    50 |    0 |    50 | 3974 |  1900 | 1493 |   650 |    0 |    60 |    8 |    30 |    0 |    40 |
| X0Y3              |    2 |    12 |    0 |     4 |    0 |     2 |    0 |     4 |    1 |     1 |    0 |     1 |    0 |     0 |    0 |     0 |    0 |    50 |    0 |    50 | 2279 |  2600 |  469 |   600 |    0 |    20 |    0 |    10 |    0 |    20 |
| X1Y3              |    2 |    12 |    0 |     0 |    0 |     0 |    0 |     0 |    0 |     0 |    0 |     0 |    0 |     4 |    0 |     1 |    0 |     0 |    0 |     0 |  312 |  1350 |  117 |   500 |    0 |    30 |    0 |    15 |    0 |    40 |
+-------------------+------+-------+------+-------+------+-------+------+-------+------+-------+------+-------+------+-------+------+-------+------+-------+------+-------+------+-------+------+-------+------+-------+------+-------+------+-------+
* Global Clock column represents track count; while other columns represents cell counts


6. Clock Regions : Global Clock Summary
---------------------------------------

All Modules
+----+----+----+
|    | X0 | X1 |
+----+----+----+
| Y3 |  2 |  2 |
| Y2 |  4 |  3 |
| Y1 |  9 |  3 |
| Y0 |  0 |  0 |
+----+----+----+


7. Device Cell Placement Summary for Global Clock g0
----------------------------------------------------

+-----------+-----------------+-------------------+--------+-------------+---------------+-------------+----------+----------------+----------+------------------------------------------------------------------------------------+
| Global Id | Driver Type/Pin | Driver Region (D) | Clock  | Period (ns) | Waveform (ns) | Slice Loads | IO Loads | Clocking Loads | GT Loads | Net                                                                                |
+-----------+-----------------+-------------------+--------+-------------+---------------+-------------+----------+----------------+----------+------------------------------------------------------------------------------------+
| g0        | BUFG/O          | n/a               | Clk100 |      10.000 | {0.000 5.000} |       10657 |        0 |              1 |        0 | Mars_AX3_i/Memory/SDRAM/u_Mars_AX3_SDRAM_0_mig/u_ddr3_infrastructure/ui_addn_clk_1 |
+-----------+-----------------+-------------------+--------+-------------+---------------+-------------+----------+----------------+----------+------------------------------------------------------------------------------------+
* Slice Loads column represents load cell count of all cell types other than IO, GT and clock resources
** IO Loads column represents load cell count of IO types
*** Clocking Loads column represents load cell count that are clock resources (global clock buffer, MMCM, PLL, etc)
**** GT Loads column represents load cell count of GT types


+----+-------+-------+
|    | X0    | X1    |
+----+-------+-------+
| Y3 |     0 |     0 |
| Y2 |  2883 |  3108 |
| Y1 |  1779 |  2888 |
| Y0 |     0 |     0 |
+----+-------+-------+


8. Device Cell Placement Summary for Global Clock g1
----------------------------------------------------

+-----------+-----------------+-------------------+-----------+-------------+---------------+-------------+----------+----------------+----------+--------------------------------------------------------------------------+
| Global Id | Driver Type/Pin | Driver Region (D) | Clock     | Period (ns) | Waveform (ns) | Slice Loads | IO Loads | Clocking Loads | GT Loads | Net                                                                      |
+-----------+-----------------+-------------------+-----------+-------------+---------------+-------------+----------+----------------+----------+--------------------------------------------------------------------------+
| g1        | BUFG/O          | n/a               | clk_pll_i |      10.000 | {0.000 5.000} |        6412 |        0 |              1 |        0 | Mars_AX3_i/Memory/SDRAM/u_Mars_AX3_SDRAM_0_mig/u_ddr3_infrastructure/CLK |
+-----------+-----------------+-------------------+-----------+-------------+---------------+-------------+----------+----------------+----------+--------------------------------------------------------------------------+
* Slice Loads column represents load cell count of all cell types other than IO, GT and clock resources
** IO Loads column represents load cell count of IO types
*** Clocking Loads column represents load cell count that are clock resources (global clock buffer, MMCM, PLL, etc)
**** GT Loads column represents load cell count of GT types


+----+-------+------+
|    | X0    | X1   |
+----+-------+------+
| Y3 |  2362 |  297 |
| Y2 |  2912 |  842 |
| Y1 |     0 |    0 |
| Y0 |     0 |    0 |
+----+-------+------+


9. Device Cell Placement Summary for Global Clock g2
----------------------------------------------------

+-----------+-----------------+-------------------+---------+-------------+---------------+-------------+----------+----------------+----------+-------------------------------------------------------------------------------------------------+
| Global Id | Driver Type/Pin | Driver Region (D) | Clock   | Period (ns) | Waveform (ns) | Slice Loads | IO Loads | Clocking Loads | GT Loads | Net                                                                                             |
+-----------+-----------------+-------------------+---------+-------------+---------------+-------------+----------+----------------+----------+-------------------------------------------------------------------------------------------------+
| g2        | BUFGCTRL/O      | n/a               | clkout0 |       8.000 | {0.000 4.000} |        1674 |        0 |              0 |        0 | Mars_AX3_i/Ethernet/axi_ethernet/U0/mac/U0/tri_mode_ethernet_mac_support_clocking_i/gtx_clk_out |
+-----------+-----------------+-------------------+---------+-------------+---------------+-------------+----------+----------------+----------+-------------------------------------------------------------------------------------------------+
* Slice Loads column represents load cell count of all cell types other than IO, GT and clock resources
** IO Loads column represents load cell count of IO types
*** Clocking Loads column represents load cell count that are clock resources (global clock buffer, MMCM, PLL, etc)
**** GT Loads column represents load cell count of GT types


+----+-------+------+
|    | X0    | X1   |
+----+-------+------+
| Y3 |     0 |    0 |
| Y2 |     0 |    0 |
| Y1 |  1021 |  653 |
| Y0 |     0 |    0 |
+----+-------+------+


10. Device Cell Placement Summary for Global Clock g3
-----------------------------------------------------

+-----------+-----------------+-------------------+---------+-------------+---------------+-------------+----------+----------------+----------+------------------------------------------------------------------------------------------------+
| Global Id | Driver Type/Pin | Driver Region (D) | Clock   | Period (ns) | Waveform (ns) | Slice Loads | IO Loads | Clocking Loads | GT Loads | Net                                                                                            |
+-----------+-----------------+-------------------+---------+-------------+---------------+-------------+----------+----------------+----------+------------------------------------------------------------------------------------------------+
| g3        | BUFR/O          | X0Y1              | ETH_RXC |       8.000 | {0.000 4.000} |        1438 |        0 |              0 |        0 | Mars_AX3_i/Ethernet/axi_ethernet/U0/mac/U0/tri_mode_ethernet_mac_i/rgmii_interface/rgmii_rxc_0 |
+-----------+-----------------+-------------------+---------+-------------+---------------+-------------+----------+----------------+----------+------------------------------------------------------------------------------------------------+
* Slice Loads column represents load cell count of all cell types other than IO, GT and clock resources
** IO Loads column represents load cell count of IO types
*** Clocking Loads column represents load cell count that are clock resources (global clock buffer, MMCM, PLL, etc)
**** GT Loads column represents load cell count of GT types


+----+-----------+----+
|    | X0        | X1 |
+----+-----------+----+
| Y3 |         0 |  0 |
| Y2 |         0 |  0 |
| Y1 |  (D) 1438 |  0 |
| Y0 |         0 |  0 |
+----+-----------+----+


11. Device Cell Placement Summary for Global Clock g4
-----------------------------------------------------

+-----------+-----------------+-------------------+--------------------------------------------------------------+-------------+----------------+-------------+----------+----------------+----------+---------------------------------------------------------------+
| Global Id | Driver Type/Pin | Driver Region (D) | Clock                                                        | Period (ns) | Waveform (ns)  | Slice Loads | IO Loads | Clocking Loads | GT Loads | Net                                                           |
+-----------+-----------------+-------------------+--------------------------------------------------------------+-------------+----------------+-------------+----------+----------------+----------+---------------------------------------------------------------+
| g4        | BUFG/O          | n/a               | Mars_AX3_i/CPU/mdm_0/U0/Use_E2.BSCAN_I/Use_E2.BSCANE2_I/DRCK |      33.333 | {0.000 16.667} |         250 |        0 |              0 |        0 | Mars_AX3_i/CPU/mdm_0/U0/No_Dbg_Reg_Access.BUFG_DRCK/Dbg_Clk_0 |
+-----------+-----------------+-------------------+--------------------------------------------------------------+-------------+----------------+-------------+----------+----------------+----------+---------------------------------------------------------------+
* Slice Loads column represents load cell count of all cell types other than IO, GT and clock resources
** IO Loads column represents load cell count of IO types
*** Clocking Loads column represents load cell count that are clock resources (global clock buffer, MMCM, PLL, etc)
**** GT Loads column represents load cell count of GT types


+----+----+------+
|    | X0 | X1   |
+----+----+------+
| Y3 |  0 |    0 |
| Y2 |  0 |  250 |
| Y1 |  0 |    0 |
| Y0 |  0 |    0 |
+----+----+------+


12. Device Cell Placement Summary for Global Clock g5
-----------------------------------------------------

+-----------+-----------------+-------------------+-----------------------------+-------------+---------------+-------------+----------+----------------+----------+-------------------------------------------+
| Global Id | Driver Type/Pin | Driver Region (D) | Clock                       | Period (ns) | Waveform (ns) | Slice Loads | IO Loads | Clocking Loads | GT Loads | Net                                       |
+-----------+-----------------+-------------------+-----------------------------+-------------+---------------+-------------+----------+----------------+----------+-------------------------------------------+
| g5        | BUFG/O          | n/a               | clk_out1_Mars_AX3_clk_wiz_0 |       8.000 | {0.000 4.000} |          84 |        0 |              1 |        0 | Mars_AX3_i/Ethernet/clk_wiz/inst/clk_out1 |
+-----------+-----------------+-------------------+-----------------------------+-------------+---------------+-------------+----------+----------------+----------+-------------------------------------------+
* Slice Loads column represents load cell count of all cell types other than IO, GT and clock resources
** IO Loads column represents load cell count of IO types
*** Clocking Loads column represents load cell count that are clock resources (global clock buffer, MMCM, PLL, etc)
**** GT Loads column represents load cell count of GT types


+----+-----+-----+
|    | X0  | X1  |
+----+-----+-----+
| Y3 |   1 |   0 |
| Y2 |   0 |   0 |
| Y1 |  12 |  72 |
| Y0 |   0 |   0 |
+----+-----+-----+


13. Device Cell Placement Summary for Global Clock g6
-----------------------------------------------------

+-----------+-----------------+-------------------+---------+-------------+---------------+-------------+----------+----------------+----------+---------------------------------------------------------------------------------------------------+
| Global Id | Driver Type/Pin | Driver Region (D) | Clock   | Period (ns) | Waveform (ns) | Slice Loads | IO Loads | Clocking Loads | GT Loads | Net                                                                                               |
+-----------+-----------------+-------------------+---------+-------------+---------------+-------------+----------+----------------+----------+---------------------------------------------------------------------------------------------------+
| g6        | BUFGCTRL/O      | n/a               | clkout1 |       8.000 | {2.000 6.000} |          37 |        0 |              0 |        0 | Mars_AX3_i/Ethernet/axi_ethernet/U0/mac/U0/tri_mode_ethernet_mac_support_clocking_i/gtx_clk90_out |
+-----------+-----------------+-------------------+---------+-------------+---------------+-------------+----------+----------------+----------+---------------------------------------------------------------------------------------------------+
* Slice Loads column represents load cell count of all cell types other than IO, GT and clock resources
** IO Loads column represents load cell count of IO types
*** Clocking Loads column represents load cell count that are clock resources (global clock buffer, MMCM, PLL, etc)
**** GT Loads column represents load cell count of GT types


+----+-----+----+
|    | X0  | X1 |
+----+-----+----+
| Y3 |   0 |  0 |
| Y2 |   0 |  0 |
| Y1 |  37 |  0 |
| Y0 |   0 |  0 |
+----+-----+----+


14. Device Cell Placement Summary for Global Clock g7
-----------------------------------------------------

+-----------+-----------------+-------------------+--------+-------------+---------------+-------------+----------+----------------+----------+------------------------------------------------------------------------------------+
| Global Id | Driver Type/Pin | Driver Region (D) | Clock  | Period (ns) | Waveform (ns) | Slice Loads | IO Loads | Clocking Loads | GT Loads | Net                                                                                |
+-----------+-----------------+-------------------+--------+-------------+---------------+-------------+----------+----------------+----------+------------------------------------------------------------------------------------+
| g7        | BUFG/O          | n/a               | Clk200 |       5.000 | {0.000 2.500} |          37 |        0 |              0 |        0 | Mars_AX3_i/Memory/SDRAM/u_Mars_AX3_SDRAM_0_mig/u_ddr3_infrastructure/ui_addn_clk_2 |
+-----------+-----------------+-------------------+--------+-------------+---------------+-------------+----------+----------------+----------+------------------------------------------------------------------------------------+
* Slice Loads column represents load cell count of all cell types other than IO, GT and clock resources
** IO Loads column represents load cell count of IO types
*** Clocking Loads column represents load cell count that are clock resources (global clock buffer, MMCM, PLL, etc)
**** GT Loads column represents load cell count of GT types


+----+-----+-----+
|    | X0  | X1  |
+----+-----+-----+
| Y3 |   0 |  15 |
| Y2 |   1 |   0 |
| Y1 |  21 |   0 |
| Y0 |   0 |   0 |
+----+-----+-----+


15. Device Cell Placement Summary for Global Clock g8
-----------------------------------------------------

+-----------+-----------------+-------------------+-------+-------------+----------------+-------------+----------+----------------+----------+------------------------------------------------------------------------------------+
| Global Id | Driver Type/Pin | Driver Region (D) | Clock | Period (ns) | Waveform (ns)  | Slice Loads | IO Loads | Clocking Loads | GT Loads | Net                                                                                |
+-----------+-----------------+-------------------+-------+-------------+----------------+-------------+----------+----------------+----------+------------------------------------------------------------------------------------+
| g8        | BUFG/O          | n/a               | Clk50 |      20.000 | {0.000 10.000} |          24 |        0 |              0 |        0 | Mars_AX3_i/Memory/SDRAM/u_Mars_AX3_SDRAM_0_mig/u_ddr3_infrastructure/ui_addn_clk_0 |
+-----------+-----------------+-------------------+-------+-------------+----------------+-------------+----------+----------------+----------+------------------------------------------------------------------------------------+
* Slice Loads column represents load cell count of all cell types other than IO, GT and clock resources
** IO Loads column represents load cell count of IO types
*** Clocking Loads column represents load cell count that are clock resources (global clock buffer, MMCM, PLL, etc)
**** GT Loads column represents load cell count of GT types


+----+-----+----+
|    | X0  | X1 |
+----+-----+----+
| Y3 |   0 |  0 |
| Y2 |   0 |  0 |
| Y1 |  24 |  0 |
| Y0 |   0 |  0 |
+----+-----+----+


16. Device Cell Placement Summary for Global Clock g9
-----------------------------------------------------

+-----------+-----------------+-------------------+-----------------------------+-------------+---------------+-------------+----------+----------------+----------+------------------------------------------------------------------+
| Global Id | Driver Type/Pin | Driver Region (D) | Clock                       | Period (ns) | Waveform (ns) | Slice Loads | IO Loads | Clocking Loads | GT Loads | Net                                                              |
+-----------+-----------------+-------------------+-----------------------------+-------------+---------------+-------------+----------+----------------+----------+------------------------------------------------------------------+
| g9        | BUFG/O          | n/a               | clkfbout_Mars_AX3_clk_wiz_0 |      10.000 | {0.000 5.000} |           0 |        0 |              1 |        0 | Mars_AX3_i/Ethernet/clk_wiz/inst/clkfbout_buf_Mars_AX3_clk_wiz_0 |
+-----------+-----------------+-------------------+-----------------------------+-------------+---------------+-------------+----------+----------------+----------+------------------------------------------------------------------+
* Slice Loads column represents load cell count of all cell types other than IO, GT and clock resources
** IO Loads column represents load cell count of IO types
*** Clocking Loads column represents load cell count that are clock resources (global clock buffer, MMCM, PLL, etc)
**** GT Loads column represents load cell count of GT types


+----+----+----+
|    | X0 | X1 |
+----+----+----+
| Y3 |  0 |  0 |
| Y2 |  0 |  0 |
| Y1 |  1 |  0 |
| Y0 |  0 |  0 |
+----+----+----+


17. Device Cell Placement Summary for Global Clock g10
------------------------------------------------------

+-----------+-----------------+-------------------+--------------+-------------+---------------+-------------+----------+----------------+----------+-------------------------------------------------------------------------------+
| Global Id | Driver Type/Pin | Driver Region (D) | Clock        | Period (ns) | Waveform (ns) | Slice Loads | IO Loads | Clocking Loads | GT Loads | Net                                                                           |
+-----------+-----------------+-------------------+--------------+-------------+---------------+-------------+----------+----------------+----------+-------------------------------------------------------------------------------+
| g10       | BUFH/O          | X0Y2              | pll_clk3_out |      10.000 | {0.000 5.000} |           0 |        0 |              1 |        0 | Mars_AX3_i/Memory/SDRAM/u_Mars_AX3_SDRAM_0_mig/u_ddr3_infrastructure/pll_clk3 |
+-----------+-----------------+-------------------+--------------+-------------+---------------+-------------+----------+----------------+----------+-------------------------------------------------------------------------------+
* Slice Loads column represents load cell count of all cell types other than IO, GT and clock resources
** IO Loads column represents load cell count of IO types
*** Clocking Loads column represents load cell count that are clock resources (global clock buffer, MMCM, PLL, etc)
**** GT Loads column represents load cell count of GT types


+----+--------+----+
|    | X0     | X1 |
+----+--------+----+
| Y3 |      0 |  0 |
| Y2 |  (D) 1 |  0 |
| Y1 |      0 |  0 |
| Y0 |      0 |  0 |
+----+--------+----+


18. Clock Region Cell Placement per Global Clock: Region X0Y1
-------------------------------------------------------------

+-----------+-------+-----------------+------------+-------------+-----------------+------+--------+------+-----+----+------+-----+---------+---------------------------------------------------------------------------------------------------+
| Global Id | Track | Driver Type/Pin | Constraint | Clock Loads | Non-Clock Loads | FF   | LUTRAM | RAMB | DSP | GT | MMCM | PLL | Hard IP | Net                                                                                               |
+-----------+-------+-----------------+------------+-------------+-----------------+------+--------+------+-----+----+------+-----+---------+---------------------------------------------------------------------------------------------------+
| g0        | n/a   | BUFG/O          | None       |        1779 |               0 | 1717 |     58 |    2 |   0 |  0 |    1 |   0 |       0 | Mars_AX3_i/Memory/SDRAM/u_Mars_AX3_SDRAM_0_mig/u_ddr3_infrastructure/ui_addn_clk_1                |
| g2        | n/a   | BUFGCTRL/O      | None       |        1021 |               0 | 1009 |      7 |    0 |   0 |  0 |    0 |   0 |       0 | Mars_AX3_i/Ethernet/axi_ethernet/U0/mac/U0/tri_mode_ethernet_mac_support_clocking_i/gtx_clk_out   |
| g3        | n/a   | BUFR/O          | None       |        1438 |               0 | 1416 |     20 |    2 |   0 |  0 |    0 |   0 |       0 | Mars_AX3_i/Ethernet/axi_ethernet/U0/mac/U0/tri_mode_ethernet_mac_i/rgmii_interface/rgmii_rxc_0    |
| g5        | n/a   | BUFG/O          | None       |          12 |               0 |   12 |      0 |    0 |   0 |  0 |    0 |   0 |       0 | Mars_AX3_i/Ethernet/clk_wiz/inst/clk_out1                                                         |
| g6        | n/a   | BUFGCTRL/O      | None       |          37 |               0 |   36 |      0 |    0 |   0 |  0 |    0 |   0 |       0 | Mars_AX3_i/Ethernet/axi_ethernet/U0/mac/U0/tri_mode_ethernet_mac_support_clocking_i/gtx_clk90_out |
| g7        | n/a   | BUFG/O          | None       |          21 |               0 |   20 |      0 |    0 |   0 |  0 |    0 |   0 |       0 | Mars_AX3_i/Memory/SDRAM/u_Mars_AX3_SDRAM_0_mig/u_ddr3_infrastructure/ui_addn_clk_2                |
| g8        | n/a   | BUFG/O          | None       |          24 |               0 |   24 |      0 |    0 |   0 |  0 |    0 |   0 |       0 | Mars_AX3_i/Memory/SDRAM/u_Mars_AX3_SDRAM_0_mig/u_ddr3_infrastructure/ui_addn_clk_0                |
| g9        | n/a   | BUFG/O          | None       |           1 |               0 |    0 |      0 |    0 |   0 |  0 |    1 |   0 |       0 | Mars_AX3_i/Ethernet/clk_wiz/inst/clkfbout_buf_Mars_AX3_clk_wiz_0                                  |
+-----------+-------+-----------------+------------+-------------+-----------------+------+--------+------+-----+----+------+-----+---------+---------------------------------------------------------------------------------------------------+
* Clock Loads column represents the clock pin loads (pin count)
** Non-Clock Loads column represents the non-clock pin loads (pin count)
*** Columns FF, LUTRAM, RAMB through 'Hard IP' represents load cell counts


19. Clock Region Cell Placement per Global Clock: Region X1Y1
-------------------------------------------------------------

+-----------+-------+-----------------+------------+-------------+-----------------+------+--------+------+-----+----+------+-----+---------+-------------------------------------------------------------------------------------------------+
| Global Id | Track | Driver Type/Pin | Constraint | Clock Loads | Non-Clock Loads | FF   | LUTRAM | RAMB | DSP | GT | MMCM | PLL | Hard IP | Net                                                                                             |
+-----------+-------+-----------------+------------+-------------+-----------------+------+--------+------+-----+----+------+-----+---------+-------------------------------------------------------------------------------------------------+
| g0        | n/a   | BUFG/O          | None       |        2888 |               0 | 2861 |     20 |    4 |   0 |  0 |    0 |   0 |       0 | Mars_AX3_i/Memory/SDRAM/u_Mars_AX3_SDRAM_0_mig/u_ddr3_infrastructure/ui_addn_clk_1              |
| g2        | n/a   | BUFGCTRL/O      | None       |         653 |               0 |  651 |      0 |    2 |   0 |  0 |    0 |   0 |       0 | Mars_AX3_i/Ethernet/axi_ethernet/U0/mac/U0/tri_mode_ethernet_mac_support_clocking_i/gtx_clk_out |
| g5        | n/a   | BUFG/O          | None       |          72 |               0 |   72 |      0 |    0 |   0 |  0 |    0 |   0 |       0 | Mars_AX3_i/Ethernet/clk_wiz/inst/clk_out1                                                       |
+-----------+-------+-----------------+------------+-------------+-----------------+------+--------+------+-----+----+------+-----+---------+-------------------------------------------------------------------------------------------------+
* Clock Loads column represents the clock pin loads (pin count)
** Non-Clock Loads column represents the non-clock pin loads (pin count)
*** Columns FF, LUTRAM, RAMB through 'Hard IP' represents load cell counts


20. Clock Region Cell Placement per Global Clock: Region X0Y2
-------------------------------------------------------------

+-----------+-------+-----------------+------------+-------------+-----------------+------+--------+------+-----+----+------+-----+---------+------------------------------------------------------------------------------------+
| Global Id | Track | Driver Type/Pin | Constraint | Clock Loads | Non-Clock Loads | FF   | LUTRAM | RAMB | DSP | GT | MMCM | PLL | Hard IP | Net                                                                                |
+-----------+-------+-----------------+------------+-------------+-----------------+------+--------+------+-----+----+------+-----+---------+------------------------------------------------------------------------------------+
| g0        | n/a   | BUFG/O          | None       |        2883 |               0 | 2632 |    250 |    0 |   0 |  0 |    0 |   0 |       0 | Mars_AX3_i/Memory/SDRAM/u_Mars_AX3_SDRAM_0_mig/u_ddr3_infrastructure/ui_addn_clk_1 |
| g1        | n/a   | BUFG/O          | None       |        2912 |               0 | 2787 |     95 |    0 |   0 |  0 |    1 |   0 |       0 | Mars_AX3_i/Memory/SDRAM/u_Mars_AX3_SDRAM_0_mig/u_ddr3_infrastructure/CLK           |
| g7        | n/a   | BUFG/O          | None       |           1 |               0 |    0 |      0 |    0 |   0 |  0 |    0 |   0 |       0 | Mars_AX3_i/Memory/SDRAM/u_Mars_AX3_SDRAM_0_mig/u_ddr3_infrastructure/ui_addn_clk_2 |
| g10       | n/a   | BUFH/O          | None       |           1 |               0 |    0 |      0 |    0 |   0 |  0 |    1 |   0 |       0 | Mars_AX3_i/Memory/SDRAM/u_Mars_AX3_SDRAM_0_mig/u_ddr3_infrastructure/pll_clk3      |
+-----------+-------+-----------------+------------+-------------+-----------------+------+--------+------+-----+----+------+-----+---------+------------------------------------------------------------------------------------+
* Clock Loads column represents the clock pin loads (pin count)
** Non-Clock Loads column represents the non-clock pin loads (pin count)
*** Columns FF, LUTRAM, RAMB through 'Hard IP' represents load cell counts


21. Clock Region Cell Placement per Global Clock: Region X1Y2
-------------------------------------------------------------

+-----------+-------+-----------------+------------+-------------+-----------------+------+--------+------+-----+----+------+-----+---------+------------------------------------------------------------------------------------+
| Global Id | Track | Driver Type/Pin | Constraint | Clock Loads | Non-Clock Loads | FF   | LUTRAM | RAMB | DSP | GT | MMCM | PLL | Hard IP | Net                                                                                |
+-----------+-------+-----------------+------------+-------------+-----------------+------+--------+------+-----+----+------+-----+---------+------------------------------------------------------------------------------------+
| g0        | n/a   | BUFG/O          | None       |        3108 |               0 | 2946 |    154 |    8 |   0 |  0 |    0 |   0 |       0 | Mars_AX3_i/Memory/SDRAM/u_Mars_AX3_SDRAM_0_mig/u_ddr3_infrastructure/ui_addn_clk_1 |
| g1        | n/a   | BUFG/O          | None       |         842 |               0 |  802 |     40 |    0 |   0 |  0 |    0 |   0 |       0 | Mars_AX3_i/Memory/SDRAM/u_Mars_AX3_SDRAM_0_mig/u_ddr3_infrastructure/CLK           |
| g4        | n/a   | BUFG/O          | None       |         250 |               0 |  226 |     24 |    0 |   0 |  0 |    0 |   0 |       0 | Mars_AX3_i/CPU/mdm_0/U0/No_Dbg_Reg_Access.BUFG_DRCK/Dbg_Clk_0                      |
+-----------+-------+-----------------+------------+-------------+-----------------+------+--------+------+-----+----+------+-----+---------+------------------------------------------------------------------------------------+
* Clock Loads column represents the clock pin loads (pin count)
** Non-Clock Loads column represents the non-clock pin loads (pin count)
*** Columns FF, LUTRAM, RAMB through 'Hard IP' represents load cell counts


22. Clock Region Cell Placement per Global Clock: Region X0Y3
-------------------------------------------------------------

+-----------+-------+-----------------+------------+-------------+-----------------+------+--------+------+-----+----+------+-----+---------+--------------------------------------------------------------------------+
| Global Id | Track | Driver Type/Pin | Constraint | Clock Loads | Non-Clock Loads | FF   | LUTRAM | RAMB | DSP | GT | MMCM | PLL | Hard IP | Net                                                                      |
+-----------+-------+-----------------+------------+-------------+-----------------+------+--------+------+-----+----+------+-----+---------+--------------------------------------------------------------------------+
| g1        | n/a   | BUFG/O          | None       |        2362 |               0 | 2279 |     83 |    0 |   0 |  0 |    0 |   0 |       0 | Mars_AX3_i/Memory/SDRAM/u_Mars_AX3_SDRAM_0_mig/u_ddr3_infrastructure/CLK |
| g5        | n/a   | BUFG/O          | None       |           1 |               0 |    0 |      0 |    0 |   0 |  0 |    1 |   0 |       0 | Mars_AX3_i/Ethernet/clk_wiz/inst/clk_out1                                |
+-----------+-------+-----------------+------------+-------------+-----------------+------+--------+------+-----+----+------+-----+---------+--------------------------------------------------------------------------+
* Clock Loads column represents the clock pin loads (pin count)
** Non-Clock Loads column represents the non-clock pin loads (pin count)
*** Columns FF, LUTRAM, RAMB through 'Hard IP' represents load cell counts


23. Clock Region Cell Placement per Global Clock: Region X1Y3
-------------------------------------------------------------

+-----------+-------+-----------------+------------+-------------+-----------------+-----+--------+------+-----+----+------+-----+---------+------------------------------------------------------------------------------------+
| Global Id | Track | Driver Type/Pin | Constraint | Clock Loads | Non-Clock Loads | FF  | LUTRAM | RAMB | DSP | GT | MMCM | PLL | Hard IP | Net                                                                                |
+-----------+-------+-----------------+------------+-------------+-----------------+-----+--------+------+-----+----+------+-----+---------+------------------------------------------------------------------------------------+
| g1        | n/a   | BUFG/O          | None       |         297 |               0 | 297 |      0 |    0 |   0 |  0 |    0 |   0 |       0 | Mars_AX3_i/Memory/SDRAM/u_Mars_AX3_SDRAM_0_mig/u_ddr3_infrastructure/CLK           |
| g7        | n/a   | BUFG/O          | None       |          15 |               0 |  15 |      0 |    0 |   0 |  0 |    0 |   0 |       0 | Mars_AX3_i/Memory/SDRAM/u_Mars_AX3_SDRAM_0_mig/u_ddr3_infrastructure/ui_addn_clk_2 |
+-----------+-------+-----------------+------------+-------------+-----------------+-----+--------+------+-----+----+------+-----+---------+------------------------------------------------------------------------------------+
* Clock Loads column represents the clock pin loads (pin count)
** Non-Clock Loads column represents the non-clock pin loads (pin count)
*** Columns FF, LUTRAM, RAMB through 'Hard IP' represents load cell counts



# Location of BUFG Primitives 
set_property LOC BUFGCTRL_X0Y20 [get_cells Mars_AX3_i/Memory/SDRAM/u_Mars_AX3_SDRAM_0_mig/u_ddr3_infrastructure/gen_ui_extra_clocks.u_bufg_ui_addn_clk_2]
set_property LOC BUFGCTRL_X0Y16 [get_cells Mars_AX3_i/Memory/SDRAM/u_Mars_AX3_SDRAM_0_mig/u_ddr3_infrastructure/gen_ui_extra_clocks.u_bufg_ui_addn_clk_1]
set_property LOC BUFGCTRL_X0Y21 [get_cells Mars_AX3_i/Memory/SDRAM/u_Mars_AX3_SDRAM_0_mig/u_ddr3_infrastructure/gen_ui_extra_clocks.u_bufg_ui_addn_clk_0]
set_property LOC BUFGCTRL_X0Y17 [get_cells Mars_AX3_i/Memory/SDRAM/u_Mars_AX3_SDRAM_0_mig/u_ddr3_infrastructure/u_bufg_clkdiv0]
set_property LOC BUFGCTRL_X0Y2 [get_cells Mars_AX3_i/Ethernet/clk_wiz/inst/clkf_buf]
set_property LOC BUFGCTRL_X0Y1 [get_cells Mars_AX3_i/Ethernet/clk_wiz/inst/clkout1_buf]
set_property LOC BUFGCTRL_X0Y18 [get_cells Mars_AX3_i/Ethernet/axi_ethernet/U0/mac/U0/tri_mode_ethernet_mac_support_clocking_i/clkout1_buf]
set_property LOC BUFGCTRL_X0Y19 [get_cells Mars_AX3_i/Ethernet/axi_ethernet/U0/mac/U0/tri_mode_ethernet_mac_support_clocking_i/clkout2_buf]
set_property LOC BUFGCTRL_X0Y0 [get_cells Mars_AX3_i/CPU/mdm_0/U0/No_Dbg_Reg_Access.BUFG_DRCK/Using_FPGA.Native]

# Location of BUFH Primitives 
set_property LOC BUFHCE_X0Y24 [get_cells Mars_AX3_i/Memory/SDRAM/u_Mars_AX3_SDRAM_0_mig/u_ddr3_infrastructure/u_bufh_pll_clk3]

# Location of BUFIO Primitives 
set_property LOC BUFIO_X0Y4 [get_cells Mars_AX3_i/Ethernet/axi_ethernet/U0/mac/U0/tri_mode_ethernet_mac_i/rgmii_interface/bufio_rgmii_rx_clk]

# Location of BUFR Primitives 
set_property LOC BUFR_X0Y5 [get_cells Mars_AX3_i/Ethernet/axi_ethernet/U0/mac/U0/tri_mode_ethernet_mac_i/rgmii_interface/bufr_rgmii_rx_clk]

# Location of IO Primitives which is load of clock spine

# Location of clock ports
set_property LOC IOB_X0Y76 [get_ports Clk50_DDR]
set_property LOC IOB_X0Y72 [get_ports ETH_RXC]

# Clock net "Mars_AX3_i/Memory/SDRAM/u_Mars_AX3_SDRAM_0_mig/u_ddr3_infrastructure/ui_addn_clk_2" driven by instance "Mars_AX3_i/Memory/SDRAM/u_Mars_AX3_SDRAM_0_mig/u_ddr3_infrastructure/gen_ui_extra_clocks.u_bufg_ui_addn_clk_2" located at site "BUFGCTRL_X0Y20"
#startgroup
create_pblock {CLKAG_Mars_AX3_i/Memory/SDRAM/u_Mars_AX3_SDRAM_0_mig/u_ddr3_infrastructure/ui_addn_clk_2}
add_cells_to_pblock [get_pblocks  {CLKAG_Mars_AX3_i/Memory/SDRAM/u_Mars_AX3_SDRAM_0_mig/u_ddr3_infrastructure/ui_addn_clk_2}] [get_cells -filter { PRIMITIVE_GROUP != I/O && IS_PRIMITIVE==1 && PRIMITIVE_LEVEL !=INTERNAL } -of_object [get_pins -filter {DIRECTION==IN} -of_objects [get_nets -hierarchical -filter {PARENT=="Mars_AX3_i/Memory/SDRAM/u_Mars_AX3_SDRAM_0_mig/u_ddr3_infrastructure/ui_addn_clk_2"}]]]
resize_pblock [get_pblocks {CLKAG_Mars_AX3_i/Memory/SDRAM/u_Mars_AX3_SDRAM_0_mig/u_ddr3_infrastructure/ui_addn_clk_2}] -add {CLOCKREGION_X0Y1:CLOCKREGION_X0Y1 CLOCKREGION_X0Y2:CLOCKREGION_X0Y2 CLOCKREGION_X1Y3:CLOCKREGION_X1Y3}
#endgroup

# Clock net "Mars_AX3_i/Memory/SDRAM/u_Mars_AX3_SDRAM_0_mig/u_ddr3_infrastructure/ui_addn_clk_1" driven by instance "Mars_AX3_i/Memory/SDRAM/u_Mars_AX3_SDRAM_0_mig/u_ddr3_infrastructure/gen_ui_extra_clocks.u_bufg_ui_addn_clk_1" located at site "BUFGCTRL_X0Y16"
#startgroup
create_pblock {CLKAG_Mars_AX3_i/Memory/SDRAM/u_Mars_AX3_SDRAM_0_mig/u_ddr3_infrastructure/ui_addn_clk_1}
add_cells_to_pblock [get_pblocks  {CLKAG_Mars_AX3_i/Memory/SDRAM/u_Mars_AX3_SDRAM_0_mig/u_ddr3_infrastructure/ui_addn_clk_1}] [get_cells -filter { PRIMITIVE_GROUP != I/O && IS_PRIMITIVE==1 && PRIMITIVE_LEVEL !=INTERNAL && NAME!=Mars_AX3_i/Ethernet/clk_wiz/inst/mmcm_adv_inst} -of_object [get_pins -filter {DIRECTION==IN} -of_objects [get_nets -hierarchical -filter {PARENT=="Mars_AX3_i/Memory/SDRAM/u_Mars_AX3_SDRAM_0_mig/u_ddr3_infrastructure/ui_addn_clk_1"}]]]
resize_pblock [get_pblocks {CLKAG_Mars_AX3_i/Memory/SDRAM/u_Mars_AX3_SDRAM_0_mig/u_ddr3_infrastructure/ui_addn_clk_1}] -add {CLOCKREGION_X0Y1:CLOCKREGION_X0Y1 CLOCKREGION_X0Y2:CLOCKREGION_X0Y2 CLOCKREGION_X1Y1:CLOCKREGION_X1Y1 CLOCKREGION_X1Y2:CLOCKREGION_X1Y2}
#endgroup

# Clock net "Mars_AX3_i/Memory/SDRAM/u_Mars_AX3_SDRAM_0_mig/u_ddr3_infrastructure/ui_addn_clk_0" driven by instance "Mars_AX3_i/Memory/SDRAM/u_Mars_AX3_SDRAM_0_mig/u_ddr3_infrastructure/gen_ui_extra_clocks.u_bufg_ui_addn_clk_0" located at site "BUFGCTRL_X0Y21"
#startgroup
create_pblock {CLKAG_Mars_AX3_i/Memory/SDRAM/u_Mars_AX3_SDRAM_0_mig/u_ddr3_infrastructure/ui_addn_clk_0}
add_cells_to_pblock [get_pblocks  {CLKAG_Mars_AX3_i/Memory/SDRAM/u_Mars_AX3_SDRAM_0_mig/u_ddr3_infrastructure/ui_addn_clk_0}] [get_cells -filter { PRIMITIVE_GROUP != I/O && IS_PRIMITIVE==1 && PRIMITIVE_LEVEL !=INTERNAL } -of_object [get_pins -filter {DIRECTION==IN} -of_objects [get_nets -hierarchical -filter {PARENT=="Mars_AX3_i/Memory/SDRAM/u_Mars_AX3_SDRAM_0_mig/u_ddr3_infrastructure/ui_addn_clk_0"}]]]
resize_pblock [get_pblocks {CLKAG_Mars_AX3_i/Memory/SDRAM/u_Mars_AX3_SDRAM_0_mig/u_ddr3_infrastructure/ui_addn_clk_0}] -add {CLOCKREGION_X0Y1:CLOCKREGION_X0Y1}
#endgroup

# Clock net "Mars_AX3_i/Memory/SDRAM/u_Mars_AX3_SDRAM_0_mig/u_ddr3_infrastructure/CLK" driven by instance "Mars_AX3_i/Memory/SDRAM/u_Mars_AX3_SDRAM_0_mig/u_ddr3_infrastructure/u_bufg_clkdiv0" located at site "BUFGCTRL_X0Y17"
#startgroup
create_pblock {CLKAG_Mars_AX3_i/Memory/SDRAM/u_Mars_AX3_SDRAM_0_mig/u_ddr3_infrastructure/CLK}
add_cells_to_pblock [get_pblocks  {CLKAG_Mars_AX3_i/Memory/SDRAM/u_Mars_AX3_SDRAM_0_mig/u_ddr3_infrastructure/CLK}] [get_cells -filter { PRIMITIVE_GROUP != I/O && IS_PRIMITIVE==1 && PRIMITIVE_LEVEL !=INTERNAL && NAME!=Mars_AX3_i/Memory/SDRAM/u_Mars_AX3_SDRAM_0_mig/u_ddr3_infrastructure/gen_ui_extra_clocks.mmcm_i} -of_object [get_pins -filter {DIRECTION==IN} -of_objects [get_nets -hierarchical -filter {PARENT=="Mars_AX3_i/Memory/SDRAM/u_Mars_AX3_SDRAM_0_mig/u_ddr3_infrastructure/CLK"}]]]
resize_pblock [get_pblocks {CLKAG_Mars_AX3_i/Memory/SDRAM/u_Mars_AX3_SDRAM_0_mig/u_ddr3_infrastructure/CLK}] -add {CLOCKREGION_X0Y2:CLOCKREGION_X0Y2 CLOCKREGION_X0Y3:CLOCKREGION_X0Y3 CLOCKREGION_X1Y2:CLOCKREGION_X1Y2 CLOCKREGION_X1Y3:CLOCKREGION_X1Y3}
#endgroup

# Clock net "Mars_AX3_i/Ethernet/clk_wiz/inst/clk_out1" driven by instance "Mars_AX3_i/Ethernet/clk_wiz/inst/clkout1_buf" located at site "BUFGCTRL_X0Y1"
#startgroup
create_pblock {CLKAG_Mars_AX3_i/Ethernet/clk_wiz/inst/clk_out1}
add_cells_to_pblock [get_pblocks  {CLKAG_Mars_AX3_i/Ethernet/clk_wiz/inst/clk_out1}] [get_cells -filter { PRIMITIVE_GROUP != I/O && IS_PRIMITIVE==1 && PRIMITIVE_LEVEL !=INTERNAL && NAME!=Mars_AX3_i/Ethernet/axi_ethernet/U0/mac/U0/tri_mode_ethernet_mac_support_clocking_i/mmcm_adv_inst} -of_object [get_pins -filter {DIRECTION==IN} -of_objects [get_nets -hierarchical -filter {PARENT=="Mars_AX3_i/Ethernet/clk_wiz/inst/clk_out1"}]]]
resize_pblock [get_pblocks {CLKAG_Mars_AX3_i/Ethernet/clk_wiz/inst/clk_out1}] -add {CLOCKREGION_X0Y1:CLOCKREGION_X0Y1 CLOCKREGION_X1Y1:CLOCKREGION_X1Y1}
#endgroup

# Clock net "Mars_AX3_i/Ethernet/axi_ethernet/U0/mac/U0/tri_mode_ethernet_mac_support_clocking_i/gtx_clk_out" driven by instance "Mars_AX3_i/Ethernet/axi_ethernet/U0/mac/U0/tri_mode_ethernet_mac_support_clocking_i/clkout1_buf" located at site "BUFGCTRL_X0Y18"
#startgroup
create_pblock {CLKAG_Mars_AX3_i/Ethernet/axi_ethernet/U0/mac/U0/tri_mode_ethernet_mac_support_clocking_i/gtx_clk_out}
add_cells_to_pblock [get_pblocks  {CLKAG_Mars_AX3_i/Ethernet/axi_ethernet/U0/mac/U0/tri_mode_ethernet_mac_support_clocking_i/gtx_clk_out}] [get_cells -filter { PRIMITIVE_GROUP != I/O && IS_PRIMITIVE==1 && PRIMITIVE_LEVEL !=INTERNAL } -of_object [get_pins -filter {DIRECTION==IN} -of_objects [get_nets -hierarchical -filter {PARENT=="Mars_AX3_i/Ethernet/axi_ethernet/U0/mac/U0/tri_mode_ethernet_mac_support_clocking_i/gtx_clk_out"}]]]
resize_pblock [get_pblocks {CLKAG_Mars_AX3_i/Ethernet/axi_ethernet/U0/mac/U0/tri_mode_ethernet_mac_support_clocking_i/gtx_clk_out}] -add {CLOCKREGION_X0Y1:CLOCKREGION_X0Y1 CLOCKREGION_X1Y1:CLOCKREGION_X1Y1}
#endgroup

# Clock net "Mars_AX3_i/Ethernet/axi_ethernet/U0/mac/U0/tri_mode_ethernet_mac_support_clocking_i/gtx_clk90_out" driven by instance "Mars_AX3_i/Ethernet/axi_ethernet/U0/mac/U0/tri_mode_ethernet_mac_support_clocking_i/clkout2_buf" located at site "BUFGCTRL_X0Y19"
#startgroup
create_pblock {CLKAG_Mars_AX3_i/Ethernet/axi_ethernet/U0/mac/U0/tri_mode_ethernet_mac_support_clocking_i/gtx_clk90_out}
add_cells_to_pblock [get_pblocks  {CLKAG_Mars_AX3_i/Ethernet/axi_ethernet/U0/mac/U0/tri_mode_ethernet_mac_support_clocking_i/gtx_clk90_out}] [get_cells -filter { PRIMITIVE_GROUP != I/O && IS_PRIMITIVE==1 && PRIMITIVE_LEVEL !=INTERNAL } -of_object [get_pins -filter {DIRECTION==IN} -of_objects [get_nets -hierarchical -filter {PARENT=="Mars_AX3_i/Ethernet/axi_ethernet/U0/mac/U0/tri_mode_ethernet_mac_support_clocking_i/gtx_clk90_out"}]]]
resize_pblock [get_pblocks {CLKAG_Mars_AX3_i/Ethernet/axi_ethernet/U0/mac/U0/tri_mode_ethernet_mac_support_clocking_i/gtx_clk90_out}] -add {CLOCKREGION_X0Y1:CLOCKREGION_X0Y1}
#endgroup

# Clock net "Mars_AX3_i/Ethernet/axi_ethernet/U0/mac/U0/tri_mode_ethernet_mac_i/rgmii_interface/rgmii_rxc_0" driven by instance "Mars_AX3_i/Ethernet/axi_ethernet/U0/mac/U0/tri_mode_ethernet_mac_i/rgmii_interface/bufr_rgmii_rx_clk" located at site "BUFR_X0Y5"
#startgroup
create_pblock {CLKAG_Mars_AX3_i/Ethernet/axi_ethernet/U0/mac/U0/tri_mode_ethernet_mac_i/rgmii_interface/rgmii_rxc_0}
add_cells_to_pblock [get_pblocks  {CLKAG_Mars_AX3_i/Ethernet/axi_ethernet/U0/mac/U0/tri_mode_ethernet_mac_i/rgmii_interface/rgmii_rxc_0}] [get_cells -filter { PRIMITIVE_GROUP != I/O && IS_PRIMITIVE==1 && PRIMITIVE_LEVEL !=INTERNAL } -of_object [get_pins -filter {DIRECTION==IN} -of_objects [get_nets -hierarchical -filter {PARENT=="Mars_AX3_i/Ethernet/axi_ethernet/U0/mac/U0/tri_mode_ethernet_mac_i/rgmii_interface/rgmii_rxc_0"}]]]
resize_pblock [get_pblocks {CLKAG_Mars_AX3_i/Ethernet/axi_ethernet/U0/mac/U0/tri_mode_ethernet_mac_i/rgmii_interface/rgmii_rxc_0}] -add {CLOCKREGION_X0Y1:CLOCKREGION_X0Y1}
#endgroup

# Clock net "Mars_AX3_i/CPU/mdm_0/U0/No_Dbg_Reg_Access.BUFG_DRCK/Dbg_Clk_0" driven by instance "Mars_AX3_i/CPU/mdm_0/U0/No_Dbg_Reg_Access.BUFG_DRCK/Using_FPGA.Native" located at site "BUFGCTRL_X0Y0"
#startgroup
create_pblock {CLKAG_Mars_AX3_i/CPU/mdm_0/U0/No_Dbg_Reg_Access.BUFG_DRCK/Dbg_Clk_0}
add_cells_to_pblock [get_pblocks  {CLKAG_Mars_AX3_i/CPU/mdm_0/U0/No_Dbg_Reg_Access.BUFG_DRCK/Dbg_Clk_0}] [get_cells -filter { PRIMITIVE_GROUP != I/O && IS_PRIMITIVE==1 && PRIMITIVE_LEVEL !=INTERNAL } -of_object [get_pins -filter {DIRECTION==IN} -of_objects [get_nets -hierarchical -filter {PARENT=="Mars_AX3_i/CPU/mdm_0/U0/No_Dbg_Reg_Access.BUFG_DRCK/Dbg_Clk_0"}]]]
resize_pblock [get_pblocks {CLKAG_Mars_AX3_i/CPU/mdm_0/U0/No_Dbg_Reg_Access.BUFG_DRCK/Dbg_Clk_0}] -add {CLOCKREGION_X1Y2:CLOCKREGION_X1Y2}
#endgroup
