
*** Running vivado
    with args -log Mars_AX3_auto_cc_0.vds -m64 -product Vivado -mode batch -messageDb vivado.pb -notrace -source Mars_AX3_auto_cc_0.tcl



****** Vivado v2020.1 (64-bit)
  **** SW Build 2902540 on Wed May 27 19:54:49 MDT 2020
  **** IP Build 2902112 on Wed May 27 22:43:36 MDT 2020
    ** Copyright 1986-2020 Xilinx, Inc. All Rights Reserved.

source Mars_AX3_auto_cc_0.tcl -notrace
Command: synth_design -top Mars_AX3_auto_cc_0 -part xc7a100tcsg324-2 -mode out_of_context
Starting synth_design
Attempting to get a license for feature 'Synthesis' and/or device 'xc7a100t'
INFO: [Common 17-349] Got license for feature 'Synthesis' and/or device 'xc7a100t'
INFO: [Device 21-403] Loading part xc7a100tcsg324-2
INFO: [Synth 8-7079] Multithreading enabled for synth_design using a maximum of 4 processes.
INFO: [Synth 8-7078] Launching helper process for spawning children vivado processes
INFO: [Synth 8-7075] Helper process launched with PID 29740
---------------------------------------------------------------------------------
Starting RTL Elaboration : Time (s): cpu = 00:00:07 ; elapsed = 00:00:10 . Memory (MB): peak = 1055.508 ; gain = 0.000
---------------------------------------------------------------------------------
INFO: [Synth 8-6157] synthesizing module 'Mars_AX3_auto_cc_0' [f:/GitHub/Mars_AX3_PM3_Reference_Design/Vivado/MA-AX3-100-2I-D8/Mars_AX3_PM3.srcs/sources_1/bd/Mars_AX3/ip/Mars_AX3_auto_cc_0/synth/Mars_AX3_auto_cc_0.v:58]
INFO: [Synth 8-6157] synthesizing module 'axi_clock_converter_v2_1_20_axi_clock_converter' [f:/GitHub/Mars_AX3_PM3_Reference_Design/Vivado/MA-AX3-100-2I-D8/Mars_AX3_PM3.srcs/sources_1/bd/Mars_AX3/ipshared/7589/hdl/axi_clock_converter_v2_1_vl_rfs.v:654]
	Parameter C_FAMILY bound to: artix7 - type: string 
	Parameter C_AXI_ID_WIDTH bound to: 3 - type: integer 
	Parameter C_AXI_ADDR_WIDTH bound to: 28 - type: integer 
	Parameter C_AXI_DATA_WIDTH bound to: 32 - type: integer 
	Parameter C_S_AXI_ACLK_RATIO bound to: 1 - type: integer 
	Parameter C_M_AXI_ACLK_RATIO bound to: 2 - type: integer 
	Parameter C_AXI_IS_ACLK_ASYNC bound to: 1 - type: integer 
	Parameter C_AXI_PROTOCOL bound to: 0 - type: integer 
	Parameter C_AXI_SUPPORTS_USER_SIGNALS bound to: 0 - type: integer 
	Parameter C_AXI_AWUSER_WIDTH bound to: 1 - type: integer 
	Parameter C_AXI_ARUSER_WIDTH bound to: 1 - type: integer 
	Parameter C_AXI_WUSER_WIDTH bound to: 1 - type: integer 
	Parameter C_AXI_RUSER_WIDTH bound to: 1 - type: integer 
	Parameter C_AXI_BUSER_WIDTH bound to: 1 - type: integer 
	Parameter C_AXI_SUPPORTS_WRITE bound to: 1 - type: integer 
	Parameter C_AXI_SUPPORTS_READ bound to: 1 - type: integer 
	Parameter C_SYNCHRONIZER_STAGE bound to: 3 - type: integer 
	Parameter P_AXI4 bound to: 0 - type: integer 
	Parameter P_AXI3 bound to: 1 - type: integer 
	Parameter P_AXILITE bound to: 2 - type: integer 
	Parameter P_LIGHT_WT bound to: 0 - type: integer 
	Parameter P_FULLY_REG bound to: 1 - type: integer 
	Parameter P_LUTRAM_ASYNC bound to: 12 - type: integer 
	Parameter P_SI_LT_MI bound to: 1'b1 
	Parameter P_ROUNDING_OFFSET bound to: 0 - type: integer 
	Parameter P_ACLK_RATIO bound to: 2 - type: integer 
	Parameter C_AWUSER_RIGHT bound to: 0 - type: integer 
	Parameter C_AWUSER_WIDTH bound to: 0 - type: integer 
	Parameter C_AWQOS_RIGHT bound to: 0 - type: integer 
	Parameter C_AWQOS_WIDTH bound to: 4 - type: integer 
	Parameter C_AWREGION_RIGHT bound to: 4 - type: integer 
	Parameter C_AWREGION_WIDTH bound to: 4 - type: integer 
	Parameter C_AWPROT_RIGHT bound to: 8 - type: integer 
	Parameter C_AWPROT_WIDTH bound to: 3 - type: integer 
	Parameter C_AWCACHE_RIGHT bound to: 11 - type: integer 
	Parameter C_AWCACHE_WIDTH bound to: 4 - type: integer 
	Parameter C_AWLOCK_RIGHT bound to: 15 - type: integer 
	Parameter C_AWLOCK_WIDTH bound to: 1 - type: integer 
	Parameter C_AWBURST_RIGHT bound to: 16 - type: integer 
	Parameter C_AWBURST_WIDTH bound to: 2 - type: integer 
	Parameter C_AWSIZE_RIGHT bound to: 18 - type: integer 
	Parameter C_AWSIZE_WIDTH bound to: 3 - type: integer 
	Parameter C_AWLEN_RIGHT bound to: 21 - type: integer 
	Parameter C_AWLEN_WIDTH bound to: 8 - type: integer 
	Parameter C_AWADDR_RIGHT bound to: 29 - type: integer 
	Parameter C_AWADDR_WIDTH bound to: 28 - type: integer 
	Parameter C_AWID_RIGHT bound to: 57 - type: integer 
	Parameter C_AWID_WIDTH bound to: 3 - type: integer 
	Parameter C_AW_WIDTH bound to: 60 - type: integer 
	Parameter C_FIFO_AW_WIDTH bound to: 60 - type: integer 
	Parameter C_WUSER_RIGHT bound to: 0 - type: integer 
	Parameter C_WUSER_WIDTH bound to: 0 - type: integer 
	Parameter C_WLAST_RIGHT bound to: 0 - type: integer 
	Parameter C_WLAST_WIDTH bound to: 1 - type: integer 
	Parameter C_WSTRB_RIGHT bound to: 1 - type: integer 
	Parameter C_WSTRB_WIDTH bound to: 4 - type: integer 
	Parameter C_WDATA_RIGHT bound to: 5 - type: integer 
	Parameter C_WDATA_WIDTH bound to: 32 - type: integer 
	Parameter C_WID_RIGHT bound to: 37 - type: integer 
	Parameter C_WID_WIDTH bound to: 0 - type: integer 
	Parameter C_W_WIDTH bound to: 37 - type: integer 
	Parameter C_FIFO_W_WIDTH bound to: 37 - type: integer 
	Parameter C_BUSER_RIGHT bound to: 0 - type: integer 
	Parameter C_BUSER_WIDTH bound to: 0 - type: integer 
	Parameter C_BRESP_RIGHT bound to: 0 - type: integer 
	Parameter C_BRESP_WIDTH bound to: 2 - type: integer 
	Parameter C_BID_RIGHT bound to: 2 - type: integer 
	Parameter C_BID_WIDTH bound to: 3 - type: integer 
	Parameter C_B_WIDTH bound to: 5 - type: integer 
	Parameter C_FIFO_B_WIDTH bound to: 5 - type: integer 
	Parameter C_ARUSER_RIGHT bound to: 0 - type: integer 
	Parameter C_ARUSER_WIDTH bound to: 0 - type: integer 
	Parameter C_ARQOS_RIGHT bound to: 0 - type: integer 
	Parameter C_ARQOS_WIDTH bound to: 4 - type: integer 
	Parameter C_ARREGION_RIGHT bound to: 4 - type: integer 
	Parameter C_ARREGION_WIDTH bound to: 4 - type: integer 
	Parameter C_ARPROT_RIGHT bound to: 8 - type: integer 
	Parameter C_ARPROT_WIDTH bound to: 3 - type: integer 
	Parameter C_ARCACHE_RIGHT bound to: 11 - type: integer 
	Parameter C_ARCACHE_WIDTH bound to: 4 - type: integer 
	Parameter C_ARLOCK_RIGHT bound to: 15 - type: integer 
	Parameter C_ARLOCK_WIDTH bound to: 1 - type: integer 
	Parameter C_ARBURST_RIGHT bound to: 16 - type: integer 
	Parameter C_ARBURST_WIDTH bound to: 2 - type: integer 
	Parameter C_ARSIZE_RIGHT bound to: 18 - type: integer 
	Parameter C_ARSIZE_WIDTH bound to: 3 - type: integer 
	Parameter C_ARLEN_RIGHT bound to: 21 - type: integer 
	Parameter C_ARLEN_WIDTH bound to: 8 - type: integer 
	Parameter C_ARADDR_RIGHT bound to: 29 - type: integer 
	Parameter C_ARADDR_WIDTH bound to: 28 - type: integer 
	Parameter C_ARID_RIGHT bound to: 57 - type: integer 
	Parameter C_ARID_WIDTH bound to: 3 - type: integer 
	Parameter C_AR_WIDTH bound to: 60 - type: integer 
	Parameter C_FIFO_AR_WIDTH bound to: 60 - type: integer 
	Parameter C_RUSER_RIGHT bound to: 0 - type: integer 
	Parameter C_RUSER_WIDTH bound to: 0 - type: integer 
	Parameter C_RLAST_RIGHT bound to: 0 - type: integer 
	Parameter C_RLAST_WIDTH bound to: 1 - type: integer 
	Parameter C_RRESP_RIGHT bound to: 1 - type: integer 
	Parameter C_RRESP_WIDTH bound to: 2 - type: integer 
	Parameter C_RDATA_RIGHT bound to: 3 - type: integer 
	Parameter C_RDATA_WIDTH bound to: 32 - type: integer 
	Parameter C_RID_RIGHT bound to: 35 - type: integer 
	Parameter C_RID_WIDTH bound to: 3 - type: integer 
	Parameter C_R_WIDTH bound to: 38 - type: integer 
	Parameter C_FIFO_R_WIDTH bound to: 38 - type: integer 
INFO: [Synth 8-6157] synthesizing module 'xpm_cdc_single' [F:/Xilinx/Vivado/2020.1/data/ip/xpm/xpm_cdc/hdl/xpm_cdc.sv:153]
INFO: [Synth 8-6155] done synthesizing module 'xpm_cdc_single' (1#1) [F:/Xilinx/Vivado/2020.1/data/ip/xpm/xpm_cdc/hdl/xpm_cdc.sv:153]
INFO: [Synth 8-6157] synthesizing module 'xpm_cdc_async_rst' [F:/Xilinx/Vivado/2020.1/data/ip/xpm/xpm_cdc/hdl/xpm_cdc.sv:1175]
INFO: [Synth 8-6155] done synthesizing module 'xpm_cdc_async_rst' (2#1) [F:/Xilinx/Vivado/2020.1/data/ip/xpm/xpm_cdc/hdl/xpm_cdc.sv:1175]
INFO: [Synth 8-6157] synthesizing module 'xpm_cdc_single__parameterized1' [F:/Xilinx/Vivado/2020.1/data/ip/xpm/xpm_cdc/hdl/xpm_cdc.sv:153]
INFO: [Synth 8-6155] done synthesizing module 'xpm_cdc_single__parameterized1' (2#1) [F:/Xilinx/Vivado/2020.1/data/ip/xpm/xpm_cdc/hdl/xpm_cdc.sv:153]
INFO: [Synth 8-6157] synthesizing module 'xpm_cdc_gray' [F:/Xilinx/Vivado/2020.1/data/ip/xpm/xpm_cdc/hdl/xpm_cdc.sv:284]
INFO: [Synth 8-6155] done synthesizing module 'xpm_cdc_gray' (7#1) [F:/Xilinx/Vivado/2020.1/data/ip/xpm/xpm_cdc/hdl/xpm_cdc.sv:284]
INFO: [Synth 8-6155] done synthesizing module 'axi_clock_converter_v2_1_20_axi_clock_converter' (22#1) [f:/GitHub/Mars_AX3_PM3_Reference_Design/Vivado/MA-AX3-100-2I-D8/Mars_AX3_PM3.srcs/sources_1/bd/Mars_AX3/ipshared/7589/hdl/axi_clock_converter_v2_1_vl_rfs.v:654]
INFO: [Synth 8-6155] done synthesizing module 'Mars_AX3_auto_cc_0' (23#1) [f:/GitHub/Mars_AX3_PM3_Reference_Design/Vivado/MA-AX3-100-2I-D8/Mars_AX3_PM3.srcs/sources_1/bd/Mars_AX3/ip/Mars_AX3_auto_cc_0/synth/Mars_AX3_auto_cc_0.v:58]
---------------------------------------------------------------------------------
Finished RTL Elaboration : Time (s): cpu = 00:00:13 ; elapsed = 00:00:18 . Memory (MB): peak = 1170.133 ; gain = 114.625
---------------------------------------------------------------------------------
---------------------------------------------------------------------------------
Start Handling Custom Attributes
---------------------------------------------------------------------------------
---------------------------------------------------------------------------------
Finished Handling Custom Attributes : Time (s): cpu = 00:00:14 ; elapsed = 00:00:19 . Memory (MB): peak = 1170.133 ; gain = 114.625
---------------------------------------------------------------------------------
---------------------------------------------------------------------------------
Finished RTL Optimization Phase 1 : Time (s): cpu = 00:00:14 ; elapsed = 00:00:19 . Memory (MB): peak = 1170.133 ; gain = 114.625
---------------------------------------------------------------------------------
Netlist sorting complete. Time (s): cpu = 00:00:00 ; elapsed = 00:00:00.088 . Memory (MB): peak = 1170.133 ; gain = 0.000
INFO: [Project 1-570] Preparing netlist for logic optimization

Processing XDC Constraints
Initializing timing engine
Parsing XDC File [f:/GitHub/Mars_AX3_PM3_Reference_Design/Vivado/MA-AX3-100-2I-D8/Mars_AX3_PM3.srcs/sources_1/bd/Mars_AX3/ip/Mars_AX3_auto_cc_0/Mars_AX3_auto_cc_0_ooc.xdc] for cell 'inst'
Finished Parsing XDC File [f:/GitHub/Mars_AX3_PM3_Reference_Design/Vivado/MA-AX3-100-2I-D8/Mars_AX3_PM3.srcs/sources_1/bd/Mars_AX3/ip/Mars_AX3_auto_cc_0/Mars_AX3_auto_cc_0_ooc.xdc] for cell 'inst'
Parsing XDC File [F:/GitHub/Mars_AX3_PM3_Reference_Design/Vivado/MA-AX3-100-2I-D8/Mars_AX3_PM3.runs/Mars_AX3_auto_cc_0_synth_1/dont_touch.xdc]
Finished Parsing XDC File [F:/GitHub/Mars_AX3_PM3_Reference_Design/Vivado/MA-AX3-100-2I-D8/Mars_AX3_PM3.runs/Mars_AX3_auto_cc_0_synth_1/dont_touch.xdc]
Sourcing Tcl File [F:/Xilinx/Vivado/2020.1/data/ip/xpm/xpm_cdc/tcl/xpm_cdc_async_rst.tcl] for cell 'inst/gen_clock_conv.gen_async_conv.asyncfifo_axi/inst_fifo_gen/gaxi_full_lite.gread_ch.grach2.axi_rach/grf.rf/rstblk/ngwrdrst.grst.g7serrst.gnsckt_wrst.gic_rst.rst_rd_reg2_inst'
Finished Sourcing Tcl File [F:/Xilinx/Vivado/2020.1/data/ip/xpm/xpm_cdc/tcl/xpm_cdc_async_rst.tcl] for cell 'inst/gen_clock_conv.gen_async_conv.asyncfifo_axi/inst_fifo_gen/gaxi_full_lite.gread_ch.grach2.axi_rach/grf.rf/rstblk/ngwrdrst.grst.g7serrst.gnsckt_wrst.gic_rst.rst_rd_reg2_inst'
Sourcing Tcl File [F:/Xilinx/Vivado/2020.1/data/ip/xpm/xpm_cdc/tcl/xpm_cdc_async_rst.tcl] for cell 'inst/gen_clock_conv.gen_async_conv.asyncfifo_axi/inst_fifo_gen/gaxi_full_lite.gread_ch.grach2.axi_rach/grf.rf/rstblk/ngwrdrst.grst.g7serrst.gnsckt_wrst.rst_wr_reg2_inst'
Finished Sourcing Tcl File [F:/Xilinx/Vivado/2020.1/data/ip/xpm/xpm_cdc/tcl/xpm_cdc_async_rst.tcl] for cell 'inst/gen_clock_conv.gen_async_conv.asyncfifo_axi/inst_fifo_gen/gaxi_full_lite.gread_ch.grach2.axi_rach/grf.rf/rstblk/ngwrdrst.grst.g7serrst.gnsckt_wrst.rst_wr_reg2_inst'
Sourcing Tcl File [F:/Xilinx/Vivado/2020.1/data/ip/xpm/xpm_cdc/tcl/xpm_cdc_async_rst.tcl] for cell 'inst/gen_clock_conv.gen_async_conv.asyncfifo_axi/inst_fifo_gen/gaxi_full_lite.gread_ch.grdch2.axi_rdch/grf.rf/rstblk/ngwrdrst.grst.g7serrst.gnsckt_wrst.gic_rst.rst_rd_reg2_inst'
Finished Sourcing Tcl File [F:/Xilinx/Vivado/2020.1/data/ip/xpm/xpm_cdc/tcl/xpm_cdc_async_rst.tcl] for cell 'inst/gen_clock_conv.gen_async_conv.asyncfifo_axi/inst_fifo_gen/gaxi_full_lite.gread_ch.grdch2.axi_rdch/grf.rf/rstblk/ngwrdrst.grst.g7serrst.gnsckt_wrst.gic_rst.rst_rd_reg2_inst'
Sourcing Tcl File [F:/Xilinx/Vivado/2020.1/data/ip/xpm/xpm_cdc/tcl/xpm_cdc_async_rst.tcl] for cell 'inst/gen_clock_conv.gen_async_conv.asyncfifo_axi/inst_fifo_gen/gaxi_full_lite.gread_ch.grdch2.axi_rdch/grf.rf/rstblk/ngwrdrst.grst.g7serrst.gnsckt_wrst.rst_wr_reg2_inst'
Finished Sourcing Tcl File [F:/Xilinx/Vivado/2020.1/data/ip/xpm/xpm_cdc/tcl/xpm_cdc_async_rst.tcl] for cell 'inst/gen_clock_conv.gen_async_conv.asyncfifo_axi/inst_fifo_gen/gaxi_full_lite.gread_ch.grdch2.axi_rdch/grf.rf/rstblk/ngwrdrst.grst.g7serrst.gnsckt_wrst.rst_wr_reg2_inst'
Sourcing Tcl File [F:/Xilinx/Vivado/2020.1/data/ip/xpm/xpm_cdc/tcl/xpm_cdc_async_rst.tcl] for cell 'inst/gen_clock_conv.gen_async_conv.asyncfifo_axi/inst_fifo_gen/gaxi_full_lite.gwrite_ch.gwach2.axi_wach/grf.rf/rstblk/ngwrdrst.grst.g7serrst.gnsckt_wrst.gic_rst.rst_rd_reg2_inst'
Finished Sourcing Tcl File [F:/Xilinx/Vivado/2020.1/data/ip/xpm/xpm_cdc/tcl/xpm_cdc_async_rst.tcl] for cell 'inst/gen_clock_conv.gen_async_conv.asyncfifo_axi/inst_fifo_gen/gaxi_full_lite.gwrite_ch.gwach2.axi_wach/grf.rf/rstblk/ngwrdrst.grst.g7serrst.gnsckt_wrst.gic_rst.rst_rd_reg2_inst'
Sourcing Tcl File [F:/Xilinx/Vivado/2020.1/data/ip/xpm/xpm_cdc/tcl/xpm_cdc_async_rst.tcl] for cell 'inst/gen_clock_conv.gen_async_conv.asyncfifo_axi/inst_fifo_gen/gaxi_full_lite.gwrite_ch.gwach2.axi_wach/grf.rf/rstblk/ngwrdrst.grst.g7serrst.gnsckt_wrst.rst_wr_reg2_inst'
Finished Sourcing Tcl File [F:/Xilinx/Vivado/2020.1/data/ip/xpm/xpm_cdc/tcl/xpm_cdc_async_rst.tcl] for cell 'inst/gen_clock_conv.gen_async_conv.asyncfifo_axi/inst_fifo_gen/gaxi_full_lite.gwrite_ch.gwach2.axi_wach/grf.rf/rstblk/ngwrdrst.grst.g7serrst.gnsckt_wrst.rst_wr_reg2_inst'
Sourcing Tcl File [F:/Xilinx/Vivado/2020.1/data/ip/xpm/xpm_cdc/tcl/xpm_cdc_async_rst.tcl] for cell 'inst/gen_clock_conv.gen_async_conv.asyncfifo_axi/inst_fifo_gen/gaxi_full_lite.gwrite_ch.gwdch2.axi_wdch/grf.rf/rstblk/ngwrdrst.grst.g7serrst.gnsckt_wrst.gic_rst.rst_rd_reg2_inst'
Finished Sourcing Tcl File [F:/Xilinx/Vivado/2020.1/data/ip/xpm/xpm_cdc/tcl/xpm_cdc_async_rst.tcl] for cell 'inst/gen_clock_conv.gen_async_conv.asyncfifo_axi/inst_fifo_gen/gaxi_full_lite.gwrite_ch.gwdch2.axi_wdch/grf.rf/rstblk/ngwrdrst.grst.g7serrst.gnsckt_wrst.gic_rst.rst_rd_reg2_inst'
Sourcing Tcl File [F:/Xilinx/Vivado/2020.1/data/ip/xpm/xpm_cdc/tcl/xpm_cdc_async_rst.tcl] for cell 'inst/gen_clock_conv.gen_async_conv.asyncfifo_axi/inst_fifo_gen/gaxi_full_lite.gwrite_ch.gwdch2.axi_wdch/grf.rf/rstblk/ngwrdrst.grst.g7serrst.gnsckt_wrst.rst_wr_reg2_inst'
Finished Sourcing Tcl File [F:/Xilinx/Vivado/2020.1/data/ip/xpm/xpm_cdc/tcl/xpm_cdc_async_rst.tcl] for cell 'inst/gen_clock_conv.gen_async_conv.asyncfifo_axi/inst_fifo_gen/gaxi_full_lite.gwrite_ch.gwdch2.axi_wdch/grf.rf/rstblk/ngwrdrst.grst.g7serrst.gnsckt_wrst.rst_wr_reg2_inst'
Sourcing Tcl File [F:/Xilinx/Vivado/2020.1/data/ip/xpm/xpm_cdc/tcl/xpm_cdc_async_rst.tcl] for cell 'inst/gen_clock_conv.gen_async_conv.asyncfifo_axi/inst_fifo_gen/gaxi_full_lite.gwrite_ch.gwrch2.axi_wrch/grf.rf/rstblk/ngwrdrst.grst.g7serrst.gnsckt_wrst.gic_rst.rst_rd_reg2_inst'
Finished Sourcing Tcl File [F:/Xilinx/Vivado/2020.1/data/ip/xpm/xpm_cdc/tcl/xpm_cdc_async_rst.tcl] for cell 'inst/gen_clock_conv.gen_async_conv.asyncfifo_axi/inst_fifo_gen/gaxi_full_lite.gwrite_ch.gwrch2.axi_wrch/grf.rf/rstblk/ngwrdrst.grst.g7serrst.gnsckt_wrst.gic_rst.rst_rd_reg2_inst'
Sourcing Tcl File [F:/Xilinx/Vivado/2020.1/data/ip/xpm/xpm_cdc/tcl/xpm_cdc_async_rst.tcl] for cell 'inst/gen_clock_conv.gen_async_conv.asyncfifo_axi/inst_fifo_gen/gaxi_full_lite.gwrite_ch.gwrch2.axi_wrch/grf.rf/rstblk/ngwrdrst.grst.g7serrst.gnsckt_wrst.rst_wr_reg2_inst'
Finished Sourcing Tcl File [F:/Xilinx/Vivado/2020.1/data/ip/xpm/xpm_cdc/tcl/xpm_cdc_async_rst.tcl] for cell 'inst/gen_clock_conv.gen_async_conv.asyncfifo_axi/inst_fifo_gen/gaxi_full_lite.gwrite_ch.gwrch2.axi_wrch/grf.rf/rstblk/ngwrdrst.grst.g7serrst.gnsckt_wrst.rst_wr_reg2_inst'
Sourcing Tcl File [F:/Xilinx/Vivado/2020.1/data/ip/xpm/xpm_cdc/tcl/xpm_cdc_gray.tcl] for cell 'inst/gen_clock_conv.gen_async_conv.asyncfifo_axi/inst_fifo_gen/gaxi_full_lite.gread_ch.grach2.axi_rach/grf.rf/gntv_or_sync_fifo.gcx.clkx/rd_pntr_cdc_inst'
Finished Sourcing Tcl File [F:/Xilinx/Vivado/2020.1/data/ip/xpm/xpm_cdc/tcl/xpm_cdc_gray.tcl] for cell 'inst/gen_clock_conv.gen_async_conv.asyncfifo_axi/inst_fifo_gen/gaxi_full_lite.gread_ch.grach2.axi_rach/grf.rf/gntv_or_sync_fifo.gcx.clkx/rd_pntr_cdc_inst'
Sourcing Tcl File [F:/Xilinx/Vivado/2020.1/data/ip/xpm/xpm_cdc/tcl/xpm_cdc_gray.tcl] for cell 'inst/gen_clock_conv.gen_async_conv.asyncfifo_axi/inst_fifo_gen/gaxi_full_lite.gread_ch.grach2.axi_rach/grf.rf/gntv_or_sync_fifo.gcx.clkx/wr_pntr_cdc_inst'
Finished Sourcing Tcl File [F:/Xilinx/Vivado/2020.1/data/ip/xpm/xpm_cdc/tcl/xpm_cdc_gray.tcl] for cell 'inst/gen_clock_conv.gen_async_conv.asyncfifo_axi/inst_fifo_gen/gaxi_full_lite.gread_ch.grach2.axi_rach/grf.rf/gntv_or_sync_fifo.gcx.clkx/wr_pntr_cdc_inst'
Sourcing Tcl File [F:/Xilinx/Vivado/2020.1/data/ip/xpm/xpm_cdc/tcl/xpm_cdc_gray.tcl] for cell 'inst/gen_clock_conv.gen_async_conv.asyncfifo_axi/inst_fifo_gen/gaxi_full_lite.gread_ch.grdch2.axi_rdch/grf.rf/gntv_or_sync_fifo.gcx.clkx/rd_pntr_cdc_inst'
Finished Sourcing Tcl File [F:/Xilinx/Vivado/2020.1/data/ip/xpm/xpm_cdc/tcl/xpm_cdc_gray.tcl] for cell 'inst/gen_clock_conv.gen_async_conv.asyncfifo_axi/inst_fifo_gen/gaxi_full_lite.gread_ch.grdch2.axi_rdch/grf.rf/gntv_or_sync_fifo.gcx.clkx/rd_pntr_cdc_inst'
Sourcing Tcl File [F:/Xilinx/Vivado/2020.1/data/ip/xpm/xpm_cdc/tcl/xpm_cdc_gray.tcl] for cell 'inst/gen_clock_conv.gen_async_conv.asyncfifo_axi/inst_fifo_gen/gaxi_full_lite.gread_ch.grdch2.axi_rdch/grf.rf/gntv_or_sync_fifo.gcx.clkx/wr_pntr_cdc_inst'
Finished Sourcing Tcl File [F:/Xilinx/Vivado/2020.1/data/ip/xpm/xpm_cdc/tcl/xpm_cdc_gray.tcl] for cell 'inst/gen_clock_conv.gen_async_conv.asyncfifo_axi/inst_fifo_gen/gaxi_full_lite.gread_ch.grdch2.axi_rdch/grf.rf/gntv_or_sync_fifo.gcx.clkx/wr_pntr_cdc_inst'
Sourcing Tcl File [F:/Xilinx/Vivado/2020.1/data/ip/xpm/xpm_cdc/tcl/xpm_cdc_gray.tcl] for cell 'inst/gen_clock_conv.gen_async_conv.asyncfifo_axi/inst_fifo_gen/gaxi_full_lite.gwrite_ch.gwach2.axi_wach/grf.rf/gntv_or_sync_fifo.gcx.clkx/rd_pntr_cdc_inst'
Finished Sourcing Tcl File [F:/Xilinx/Vivado/2020.1/data/ip/xpm/xpm_cdc/tcl/xpm_cdc_gray.tcl] for cell 'inst/gen_clock_conv.gen_async_conv.asyncfifo_axi/inst_fifo_gen/gaxi_full_lite.gwrite_ch.gwach2.axi_wach/grf.rf/gntv_or_sync_fifo.gcx.clkx/rd_pntr_cdc_inst'
Sourcing Tcl File [F:/Xilinx/Vivado/2020.1/data/ip/xpm/xpm_cdc/tcl/xpm_cdc_gray.tcl] for cell 'inst/gen_clock_conv.gen_async_conv.asyncfifo_axi/inst_fifo_gen/gaxi_full_lite.gwrite_ch.gwach2.axi_wach/grf.rf/gntv_or_sync_fifo.gcx.clkx/wr_pntr_cdc_inst'
Finished Sourcing Tcl File [F:/Xilinx/Vivado/2020.1/data/ip/xpm/xpm_cdc/tcl/xpm_cdc_gray.tcl] for cell 'inst/gen_clock_conv.gen_async_conv.asyncfifo_axi/inst_fifo_gen/gaxi_full_lite.gwrite_ch.gwach2.axi_wach/grf.rf/gntv_or_sync_fifo.gcx.clkx/wr_pntr_cdc_inst'
Sourcing Tcl File [F:/Xilinx/Vivado/2020.1/data/ip/xpm/xpm_cdc/tcl/xpm_cdc_gray.tcl] for cell 'inst/gen_clock_conv.gen_async_conv.asyncfifo_axi/inst_fifo_gen/gaxi_full_lite.gwrite_ch.gwdch2.axi_wdch/grf.rf/gntv_or_sync_fifo.gcx.clkx/rd_pntr_cdc_inst'
Finished Sourcing Tcl File [F:/Xilinx/Vivado/2020.1/data/ip/xpm/xpm_cdc/tcl/xpm_cdc_gray.tcl] for cell 'inst/gen_clock_conv.gen_async_conv.asyncfifo_axi/inst_fifo_gen/gaxi_full_lite.gwrite_ch.gwdch2.axi_wdch/grf.rf/gntv_or_sync_fifo.gcx.clkx/rd_pntr_cdc_inst'
Sourcing Tcl File [F:/Xilinx/Vivado/2020.1/data/ip/xpm/xpm_cdc/tcl/xpm_cdc_gray.tcl] for cell 'inst/gen_clock_conv.gen_async_conv.asyncfifo_axi/inst_fifo_gen/gaxi_full_lite.gwrite_ch.gwdch2.axi_wdch/grf.rf/gntv_or_sync_fifo.gcx.clkx/wr_pntr_cdc_inst'
Finished Sourcing Tcl File [F:/Xilinx/Vivado/2020.1/data/ip/xpm/xpm_cdc/tcl/xpm_cdc_gray.tcl] for cell 'inst/gen_clock_conv.gen_async_conv.asyncfifo_axi/inst_fifo_gen/gaxi_full_lite.gwrite_ch.gwdch2.axi_wdch/grf.rf/gntv_or_sync_fifo.gcx.clkx/wr_pntr_cdc_inst'
Sourcing Tcl File [F:/Xilinx/Vivado/2020.1/data/ip/xpm/xpm_cdc/tcl/xpm_cdc_gray.tcl] for cell 'inst/gen_clock_conv.gen_async_conv.asyncfifo_axi/inst_fifo_gen/gaxi_full_lite.gwrite_ch.gwrch2.axi_wrch/grf.rf/gntv_or_sync_fifo.gcx.clkx/rd_pntr_cdc_inst'
Finished Sourcing Tcl File [F:/Xilinx/Vivado/2020.1/data/ip/xpm/xpm_cdc/tcl/xpm_cdc_gray.tcl] for cell 'inst/gen_clock_conv.gen_async_conv.asyncfifo_axi/inst_fifo_gen/gaxi_full_lite.gwrite_ch.gwrch2.axi_wrch/grf.rf/gntv_or_sync_fifo.gcx.clkx/rd_pntr_cdc_inst'
Sourcing Tcl File [F:/Xilinx/Vivado/2020.1/data/ip/xpm/xpm_cdc/tcl/xpm_cdc_gray.tcl] for cell 'inst/gen_clock_conv.gen_async_conv.asyncfifo_axi/inst_fifo_gen/gaxi_full_lite.gwrite_ch.gwrch2.axi_wrch/grf.rf/gntv_or_sync_fifo.gcx.clkx/wr_pntr_cdc_inst'
Finished Sourcing Tcl File [F:/Xilinx/Vivado/2020.1/data/ip/xpm/xpm_cdc/tcl/xpm_cdc_gray.tcl] for cell 'inst/gen_clock_conv.gen_async_conv.asyncfifo_axi/inst_fifo_gen/gaxi_full_lite.gwrite_ch.gwrch2.axi_wrch/grf.rf/gntv_or_sync_fifo.gcx.clkx/wr_pntr_cdc_inst'
INFO: [Project 1-236] Implementation specific constraints were found while reading constraint file [F:/Xilinx/Vivado/2020.1/data/ip/xpm/xpm_cdc/tcl/xpm_cdc_gray.tcl]. These constraints will be ignored for synthesis but will be used in implementation. Impacted constraints are listed in the file [.Xil/Mars_AX3_auto_cc_0_propImpl.xdc].
Resolution: To avoid this warning, move constraints listed in [.Xil/Mars_AX3_auto_cc_0_propImpl.xdc] to another XDC file and exclude this new file from synthesis with the used_in_synthesis property (File Properties dialog in GUI) and re-run elaboration/synthesis.
Sourcing Tcl File [F:/Xilinx/Vivado/2020.1/data/ip/xpm/xpm_cdc/tcl/xpm_cdc_single.tcl] for cell 'inst/gen_clock_conv.gen_async_conv.asyncfifo_axi/inst_fifo_gen/gaxi_full_lite.gread_ch.grach2.cdc_wr_rst_busy_ic_3.xpm_cdc_single_inst3'
Finished Sourcing Tcl File [F:/Xilinx/Vivado/2020.1/data/ip/xpm/xpm_cdc/tcl/xpm_cdc_single.tcl] for cell 'inst/gen_clock_conv.gen_async_conv.asyncfifo_axi/inst_fifo_gen/gaxi_full_lite.gread_ch.grach2.cdc_wr_rst_busy_ic_3.xpm_cdc_single_inst3'
Sourcing Tcl File [F:/Xilinx/Vivado/2020.1/data/ip/xpm/xpm_cdc/tcl/xpm_cdc_single.tcl] for cell 'inst/gen_clock_conv.gen_async_conv.asyncfifo_axi/inst_fifo_gen/gaxi_full_lite.gwrite_ch.gwach2.cdc_wr_rst_busy_ic_1.xpm_cdc_single_inst1'
Finished Sourcing Tcl File [F:/Xilinx/Vivado/2020.1/data/ip/xpm/xpm_cdc/tcl/xpm_cdc_single.tcl] for cell 'inst/gen_clock_conv.gen_async_conv.asyncfifo_axi/inst_fifo_gen/gaxi_full_lite.gwrite_ch.gwach2.cdc_wr_rst_busy_ic_1.xpm_cdc_single_inst1'
Sourcing Tcl File [F:/Xilinx/Vivado/2020.1/data/ip/xpm/xpm_cdc/tcl/xpm_cdc_single.tcl] for cell 'inst/gen_clock_conv.gen_async_conv.asyncfifo_axi/inst_fifo_gen/gaxi_full_lite.gwrite_ch.gwdch2.cdc_wr_rst_busy_ic_2.xpm_cdc_single_inst2'
Finished Sourcing Tcl File [F:/Xilinx/Vivado/2020.1/data/ip/xpm/xpm_cdc/tcl/xpm_cdc_single.tcl] for cell 'inst/gen_clock_conv.gen_async_conv.asyncfifo_axi/inst_fifo_gen/gaxi_full_lite.gwrite_ch.gwdch2.cdc_wr_rst_busy_ic_2.xpm_cdc_single_inst2'
Sourcing Tcl File [F:/Xilinx/Vivado/2020.1/data/ip/xpm/xpm_cdc/tcl/xpm_cdc_single.tcl] for cell 'inst/gen_clock_conv.gen_async_conv.asyncfifo_axi/inst_fifo_gen/gaxi_full_lite.gread_ch.grach2.axi_rach/grf.rf/rstblk/ngwrdrst.grst.g7serrst.gnsckt_wrst.gic_rst.xpm_cdc_single_inst_rrst_wr'
Finished Sourcing Tcl File [F:/Xilinx/Vivado/2020.1/data/ip/xpm/xpm_cdc/tcl/xpm_cdc_single.tcl] for cell 'inst/gen_clock_conv.gen_async_conv.asyncfifo_axi/inst_fifo_gen/gaxi_full_lite.gread_ch.grach2.axi_rach/grf.rf/rstblk/ngwrdrst.grst.g7serrst.gnsckt_wrst.gic_rst.xpm_cdc_single_inst_rrst_wr'
Sourcing Tcl File [F:/Xilinx/Vivado/2020.1/data/ip/xpm/xpm_cdc/tcl/xpm_cdc_single.tcl] for cell 'inst/gen_clock_conv.gen_async_conv.asyncfifo_axi/inst_fifo_gen/gaxi_full_lite.gread_ch.grach2.axi_rach/grf.rf/rstblk/ngwrdrst.grst.g7serrst.gnsckt_wrst.gic_rst.xpm_cdc_single_inst_wrst_rd'
Finished Sourcing Tcl File [F:/Xilinx/Vivado/2020.1/data/ip/xpm/xpm_cdc/tcl/xpm_cdc_single.tcl] for cell 'inst/gen_clock_conv.gen_async_conv.asyncfifo_axi/inst_fifo_gen/gaxi_full_lite.gread_ch.grach2.axi_rach/grf.rf/rstblk/ngwrdrst.grst.g7serrst.gnsckt_wrst.gic_rst.xpm_cdc_single_inst_wrst_rd'
Sourcing Tcl File [F:/Xilinx/Vivado/2020.1/data/ip/xpm/xpm_cdc/tcl/xpm_cdc_single.tcl] for cell 'inst/gen_clock_conv.gen_async_conv.asyncfifo_axi/inst_fifo_gen/gaxi_full_lite.gread_ch.grdch2.axi_rdch/grf.rf/rstblk/ngwrdrst.grst.g7serrst.gnsckt_wrst.gic_rst.xpm_cdc_single_inst_rrst_wr'
Finished Sourcing Tcl File [F:/Xilinx/Vivado/2020.1/data/ip/xpm/xpm_cdc/tcl/xpm_cdc_single.tcl] for cell 'inst/gen_clock_conv.gen_async_conv.asyncfifo_axi/inst_fifo_gen/gaxi_full_lite.gread_ch.grdch2.axi_rdch/grf.rf/rstblk/ngwrdrst.grst.g7serrst.gnsckt_wrst.gic_rst.xpm_cdc_single_inst_rrst_wr'
Sourcing Tcl File [F:/Xilinx/Vivado/2020.1/data/ip/xpm/xpm_cdc/tcl/xpm_cdc_single.tcl] for cell 'inst/gen_clock_conv.gen_async_conv.asyncfifo_axi/inst_fifo_gen/gaxi_full_lite.gread_ch.grdch2.axi_rdch/grf.rf/rstblk/ngwrdrst.grst.g7serrst.gnsckt_wrst.gic_rst.xpm_cdc_single_inst_wrst_rd'
Finished Sourcing Tcl File [F:/Xilinx/Vivado/2020.1/data/ip/xpm/xpm_cdc/tcl/xpm_cdc_single.tcl] for cell 'inst/gen_clock_conv.gen_async_conv.asyncfifo_axi/inst_fifo_gen/gaxi_full_lite.gread_ch.grdch2.axi_rdch/grf.rf/rstblk/ngwrdrst.grst.g7serrst.gnsckt_wrst.gic_rst.xpm_cdc_single_inst_wrst_rd'
Sourcing Tcl File [F:/Xilinx/Vivado/2020.1/data/ip/xpm/xpm_cdc/tcl/xpm_cdc_single.tcl] for cell 'inst/gen_clock_conv.gen_async_conv.asyncfifo_axi/inst_fifo_gen/gaxi_full_lite.gwrite_ch.gwach2.axi_wach/grf.rf/rstblk/ngwrdrst.grst.g7serrst.gnsckt_wrst.gic_rst.xpm_cdc_single_inst_rrst_wr'
Finished Sourcing Tcl File [F:/Xilinx/Vivado/2020.1/data/ip/xpm/xpm_cdc/tcl/xpm_cdc_single.tcl] for cell 'inst/gen_clock_conv.gen_async_conv.asyncfifo_axi/inst_fifo_gen/gaxi_full_lite.gwrite_ch.gwach2.axi_wach/grf.rf/rstblk/ngwrdrst.grst.g7serrst.gnsckt_wrst.gic_rst.xpm_cdc_single_inst_rrst_wr'
Sourcing Tcl File [F:/Xilinx/Vivado/2020.1/data/ip/xpm/xpm_cdc/tcl/xpm_cdc_single.tcl] for cell 'inst/gen_clock_conv.gen_async_conv.asyncfifo_axi/inst_fifo_gen/gaxi_full_lite.gwrite_ch.gwach2.axi_wach/grf.rf/rstblk/ngwrdrst.grst.g7serrst.gnsckt_wrst.gic_rst.xpm_cdc_single_inst_wrst_rd'
Finished Sourcing Tcl File [F:/Xilinx/Vivado/2020.1/data/ip/xpm/xpm_cdc/tcl/xpm_cdc_single.tcl] for cell 'inst/gen_clock_conv.gen_async_conv.asyncfifo_axi/inst_fifo_gen/gaxi_full_lite.gwrite_ch.gwach2.axi_wach/grf.rf/rstblk/ngwrdrst.grst.g7serrst.gnsckt_wrst.gic_rst.xpm_cdc_single_inst_wrst_rd'
Sourcing Tcl File [F:/Xilinx/Vivado/2020.1/data/ip/xpm/xpm_cdc/tcl/xpm_cdc_single.tcl] for cell 'inst/gen_clock_conv.gen_async_conv.asyncfifo_axi/inst_fifo_gen/gaxi_full_lite.gwrite_ch.gwdch2.axi_wdch/grf.rf/rstblk/ngwrdrst.grst.g7serrst.gnsckt_wrst.gic_rst.xpm_cdc_single_inst_rrst_wr'
Finished Sourcing Tcl File [F:/Xilinx/Vivado/2020.1/data/ip/xpm/xpm_cdc/tcl/xpm_cdc_single.tcl] for cell 'inst/gen_clock_conv.gen_async_conv.asyncfifo_axi/inst_fifo_gen/gaxi_full_lite.gwrite_ch.gwdch2.axi_wdch/grf.rf/rstblk/ngwrdrst.grst.g7serrst.gnsckt_wrst.gic_rst.xpm_cdc_single_inst_rrst_wr'
Sourcing Tcl File [F:/Xilinx/Vivado/2020.1/data/ip/xpm/xpm_cdc/tcl/xpm_cdc_single.tcl] for cell 'inst/gen_clock_conv.gen_async_conv.asyncfifo_axi/inst_fifo_gen/gaxi_full_lite.gwrite_ch.gwdch2.axi_wdch/grf.rf/rstblk/ngwrdrst.grst.g7serrst.gnsckt_wrst.gic_rst.xpm_cdc_single_inst_wrst_rd'
Finished Sourcing Tcl File [F:/Xilinx/Vivado/2020.1/data/ip/xpm/xpm_cdc/tcl/xpm_cdc_single.tcl] for cell 'inst/gen_clock_conv.gen_async_conv.asyncfifo_axi/inst_fifo_gen/gaxi_full_lite.gwrite_ch.gwdch2.axi_wdch/grf.rf/rstblk/ngwrdrst.grst.g7serrst.gnsckt_wrst.gic_rst.xpm_cdc_single_inst_wrst_rd'
Sourcing Tcl File [F:/Xilinx/Vivado/2020.1/data/ip/xpm/xpm_cdc/tcl/xpm_cdc_single.tcl] for cell 'inst/gen_clock_conv.gen_async_conv.asyncfifo_axi/inst_fifo_gen/gaxi_full_lite.gwrite_ch.gwrch2.axi_wrch/grf.rf/rstblk/ngwrdrst.grst.g7serrst.gnsckt_wrst.gic_rst.xpm_cdc_single_inst_rrst_wr'
Finished Sourcing Tcl File [F:/Xilinx/Vivado/2020.1/data/ip/xpm/xpm_cdc/tcl/xpm_cdc_single.tcl] for cell 'inst/gen_clock_conv.gen_async_conv.asyncfifo_axi/inst_fifo_gen/gaxi_full_lite.gwrite_ch.gwrch2.axi_wrch/grf.rf/rstblk/ngwrdrst.grst.g7serrst.gnsckt_wrst.gic_rst.xpm_cdc_single_inst_rrst_wr'
Sourcing Tcl File [F:/Xilinx/Vivado/2020.1/data/ip/xpm/xpm_cdc/tcl/xpm_cdc_single.tcl] for cell 'inst/gen_clock_conv.gen_async_conv.asyncfifo_axi/inst_fifo_gen/gaxi_full_lite.gwrite_ch.gwrch2.axi_wrch/grf.rf/rstblk/ngwrdrst.grst.g7serrst.gnsckt_wrst.gic_rst.xpm_cdc_single_inst_wrst_rd'
Finished Sourcing Tcl File [F:/Xilinx/Vivado/2020.1/data/ip/xpm/xpm_cdc/tcl/xpm_cdc_single.tcl] for cell 'inst/gen_clock_conv.gen_async_conv.asyncfifo_axi/inst_fifo_gen/gaxi_full_lite.gwrite_ch.gwrch2.axi_wrch/grf.rf/rstblk/ngwrdrst.grst.g7serrst.gnsckt_wrst.gic_rst.xpm_cdc_single_inst_wrst_rd'
INFO: [Project 1-236] Implementation specific constraints were found while reading constraint file [F:/Xilinx/Vivado/2020.1/data/ip/xpm/xpm_cdc/tcl/xpm_cdc_single.tcl]. These constraints will be ignored for synthesis but will be used in implementation. Impacted constraints are listed in the file [.Xil/Mars_AX3_auto_cc_0_propImpl.xdc].
Resolution: To avoid this warning, move constraints listed in [.Xil/Mars_AX3_auto_cc_0_propImpl.xdc] to another XDC file and exclude this new file from synthesis with the used_in_synthesis property (File Properties dialog in GUI) and re-run elaboration/synthesis.
Completed Processing XDC Constraints

Netlist sorting complete. Time (s): cpu = 00:00:00 ; elapsed = 00:00:00.001 . Memory (MB): peak = 1182.918 ; gain = 0.000
INFO: [Project 1-111] Unisim Transformation Summary:
No Unisim elements were transformed.

Constraint Validation Runtime : Time (s): cpu = 00:00:00 ; elapsed = 00:00:00.111 . Memory (MB): peak = 1193.551 ; gain = 10.633
---------------------------------------------------------------------------------
Finished Constraint Validation : Time (s): cpu = 00:00:21 ; elapsed = 00:00:27 . Memory (MB): peak = 1193.551 ; gain = 138.043
---------------------------------------------------------------------------------
---------------------------------------------------------------------------------
Start Loading Part and Timing Information
---------------------------------------------------------------------------------
Loading part: xc7a100tcsg324-2
---------------------------------------------------------------------------------
Finished Loading Part and Timing Information : Time (s): cpu = 00:00:21 ; elapsed = 00:00:27 . Memory (MB): peak = 1193.551 ; gain = 138.043
---------------------------------------------------------------------------------
---------------------------------------------------------------------------------
Start Applying 'set_property' XDC Constraints
---------------------------------------------------------------------------------
Applied set_property DONT_TOUCH = true for inst. (constraint file  F:/GitHub/Mars_AX3_PM3_Reference_Design/Vivado/MA-AX3-100-2I-D8/Mars_AX3_PM3.runs/Mars_AX3_auto_cc_0_synth_1/dont_touch.xdc, line 9).
Applied set_property DONT_TOUCH = true for inst/\gen_clock_conv.gen_async_conv.asyncfifo_axi /inst_fifo_gen/\gaxi_full_lite.gwrite_ch.gwach2.axi_wach /\grf.rf /rstblk/\ngwrdrst.grst.g7serrst.gnsckt_wrst.gic_rst.rst_rd_reg2_inst . (constraint file  auto generated constraint, line ).
Applied set_property DONT_TOUCH = true for inst/\gen_clock_conv.gen_async_conv.asyncfifo_axi /inst_fifo_gen/\gaxi_full_lite.gwrite_ch.gwdch2.axi_wdch /\grf.rf /rstblk/\ngwrdrst.grst.g7serrst.gnsckt_wrst.gic_rst.rst_rd_reg2_inst . (constraint file  auto generated constraint, line ).
Applied set_property DONT_TOUCH = true for inst/\gen_clock_conv.gen_async_conv.asyncfifo_axi /inst_fifo_gen/\gaxi_full_lite.gwrite_ch.gwrch2.axi_wrch /\grf.rf /rstblk/\ngwrdrst.grst.g7serrst.gnsckt_wrst.gic_rst.rst_rd_reg2_inst . (constraint file  auto generated constraint, line ).
Applied set_property DONT_TOUCH = true for inst/\gen_clock_conv.gen_async_conv.asyncfifo_axi /inst_fifo_gen/\gaxi_full_lite.gread_ch.grach2.axi_rach /\grf.rf /rstblk/\ngwrdrst.grst.g7serrst.gnsckt_wrst.gic_rst.rst_rd_reg2_inst . (constraint file  auto generated constraint, line ).
Applied set_property DONT_TOUCH = true for inst/\gen_clock_conv.gen_async_conv.asyncfifo_axi /inst_fifo_gen/\gaxi_full_lite.gread_ch.grdch2.axi_rdch /\grf.rf /rstblk/\ngwrdrst.grst.g7serrst.gnsckt_wrst.gic_rst.rst_rd_reg2_inst . (constraint file  auto generated constraint, line ).
Applied set_property DONT_TOUCH = true for inst/\gen_clock_conv.gen_async_conv.asyncfifo_axi /inst_fifo_gen/\gaxi_full_lite.gwrite_ch.gwach2.axi_wach /\grf.rf /rstblk/\ngwrdrst.grst.g7serrst.gnsckt_wrst.rst_wr_reg2_inst . (constraint file  auto generated constraint, line ).
Applied set_property DONT_TOUCH = true for inst/\gen_clock_conv.gen_async_conv.asyncfifo_axi /inst_fifo_gen/\gaxi_full_lite.gwrite_ch.gwdch2.axi_wdch /\grf.rf /rstblk/\ngwrdrst.grst.g7serrst.gnsckt_wrst.rst_wr_reg2_inst . (constraint file  auto generated constraint, line ).
Applied set_property DONT_TOUCH = true for inst/\gen_clock_conv.gen_async_conv.asyncfifo_axi /inst_fifo_gen/\gaxi_full_lite.gwrite_ch.gwrch2.axi_wrch /\grf.rf /rstblk/\ngwrdrst.grst.g7serrst.gnsckt_wrst.rst_wr_reg2_inst . (constraint file  auto generated constraint, line ).
Applied set_property DONT_TOUCH = true for inst/\gen_clock_conv.gen_async_conv.asyncfifo_axi /inst_fifo_gen/\gaxi_full_lite.gread_ch.grach2.axi_rach /\grf.rf /rstblk/\ngwrdrst.grst.g7serrst.gnsckt_wrst.rst_wr_reg2_inst . (constraint file  auto generated constraint, line ).
Applied set_property DONT_TOUCH = true for inst/\gen_clock_conv.gen_async_conv.asyncfifo_axi /inst_fifo_gen/\gaxi_full_lite.gread_ch.grdch2.axi_rdch /\grf.rf /rstblk/\ngwrdrst.grst.g7serrst.gnsckt_wrst.rst_wr_reg2_inst . (constraint file  auto generated constraint, line ).
Applied set_property DONT_TOUCH = true for inst/\gen_clock_conv.gen_async_conv.asyncfifo_axi /inst_fifo_gen/\gaxi_full_lite.gwrite_ch.gwach2.axi_wach /\grf.rf /\gntv_or_sync_fifo.gcx.clkx /rd_pntr_cdc_inst. (constraint file  auto generated constraint, line ).
Applied set_property DONT_TOUCH = true for inst/\gen_clock_conv.gen_async_conv.asyncfifo_axi /inst_fifo_gen/\gaxi_full_lite.gwrite_ch.gwdch2.axi_wdch /\grf.rf /\gntv_or_sync_fifo.gcx.clkx /rd_pntr_cdc_inst. (constraint file  auto generated constraint, line ).
Applied set_property DONT_TOUCH = true for inst/\gen_clock_conv.gen_async_conv.asyncfifo_axi /inst_fifo_gen/\gaxi_full_lite.gwrite_ch.gwrch2.axi_wrch /\grf.rf /\gntv_or_sync_fifo.gcx.clkx /rd_pntr_cdc_inst. (constraint file  auto generated constraint, line ).
Applied set_property DONT_TOUCH = true for inst/\gen_clock_conv.gen_async_conv.asyncfifo_axi /inst_fifo_gen/\gaxi_full_lite.gread_ch.grach2.axi_rach /\grf.rf /\gntv_or_sync_fifo.gcx.clkx /rd_pntr_cdc_inst. (constraint file  auto generated constraint, line ).
Applied set_property DONT_TOUCH = true for inst/\gen_clock_conv.gen_async_conv.asyncfifo_axi /inst_fifo_gen/\gaxi_full_lite.gread_ch.grdch2.axi_rdch /\grf.rf /\gntv_or_sync_fifo.gcx.clkx /rd_pntr_cdc_inst. (constraint file  auto generated constraint, line ).
Applied set_property DONT_TOUCH = true for inst/\gen_clock_conv.gen_async_conv.asyncfifo_axi /inst_fifo_gen/\gaxi_full_lite.gwrite_ch.gwach2.axi_wach /\grf.rf /\gntv_or_sync_fifo.gcx.clkx /wr_pntr_cdc_inst. (constraint file  auto generated constraint, line ).
Applied set_property DONT_TOUCH = true for inst/\gen_clock_conv.gen_async_conv.asyncfifo_axi /inst_fifo_gen/\gaxi_full_lite.gwrite_ch.gwdch2.axi_wdch /\grf.rf /\gntv_or_sync_fifo.gcx.clkx /wr_pntr_cdc_inst. (constraint file  auto generated constraint, line ).
Applied set_property DONT_TOUCH = true for inst/\gen_clock_conv.gen_async_conv.asyncfifo_axi /inst_fifo_gen/\gaxi_full_lite.gwrite_ch.gwrch2.axi_wrch /\grf.rf /\gntv_or_sync_fifo.gcx.clkx /wr_pntr_cdc_inst. (constraint file  auto generated constraint, line ).
Applied set_property DONT_TOUCH = true for inst/\gen_clock_conv.gen_async_conv.asyncfifo_axi /inst_fifo_gen/\gaxi_full_lite.gread_ch.grach2.axi_rach /\grf.rf /\gntv_or_sync_fifo.gcx.clkx /wr_pntr_cdc_inst. (constraint file  auto generated constraint, line ).
Applied set_property DONT_TOUCH = true for inst/\gen_clock_conv.gen_async_conv.asyncfifo_axi /inst_fifo_gen/\gaxi_full_lite.gread_ch.grdch2.axi_rdch /\grf.rf /\gntv_or_sync_fifo.gcx.clkx /wr_pntr_cdc_inst. (constraint file  auto generated constraint, line ).
Applied set_property DONT_TOUCH = true for inst/\gen_clock_conv.gen_async_conv.asyncfifo_axi /inst_fifo_gen/\gaxi_full_lite.gread_ch.grach2.cdc_wr_rst_busy_ic_3.xpm_cdc_single_inst3 . (constraint file  auto generated constraint, line ).
Applied set_property DONT_TOUCH = true for inst/\gen_clock_conv.gen_async_conv.asyncfifo_axi /inst_fifo_gen/\gaxi_full_lite.gwrite_ch.gwach2.cdc_wr_rst_busy_ic_1.xpm_cdc_single_inst1 . (constraint file  auto generated constraint, line ).
Applied set_property DONT_TOUCH = true for inst/\gen_clock_conv.gen_async_conv.asyncfifo_axi /inst_fifo_gen/\gaxi_full_lite.gwrite_ch.gwdch2.cdc_wr_rst_busy_ic_2.xpm_cdc_single_inst2 . (constraint file  auto generated constraint, line ).
Applied set_property DONT_TOUCH = true for inst/\gen_clock_conv.gen_async_conv.asyncfifo_axi /inst_fifo_gen/\gaxi_full_lite.gwrite_ch.gwach2.axi_wach /\grf.rf /rstblk/\ngwrdrst.grst.g7serrst.gnsckt_wrst.gic_rst.xpm_cdc_single_inst_rrst_wr . (constraint file  auto generated constraint, line ).
Applied set_property DONT_TOUCH = true for inst/\gen_clock_conv.gen_async_conv.asyncfifo_axi /inst_fifo_gen/\gaxi_full_lite.gwrite_ch.gwdch2.axi_wdch /\grf.rf /rstblk/\ngwrdrst.grst.g7serrst.gnsckt_wrst.gic_rst.xpm_cdc_single_inst_rrst_wr . (constraint file  auto generated constraint, line ).
Applied set_property DONT_TOUCH = true for inst/\gen_clock_conv.gen_async_conv.asyncfifo_axi /inst_fifo_gen/\gaxi_full_lite.gwrite_ch.gwrch2.axi_wrch /\grf.rf /rstblk/\ngwrdrst.grst.g7serrst.gnsckt_wrst.gic_rst.xpm_cdc_single_inst_rrst_wr . (constraint file  auto generated constraint, line ).
Applied set_property DONT_TOUCH = true for inst/\gen_clock_conv.gen_async_conv.asyncfifo_axi /inst_fifo_gen/\gaxi_full_lite.gread_ch.grach2.axi_rach /\grf.rf /rstblk/\ngwrdrst.grst.g7serrst.gnsckt_wrst.gic_rst.xpm_cdc_single_inst_rrst_wr . (constraint file  auto generated constraint, line ).
Applied set_property DONT_TOUCH = true for inst/\gen_clock_conv.gen_async_conv.asyncfifo_axi /inst_fifo_gen/\gaxi_full_lite.gread_ch.grdch2.axi_rdch /\grf.rf /rstblk/\ngwrdrst.grst.g7serrst.gnsckt_wrst.gic_rst.xpm_cdc_single_inst_rrst_wr . (constraint file  auto generated constraint, line ).
Applied set_property DONT_TOUCH = true for inst/\gen_clock_conv.gen_async_conv.asyncfifo_axi /inst_fifo_gen/\gaxi_full_lite.gwrite_ch.gwach2.axi_wach /\grf.rf /rstblk/\ngwrdrst.grst.g7serrst.gnsckt_wrst.gic_rst.xpm_cdc_single_inst_wrst_rd . (constraint file  auto generated constraint, line ).
Applied set_property DONT_TOUCH = true for inst/\gen_clock_conv.gen_async_conv.asyncfifo_axi /inst_fifo_gen/\gaxi_full_lite.gwrite_ch.gwdch2.axi_wdch /\grf.rf /rstblk/\ngwrdrst.grst.g7serrst.gnsckt_wrst.gic_rst.xpm_cdc_single_inst_wrst_rd . (constraint file  auto generated constraint, line ).
Applied set_property DONT_TOUCH = true for inst/\gen_clock_conv.gen_async_conv.asyncfifo_axi /inst_fifo_gen/\gaxi_full_lite.gwrite_ch.gwrch2.axi_wrch /\grf.rf /rstblk/\ngwrdrst.grst.g7serrst.gnsckt_wrst.gic_rst.xpm_cdc_single_inst_wrst_rd . (constraint file  auto generated constraint, line ).
Applied set_property DONT_TOUCH = true for inst/\gen_clock_conv.gen_async_conv.asyncfifo_axi /inst_fifo_gen/\gaxi_full_lite.gread_ch.grach2.axi_rach /\grf.rf /rstblk/\ngwrdrst.grst.g7serrst.gnsckt_wrst.gic_rst.xpm_cdc_single_inst_wrst_rd . (constraint file  auto generated constraint, line ).
Applied set_property DONT_TOUCH = true for inst/\gen_clock_conv.gen_async_conv.asyncfifo_axi /inst_fifo_gen/\gaxi_full_lite.gread_ch.grdch2.axi_rdch /\grf.rf /rstblk/\ngwrdrst.grst.g7serrst.gnsckt_wrst.gic_rst.xpm_cdc_single_inst_wrst_rd . (constraint file  auto generated constraint, line ).
---------------------------------------------------------------------------------
Finished applying 'set_property' XDC Constraints : Time (s): cpu = 00:00:21 ; elapsed = 00:00:27 . Memory (MB): peak = 1193.551 ; gain = 138.043
---------------------------------------------------------------------------------
---------------------------------------------------------------------------------
Finished RTL Optimization Phase 2 : Time (s): cpu = 00:00:22 ; elapsed = 00:00:29 . Memory (MB): peak = 1193.551 ; gain = 138.043
---------------------------------------------------------------------------------
---------------------------------------------------------------------------------
Start RTL Component Statistics 
---------------------------------------------------------------------------------
Detailed RTL Component Info : 
+---Adders : 
	   2 Input    4 Bit       Adders := 10    
+---XORs : 
	   2 Input      4 Bit         XORs := 10    
	   2 Input      1 Bit         XORs := 110   
+---Registers : 
	               60 Bit    Registers := 4     
	               38 Bit    Registers := 2     
	               37 Bit    Registers := 2     
	                5 Bit    Registers := 12    
	                4 Bit    Registers := 83    
	                2 Bit    Registers := 20    
	                1 Bit    Registers := 88    
+---Muxes : 
	   2 Input    2 Bit        Muxes := 20    
	   5 Input    2 Bit        Muxes := 5     
	   3 Input    1 Bit        Muxes := 5     
	   2 Input    1 Bit        Muxes := 15    
	   4 Input    1 Bit        Muxes := 10    
---------------------------------------------------------------------------------
Finished RTL Component Statistics 
---------------------------------------------------------------------------------
---------------------------------------------------------------------------------
Start Part Resource Summary
---------------------------------------------------------------------------------
Part Resources:
DSPs: 240 (col length:80)
BRAMs: 270 (col length: RAMB18 80 RAMB36 40)
---------------------------------------------------------------------------------
Finished Part Resource Summary
---------------------------------------------------------------------------------
---------------------------------------------------------------------------------
Start Cross Boundary and Area Optimization
---------------------------------------------------------------------------------
---------------------------------------------------------------------------------
Finished Cross Boundary and Area Optimization : Time (s): cpu = 00:00:24 ; elapsed = 00:00:32 . Memory (MB): peak = 1193.551 ; gain = 138.043
---------------------------------------------------------------------------------
---------------------------------------------------------------------------------
Start ROM, RAM, DSP and Shift Register Reporting
---------------------------------------------------------------------------------

Distributed RAM: Preliminary Mapping	Report (see note below)
+---------------------------------------------------+-----------------------------------------------------------------------------------------------------------+----------------+----------------------+--------------+
|Module Name                                        | RTL Object                                                                                                | Inference      | Size (Depth x Width) | Primitives   | 
+---------------------------------------------------+-----------------------------------------------------------------------------------------------------------+----------------+----------------------+--------------+
|inst/\gen_clock_conv.gen_async_conv.asyncfifo_axi  | inst_fifo_gen/gaxi_full_lite.gwrite_ch.gwach2.axi_wach/grf.rf/gntv_or_sync_fifo.mem/gdm.dm_gen.dm/RAM_reg | User Attribute | 16 x 60              | RAM32M x 10	 | 
|inst/\gen_clock_conv.gen_async_conv.asyncfifo_axi  | inst_fifo_gen/gaxi_full_lite.gwrite_ch.gwdch2.axi_wdch/grf.rf/gntv_or_sync_fifo.mem/gdm.dm_gen.dm/RAM_reg | User Attribute | 16 x 37              | RAM32M x 7	  | 
|inst/\gen_clock_conv.gen_async_conv.asyncfifo_axi  | inst_fifo_gen/gaxi_full_lite.gwrite_ch.gwrch2.axi_wrch/grf.rf/gntv_or_sync_fifo.mem/gdm.dm_gen.dm/RAM_reg | User Attribute | 16 x 5               | RAM32M x 1	  | 
|inst/\gen_clock_conv.gen_async_conv.asyncfifo_axi  | inst_fifo_gen/gaxi_full_lite.gread_ch.grach2.axi_rach/grf.rf/gntv_or_sync_fifo.mem/gdm.dm_gen.dm/RAM_reg  | User Attribute | 16 x 60              | RAM32M x 10	 | 
|inst/\gen_clock_conv.gen_async_conv.asyncfifo_axi  | inst_fifo_gen/gaxi_full_lite.gread_ch.grdch2.axi_rdch/grf.rf/gntv_or_sync_fifo.mem/gdm.dm_gen.dm/RAM_reg  | User Attribute | 16 x 38              | RAM32M x 7	  | 
+---------------------------------------------------+-----------------------------------------------------------------------------------------------------------+----------------+----------------------+--------------+

Note: The table above is a preliminary report that shows the Distributed RAMs at the current stage of the synthesis flow. Some Distributed RAMs may be reimplemented as non Distributed RAM primitives later in the synthesis flow. Multiple instantiated RAMs are reported only once.
---------------------------------------------------------------------------------
Finished ROM, RAM, DSP and Shift Register Reporting
---------------------------------------------------------------------------------
---------------------------------------------------------------------------------
Start Applying XDC Timing Constraints
---------------------------------------------------------------------------------
---------------------------------------------------------------------------------
Finished Applying XDC Timing Constraints : Time (s): cpu = 00:00:31 ; elapsed = 00:00:39 . Memory (MB): peak = 1193.551 ; gain = 138.043
---------------------------------------------------------------------------------
---------------------------------------------------------------------------------
Start Timing Optimization
---------------------------------------------------------------------------------
---------------------------------------------------------------------------------
Finished Timing Optimization : Time (s): cpu = 00:00:32 ; elapsed = 00:00:41 . Memory (MB): peak = 1193.551 ; gain = 138.043
---------------------------------------------------------------------------------
---------------------------------------------------------------------------------
Start Technology Mapping
---------------------------------------------------------------------------------
---------------------------------------------------------------------------------
Finished Technology Mapping : Time (s): cpu = 00:00:33 ; elapsed = 00:00:42 . Memory (MB): peak = 1193.551 ; gain = 138.043
---------------------------------------------------------------------------------
---------------------------------------------------------------------------------
Start IO Insertion
---------------------------------------------------------------------------------
---------------------------------------------------------------------------------
Start Flattening Before IO Insertion
---------------------------------------------------------------------------------
---------------------------------------------------------------------------------
Finished Flattening Before IO Insertion
---------------------------------------------------------------------------------
---------------------------------------------------------------------------------
Start Final Netlist Cleanup
---------------------------------------------------------------------------------
---------------------------------------------------------------------------------
Finished Final Netlist Cleanup
---------------------------------------------------------------------------------
---------------------------------------------------------------------------------
Finished IO Insertion : Time (s): cpu = 00:00:37 ; elapsed = 00:00:46 . Memory (MB): peak = 1198.504 ; gain = 142.996
---------------------------------------------------------------------------------
---------------------------------------------------------------------------------
Start Renaming Generated Instances
---------------------------------------------------------------------------------
---------------------------------------------------------------------------------
Finished Renaming Generated Instances : Time (s): cpu = 00:00:37 ; elapsed = 00:00:46 . Memory (MB): peak = 1198.504 ; gain = 142.996
---------------------------------------------------------------------------------
---------------------------------------------------------------------------------
Start Rebuilding User Hierarchy
---------------------------------------------------------------------------------
---------------------------------------------------------------------------------
Finished Rebuilding User Hierarchy : Time (s): cpu = 00:00:37 ; elapsed = 00:00:46 . Memory (MB): peak = 1198.504 ; gain = 142.996
---------------------------------------------------------------------------------
---------------------------------------------------------------------------------
Start Renaming Generated Ports
---------------------------------------------------------------------------------
---------------------------------------------------------------------------------
Finished Renaming Generated Ports : Time (s): cpu = 00:00:37 ; elapsed = 00:00:46 . Memory (MB): peak = 1198.504 ; gain = 142.996
---------------------------------------------------------------------------------
---------------------------------------------------------------------------------
Start Handling Custom Attributes
---------------------------------------------------------------------------------
---------------------------------------------------------------------------------
Finished Handling Custom Attributes : Time (s): cpu = 00:00:37 ; elapsed = 00:00:46 . Memory (MB): peak = 1198.504 ; gain = 142.996
---------------------------------------------------------------------------------
---------------------------------------------------------------------------------
Start Renaming Generated Nets
---------------------------------------------------------------------------------
---------------------------------------------------------------------------------
Finished Renaming Generated Nets : Time (s): cpu = 00:00:37 ; elapsed = 00:00:46 . Memory (MB): peak = 1198.504 ; gain = 142.996
---------------------------------------------------------------------------------
---------------------------------------------------------------------------------
Start Writing Synthesis Report
---------------------------------------------------------------------------------

Report BlackBoxes: 
+-+--------------+----------+
| |BlackBox name |Instances |
+-+--------------+----------+
+-+--------------+----------+

Report Cell Usage: 
+------+-------+------+
|      |Cell   |Count |
+------+-------+------+
|1     |LUT1   |    76|
|2     |LUT2   |    66|
|3     |LUT3   |    30|
|4     |LUT4   |    65|
|5     |LUT5   |    10|
|6     |LUT6   |    25|
|7     |RAM32M |    35|
|8     |FDCE   |   130|
|9     |FDPE   |   115|
|10    |FDRE   |   665|
+------+-------+------+
---------------------------------------------------------------------------------
Finished Writing Synthesis Report : Time (s): cpu = 00:00:37 ; elapsed = 00:00:46 . Memory (MB): peak = 1198.504 ; gain = 142.996
---------------------------------------------------------------------------------
Synthesis finished with 0 errors, 0 critical warnings and 0 warnings.
Synthesis Optimization Runtime : Time (s): cpu = 00:00:20 ; elapsed = 00:00:43 . Memory (MB): peak = 1198.504 ; gain = 119.578
Synthesis Optimization Complete : Time (s): cpu = 00:00:37 ; elapsed = 00:00:47 . Memory (MB): peak = 1198.504 ; gain = 142.996
INFO: [Project 1-571] Translating synthesized netlist
Netlist sorting complete. Time (s): cpu = 00:00:00 ; elapsed = 00:00:00.109 . Memory (MB): peak = 1206.562 ; gain = 0.000
INFO: [Netlist 29-17] Analyzing 35 Unisim elements for replacement
INFO: [Netlist 29-28] Unisim Transformation completed in 0 CPU seconds
INFO: [Project 1-570] Preparing netlist for logic optimization
INFO: [Opt 31-138] Pushed 0 inverter(s) to 0 load pin(s).
Netlist sorting complete. Time (s): cpu = 00:00:00 ; elapsed = 00:00:00.001 . Memory (MB): peak = 1209.762 ; gain = 0.000
INFO: [Project 1-111] Unisim Transformation Summary:
  A total of 35 instances were transformed.
  RAM32M => RAM32M (RAMD32(x6), RAMS32(x2)): 35 instances

INFO: [Common 17-83] Releasing license: Synthesis
28 Infos, 0 Warnings, 0 Critical Warnings and 0 Errors encountered.
synth_design completed successfully
synth_design: Time (s): cpu = 00:00:42 ; elapsed = 00:01:05 . Memory (MB): peak = 1209.762 ; gain = 154.254
INFO: [Common 17-600] The following parameters have non-default value.
general.maxThreads
INFO: [Common 17-1381] The checkpoint 'F:/GitHub/Mars_AX3_PM3_Reference_Design/Vivado/MA-AX3-100-2I-D8/Mars_AX3_PM3.runs/Mars_AX3_auto_cc_0_synth_1/Mars_AX3_auto_cc_0.dcp' has been generated.
WARNING: [Common 17-576] 'use_project_ipc' is deprecated. This option is deprecated and no longer used.
INFO: [Coretcl 2-1648] Added synthesis output to IP cache for IP Mars_AX3_auto_cc_0, cache-ID = 6a40cb4393bba8c7
INFO: [Coretcl 2-1174] Renamed 101 cell refs.
INFO: [Common 17-1381] The checkpoint 'F:/GitHub/Mars_AX3_PM3_Reference_Design/Vivado/MA-AX3-100-2I-D8/Mars_AX3_PM3.runs/Mars_AX3_auto_cc_0_synth_1/Mars_AX3_auto_cc_0.dcp' has been generated.
INFO: [runtcl-4] Executing : report_utilization -file Mars_AX3_auto_cc_0_utilization_synth.rpt -pb Mars_AX3_auto_cc_0_utilization_synth.pb
INFO: [Common 17-206] Exiting Vivado at Sat Mar 20 20:59:05 2021...
