
*** Running vivado
    with args -log Mars_AX3_mdm_0_0.vds -m64 -product Vivado -mode batch -messageDb vivado.pb -notrace -source Mars_AX3_mdm_0_0.tcl



****** Vivado v2020.1 (64-bit)
  **** SW Build 2902540 on Wed May 27 19:54:49 MDT 2020
  **** IP Build 2902112 on Wed May 27 22:43:36 MDT 2020
    ** Copyright 1986-2020 Xilinx, Inc. All Rights Reserved.

source Mars_AX3_mdm_0_0.tcl -notrace
Command: synth_design -top Mars_AX3_mdm_0_0 -part xc7a100tcsg324-2 -mode out_of_context
Starting synth_design
Attempting to get a license for feature 'Synthesis' and/or device 'xc7a100t'
INFO: [Common 17-349] Got license for feature 'Synthesis' and/or device 'xc7a100t'
INFO: [Device 21-403] Loading part xc7a100tcsg324-2
INFO: [Synth 8-7079] Multithreading enabled for synth_design using a maximum of 4 processes.
INFO: [Synth 8-7078] Launching helper process for spawning children vivado processes
INFO: [Synth 8-7075] Helper process launched with PID 3284
---------------------------------------------------------------------------------
Starting RTL Elaboration : Time (s): cpu = 00:00:04 ; elapsed = 00:00:06 . Memory (MB): peak = 1054.855 ; gain = 0.000
---------------------------------------------------------------------------------
INFO: [Synth 8-638] synthesizing module 'Mars_AX3_mdm_0_0' [f:/GitHub/Mars_AX3_PM3_Reference_Design/Vivado/MA-AX3-100-2I-D8/Mars_AX3_PM3.srcs/sources_1/bd/Mars_AX3/ip/Mars_AX3_mdm_0_0/synth/Mars_AX3_mdm_0_0.vhd:94]
WARNING: [Synth 8-3819] Generic 'DDR3_ADDR_WIDTH' not present in instantiated entity will be ignored
	Parameter C_FAMILY bound to: artix7 - type: string 
	Parameter C_JTAG_CHAIN bound to: 2 - type: integer 
	Parameter C_USE_BSCAN bound to: 0 - type: integer 
	Parameter C_BSCANID bound to: 76547328 - type: integer 
	Parameter C_DEBUG_INTERFACE bound to: 0 - type: integer 
	Parameter C_USE_CONFIG_RESET bound to: 0 - type: integer 
	Parameter C_AVOID_PRIMITIVES bound to: 0 - type: integer 
	Parameter C_INTERCONNECT bound to: 2 - type: integer 
	Parameter C_MB_DBG_PORTS bound to: 1 - type: integer 
	Parameter C_USE_UART bound to: 1 - type: integer 
	Parameter C_DBG_REG_ACCESS bound to: 0 - type: integer 
	Parameter C_DBG_MEM_ACCESS bound to: 0 - type: integer 
	Parameter C_USE_CROSS_TRIGGER bound to: 0 - type: integer 
	Parameter C_EXT_TRIG_RESET_VALUE bound to: 20'b11110001001000110100 
	Parameter C_TRACE_OUTPUT bound to: 0 - type: integer 
	Parameter C_TRACE_DATA_WIDTH bound to: 32 - type: integer 
	Parameter C_TRACE_CLK_FREQ_HZ bound to: 200000000 - type: integer 
	Parameter C_TRACE_CLK_OUT_PHASE bound to: 90 - type: integer 
	Parameter C_TRACE_ASYNC_RESET bound to: 0 - type: integer 
	Parameter C_TRACE_PROTOCOL bound to: 1 - type: integer 
	Parameter C_TRACE_ID bound to: 110 - type: integer 
	Parameter C_S_AXI_ADDR_WIDTH bound to: 4 - type: integer 
	Parameter C_S_AXI_DATA_WIDTH bound to: 32 - type: integer 
	Parameter C_S_AXI_ACLK_FREQ_HZ bound to: 100000000 - type: integer 
	Parameter C_M_AXI_ADDR_WIDTH bound to: 32 - type: integer 
	Parameter C_M_AXI_DATA_WIDTH bound to: 32 - type: integer 
	Parameter C_M_AXI_THREAD_ID_WIDTH bound to: 1 - type: integer 
	Parameter C_ADDR_SIZE bound to: 32 - type: integer 
	Parameter C_DATA_SIZE bound to: 32 - type: integer 
	Parameter C_LMB_PROTOCOL bound to: 0 - type: integer 
	Parameter C_M_AXIS_DATA_WIDTH bound to: 32 - type: integer 
	Parameter C_M_AXIS_ID_WIDTH bound to: 7 - type: integer 
INFO: [Synth 8-3491] module 'MDM' declared at 'f:/GitHub/Mars_AX3_PM3_Reference_Design/Vivado/MA-AX3-100-2I-D8/Mars_AX3_PM3.srcs/sources_1/bd/Mars_AX3/ipshared/e9fa/hdl/mdm_v3_2_vh_rfs.vhd:12605' bound to instance 'U0' of component 'MDM' [f:/GitHub/Mars_AX3_PM3_Reference_Design/Vivado/MA-AX3-100-2I-D8/Mars_AX3_PM3.srcs/sources_1/bd/Mars_AX3/ip/Mars_AX3_mdm_0_0/synth/Mars_AX3_mdm_0_0.vhd:1701]
INFO: [Synth 8-638] synthesizing module 'MDM' [f:/GitHub/Mars_AX3_PM3_Reference_Design/Vivado/MA-AX3-100-2I-D8/Mars_AX3_PM3.srcs/sources_1/bd/Mars_AX3/ipshared/e9fa/hdl/mdm_v3_2_vh_rfs.vhd:14260]
	Parameter C_FAMILY bound to: artix7 - type: string 
	Parameter C_JTAG_CHAIN bound to: 2 - type: integer 
	Parameter C_USE_BSCAN bound to: 0 - type: integer 
	Parameter C_BSCANID bound to: 76547328 - type: integer 
	Parameter C_USE_CONFIG_RESET bound to: 0 - type: integer 
	Parameter C_AVOID_PRIMITIVES bound to: 0 - type: integer 
	Parameter C_INTERCONNECT bound to: 2 - type: integer 
	Parameter C_DEBUG_INTERFACE bound to: 0 - type: integer 
	Parameter C_MB_DBG_PORTS bound to: 1 - type: integer 
	Parameter C_DBG_REG_ACCESS bound to: 0 - type: integer 
	Parameter C_DBG_MEM_ACCESS bound to: 0 - type: integer 
	Parameter C_USE_UART bound to: 1 - type: integer 
	Parameter C_USE_CROSS_TRIGGER bound to: 0 - type: integer 
	Parameter C_EXT_TRIG_RESET_VALUE bound to: 20'b11110001001000110100 
	Parameter C_TRACE_OUTPUT bound to: 0 - type: integer 
	Parameter C_TRACE_DATA_WIDTH bound to: 32 - type: integer 
	Parameter C_TRACE_ASYNC_RESET bound to: 0 - type: integer 
	Parameter C_TRACE_CLK_FREQ_HZ bound to: 200000000 - type: integer 
	Parameter C_TRACE_CLK_OUT_PHASE bound to: 90 - type: integer 
	Parameter C_TRACE_PROTOCOL bound to: 1 - type: integer 
	Parameter C_TRACE_ID bound to: 110 - type: integer 
	Parameter C_S_AXI_ACLK_FREQ_HZ bound to: 100000000 - type: integer 
	Parameter C_S_AXI_ADDR_WIDTH bound to: 4 - type: integer 
	Parameter C_S_AXI_DATA_WIDTH bound to: 32 - type: integer 
	Parameter C_M_AXI_ADDR_WIDTH bound to: 32 - type: integer 
	Parameter C_M_AXI_DATA_WIDTH bound to: 32 - type: integer 
	Parameter C_M_AXI_THREAD_ID_WIDTH bound to: 1 - type: integer 
	Parameter C_ADDR_SIZE bound to: 32 - type: integer 
	Parameter C_DATA_SIZE bound to: 32 - type: integer 
	Parameter C_LMB_PROTOCOL bound to: 0 - type: integer 
	Parameter C_M_AXIS_DATA_WIDTH bound to: 32 - type: integer 
	Parameter C_M_AXIS_ID_WIDTH bound to: 7 - type: integer 
	Parameter C_TARGET bound to: 2 - type: integer 
	Parameter DISABLE_JTAG bound to: FALSE - type: string 
	Parameter JTAG_CHAIN bound to: 2 - type: integer 
INFO: [Synth 8-3491] module 'MB_BSCANE2' declared at 'f:/GitHub/Mars_AX3_PM3_Reference_Design/Vivado/MA-AX3-100-2I-D8/Mars_AX3_PM3.srcs/sources_1/bd/Mars_AX3/ipshared/e9fa/hdl/mdm_v3_2_vh_rfs.vhd:311' bound to instance 'BSCAN_I' of component 'MB_BSCANE2' [f:/GitHub/Mars_AX3_PM3_Reference_Design/Vivado/MA-AX3-100-2I-D8/Mars_AX3_PM3.srcs/sources_1/bd/Mars_AX3/ipshared/e9fa/hdl/mdm_v3_2_vh_rfs.vhd:15865]
INFO: [Synth 8-638] synthesizing module 'MB_BSCANE2' [f:/GitHub/Mars_AX3_PM3_Reference_Design/Vivado/MA-AX3-100-2I-D8/Mars_AX3_PM3.srcs/sources_1/bd/Mars_AX3/ipshared/e9fa/hdl/mdm_v3_2_vh_rfs.vhd:335]
	Parameter C_TARGET bound to: 2 - type: integer 
	Parameter DISABLE_JTAG bound to: FALSE - type: string 
	Parameter JTAG_CHAIN bound to: 2 - type: integer 
	Parameter DISABLE_JTAG bound to: FALSE - type: string 
	Parameter JTAG_CHAIN bound to: 2 - type: integer 
INFO: [Synth 8-113] binding component instance 'BSCANE2_I' to cell 'BSCANE2' [f:/GitHub/Mars_AX3_PM3_Reference_Design/Vivado/MA-AX3-100-2I-D8/Mars_AX3_PM3.srcs/sources_1/bd/Mars_AX3/ipshared/e9fa/hdl/mdm_v3_2_vh_rfs.vhd:345]
INFO: [Synth 8-256] done synthesizing module 'MB_BSCANE2' (1#1) [f:/GitHub/Mars_AX3_PM3_Reference_Design/Vivado/MA-AX3-100-2I-D8/Mars_AX3_PM3.srcs/sources_1/bd/Mars_AX3/ipshared/e9fa/hdl/mdm_v3_2_vh_rfs.vhd:335]
	Parameter C_TARGET bound to: 2 - type: integer 
	Parameter INIT bound to: 2'b10 
INFO: [Synth 8-3491] module 'MB_LUT1' declared at 'f:/GitHub/Mars_AX3_PM3_Reference_Design/Vivado/MA-AX3-100-2I-D8/Mars_AX3_PM3.srcs/sources_1/bd/Mars_AX3/ipshared/e9fa/hdl/mdm_v3_2_vh_rfs.vhd:1459' bound to instance 'LUT1_I' of component 'MB_LUT1' [f:/GitHub/Mars_AX3_PM3_Reference_Design/Vivado/MA-AX3-100-2I-D8/Mars_AX3_PM3.srcs/sources_1/bd/Mars_AX3/ipshared/e9fa/hdl/mdm_v3_2_vh_rfs.vhd:15883]
INFO: [Synth 8-638] synthesizing module 'MB_LUT1' [f:/GitHub/Mars_AX3_PM3_Reference_Design/Vivado/MA-AX3-100-2I-D8/Mars_AX3_PM3.srcs/sources_1/bd/Mars_AX3/ipshared/e9fa/hdl/mdm_v3_2_vh_rfs.vhd:1473]
	Parameter C_TARGET bound to: 2 - type: integer 
	Parameter INIT bound to: 2'b10 
	Parameter INIT bound to: 2'b10 
INFO: [Synth 8-113] binding component instance 'Native' to cell 'LUT1' [f:/GitHub/Mars_AX3_PM3_Reference_Design/Vivado/MA-AX3-100-2I-D8/Mars_AX3_PM3.srcs/sources_1/bd/Mars_AX3/ipshared/e9fa/hdl/mdm_v3_2_vh_rfs.vhd:1495]
INFO: [Synth 8-256] done synthesizing module 'MB_LUT1' (2#1) [f:/GitHub/Mars_AX3_PM3_Reference_Design/Vivado/MA-AX3-100-2I-D8/Mars_AX3_PM3.srcs/sources_1/bd/Mars_AX3/ipshared/e9fa/hdl/mdm_v3_2_vh_rfs.vhd:1473]
	Parameter C_TARGET bound to: 2 - type: integer 
INFO: [Synth 8-3491] module 'MB_BUFG' declared at 'f:/GitHub/Mars_AX3_PM3_Reference_Design/Vivado/MA-AX3-100-2I-D8/Mars_AX3_PM3.srcs/sources_1/bd/Mars_AX3/ipshared/e9fa/hdl/mdm_v3_2_vh_rfs.vhd:373' bound to instance 'BUFG_DRCK' of component 'MB_BUFG' [f:/GitHub/Mars_AX3_PM3_Reference_Design/Vivado/MA-AX3-100-2I-D8/Mars_AX3_PM3.srcs/sources_1/bd/Mars_AX3/ipshared/e9fa/hdl/mdm_v3_2_vh_rfs.vhd:16351]
INFO: [Synth 8-638] synthesizing module 'MB_BUFG' [f:/GitHub/Mars_AX3_PM3_Reference_Design/Vivado/MA-AX3-100-2I-D8/Mars_AX3_PM3.srcs/sources_1/bd/Mars_AX3/ipshared/e9fa/hdl/mdm_v3_2_vh_rfs.vhd:386]
	Parameter C_TARGET bound to: 2 - type: integer 
INFO: [Synth 8-113] binding component instance 'Native' to cell 'BUFG' [f:/GitHub/Mars_AX3_PM3_Reference_Design/Vivado/MA-AX3-100-2I-D8/Mars_AX3_PM3.srcs/sources_1/bd/Mars_AX3/ipshared/e9fa/hdl/mdm_v3_2_vh_rfs.vhd:396]
INFO: [Synth 8-256] done synthesizing module 'MB_BUFG' (3#1) [f:/GitHub/Mars_AX3_PM3_Reference_Design/Vivado/MA-AX3-100-2I-D8/Mars_AX3_PM3.srcs/sources_1/bd/Mars_AX3/ipshared/e9fa/hdl/mdm_v3_2_vh_rfs.vhd:386]
	Parameter C_TARGET bound to: 2 - type: integer 
	Parameter C_JTAG_CHAIN bound to: 2 - type: integer 
	Parameter C_USE_BSCAN bound to: 0 - type: integer 
	Parameter C_USE_CONFIG_RESET bound to: 0 - type: integer 
	Parameter C_USE_SRL16 bound to: yes - type: string 
	Parameter C_DEBUG_INTERFACE bound to: 0 - type: integer 
	Parameter C_MB_DBG_PORTS bound to: 1 - type: integer 
	Parameter C_EN_WIDTH bound to: 1 - type: integer 
	Parameter C_DBG_REG_ACCESS bound to: 0 - type: integer 
	Parameter C_REG_NUM_CE bound to: 4 - type: integer 
	Parameter C_REG_DATA_WIDTH bound to: 8 - type: integer 
	Parameter C_DBG_MEM_ACCESS bound to: 0 - type: integer 
	Parameter C_S_AXI_ADDR_WIDTH bound to: 4 - type: integer 
	Parameter C_S_AXI_ACLK_FREQ_HZ bound to: 100000000 - type: integer 
	Parameter C_M_AXI_ADDR_WIDTH bound to: 32 - type: integer 
	Parameter C_M_AXI_DATA_WIDTH bound to: 32 - type: integer 
	Parameter C_USE_CROSS_TRIGGER bound to: 0 - type: integer 
	Parameter C_EXT_TRIG_RESET_VALUE bound to: 20'b11110001001000110100 
	Parameter C_USE_UART bound to: 1 - type: integer 
	Parameter C_UART_WIDTH bound to: 8 - type: integer 
	Parameter C_TRACE_OUTPUT bound to: 0 - type: integer 
	Parameter C_TRACE_DATA_WIDTH bound to: 32 - type: integer 
	Parameter C_TRACE_ASYNC_RESET bound to: 0 - type: integer 
	Parameter C_TRACE_CLK_FREQ_HZ bound to: 200000000 - type: integer 
	Parameter C_TRACE_CLK_OUT_PHASE bound to: 90 - type: integer 
	Parameter C_TRACE_PROTOCOL bound to: 1 - type: integer 
	Parameter C_TRACE_ID bound to: 110 - type: integer 
	Parameter C_M_AXIS_DATA_WIDTH bound to: 32 - type: integer 
	Parameter C_M_AXIS_ID_WIDTH bound to: 7 - type: integer 
INFO: [Synth 8-3491] module 'MDM_Core' declared at 'f:/GitHub/Mars_AX3_PM3_Reference_Design/Vivado/MA-AX3-100-2I-D8/Mars_AX3_PM3.srcs/sources_1/bd/Mars_AX3/ipshared/e9fa/hdl/mdm_v3_2_vh_rfs.vhd:5724' bound to instance 'MDM_Core_I1' of component 'MDM_Core' [f:/GitHub/Mars_AX3_PM3_Reference_Design/Vivado/MA-AX3-100-2I-D8/Mars_AX3_PM3.srcs/sources_1/bd/Mars_AX3/ipshared/e9fa/hdl/mdm_v3_2_vh_rfs.vhd:16449]
INFO: [Synth 8-638] synthesizing module 'MDM_Core' [f:/GitHub/Mars_AX3_PM3_Reference_Design/Vivado/MA-AX3-100-2I-D8/Mars_AX3_PM3.srcs/sources_1/bd/Mars_AX3/ipshared/e9fa/hdl/mdm_v3_2_vh_rfs.vhd:6961]
	Parameter C_TARGET bound to: 2 - type: integer 
	Parameter C_JTAG_CHAIN bound to: 2 - type: integer 
	Parameter C_USE_BSCAN bound to: 0 - type: integer 
	Parameter C_USE_CONFIG_RESET bound to: 0 - type: integer 
	Parameter C_USE_SRL16 bound to: yes - type: string 
	Parameter C_DEBUG_INTERFACE bound to: 0 - type: integer 
	Parameter C_MB_DBG_PORTS bound to: 1 - type: integer 
	Parameter C_EN_WIDTH bound to: 1 - type: integer 
	Parameter C_DBG_REG_ACCESS bound to: 0 - type: integer 
	Parameter C_REG_NUM_CE bound to: 4 - type: integer 
	Parameter C_REG_DATA_WIDTH bound to: 8 - type: integer 
	Parameter C_DBG_MEM_ACCESS bound to: 0 - type: integer 
	Parameter C_S_AXI_ADDR_WIDTH bound to: 4 - type: integer 
	Parameter C_S_AXI_ACLK_FREQ_HZ bound to: 100000000 - type: integer 
	Parameter C_M_AXI_ADDR_WIDTH bound to: 32 - type: integer 
	Parameter C_M_AXI_DATA_WIDTH bound to: 32 - type: integer 
	Parameter C_USE_CROSS_TRIGGER bound to: 0 - type: integer 
	Parameter C_EXT_TRIG_RESET_VALUE bound to: 20'b11110001001000110100 
	Parameter C_USE_UART bound to: 1 - type: integer 
	Parameter C_UART_WIDTH bound to: 8 - type: integer 
	Parameter C_TRACE_OUTPUT bound to: 0 - type: integer 
	Parameter C_TRACE_DATA_WIDTH bound to: 32 - type: integer 
	Parameter C_TRACE_ASYNC_RESET bound to: 0 - type: integer 
	Parameter C_TRACE_CLK_FREQ_HZ bound to: 200000000 - type: integer 
	Parameter C_TRACE_CLK_OUT_PHASE bound to: 90 - type: integer 
	Parameter C_TRACE_PROTOCOL bound to: 1 - type: integer 
	Parameter C_TRACE_ID bound to: 110 - type: integer 
	Parameter C_M_AXIS_DATA_WIDTH bound to: 32 - type: integer 
	Parameter C_M_AXIS_ID_WIDTH bound to: 7 - type: integer 
INFO: [Synth 8-3491] module 'xil_scan_reset_control' declared at 'f:/GitHub/Mars_AX3_PM3_Reference_Design/Vivado/MA-AX3-100-2I-D8/Mars_AX3_PM3.srcs/sources_1/bd/Mars_AX3/ipshared/e9fa/hdl/mdm_v3_2_vh_rfs.vhd:287' bound to instance 'config_scan_reset_i' of component 'xil_scan_reset_control' [f:/GitHub/Mars_AX3_PM3_Reference_Design/Vivado/MA-AX3-100-2I-D8/Mars_AX3_PM3.srcs/sources_1/bd/Mars_AX3/ipshared/e9fa/hdl/mdm_v3_2_vh_rfs.vhd:7644]
INFO: [Synth 8-638] synthesizing module 'xil_scan_reset_control' [f:/GitHub/Mars_AX3_PM3_Reference_Design/Vivado/MA-AX3-100-2I-D8/Mars_AX3_PM3.srcs/sources_1/bd/Mars_AX3/ipshared/e9fa/hdl/mdm_v3_2_vh_rfs.vhd:296]
INFO: [Synth 8-256] done synthesizing module 'xil_scan_reset_control' (4#1) [f:/GitHub/Mars_AX3_PM3_Reference_Design/Vivado/MA-AX3-100-2I-D8/Mars_AX3_PM3.srcs/sources_1/bd/Mars_AX3/ipshared/e9fa/hdl/mdm_v3_2_vh_rfs.vhd:296]
INFO: [Synth 8-3491] module 'xil_scan_reset_control' declared at 'f:/GitHub/Mars_AX3_PM3_Reference_Design/Vivado/MA-AX3-100-2I-D8/Mars_AX3_PM3.srcs/sources_1/bd/Mars_AX3/ipshared/e9fa/hdl/mdm_v3_2_vh_rfs.vhd:287' bound to instance 'sel_n_reset_i' of component 'xil_scan_reset_control' [f:/GitHub/Mars_AX3_PM3_Reference_Design/Vivado/MA-AX3-100-2I-D8/Mars_AX3_PM3.srcs/sources_1/bd/Mars_AX3/ipshared/e9fa/hdl/mdm_v3_2_vh_rfs.vhd:7654]
INFO: [Synth 8-3491] module 'xil_scan_reset_control' declared at 'f:/GitHub/Mars_AX3_PM3_Reference_Design/Vivado/MA-AX3-100-2I-D8/Mars_AX3_PM3.srcs/sources_1/bd/Mars_AX3/ipshared/e9fa/hdl/mdm_v3_2_vh_rfs.vhd:287' bound to instance 'shift_n_reset_i' of component 'xil_scan_reset_control' [f:/GitHub/Mars_AX3_PM3_Reference_Design/Vivado/MA-AX3-100-2I-D8/Mars_AX3_PM3.srcs/sources_1/bd/Mars_AX3/ipshared/e9fa/hdl/mdm_v3_2_vh_rfs.vhd:7664]
	Parameter C_TARGET bound to: 2 - type: integer 
	Parameter INIT bound to: 1'b0 
INFO: [Synth 8-3491] module 'MB_FDRE' declared at 'f:/GitHub/Mars_AX3_PM3_Reference_Design/Vivado/MA-AX3-100-2I-D8/Mars_AX3_PM3.srcs/sources_1/bd/Mars_AX3/ipshared/e9fa/hdl/mdm_v3_2_vh_rfs.vhd:491' bound to instance 'TX_Buffer_Empty_FDRE' of component 'MB_FDRE' [f:/GitHub/Mars_AX3_PM3_Reference_Design/Vivado/MA-AX3-100-2I-D8/Mars_AX3_PM3.srcs/sources_1/bd/Mars_AX3/ipshared/e9fa/hdl/mdm_v3_2_vh_rfs.vhd:7903]
INFO: [Synth 8-638] synthesizing module 'MB_FDRE' [f:/GitHub/Mars_AX3_PM3_Reference_Design/Vivado/MA-AX3-100-2I-D8/Mars_AX3_PM3.srcs/sources_1/bd/Mars_AX3/ipshared/e9fa/hdl/mdm_v3_2_vh_rfs.vhd:508]
	Parameter C_TARGET bound to: 2 - type: integer 
	Parameter INIT bound to: 1'b0 
	Parameter INIT bound to: 1'b0 
	Parameter IS_C_INVERTED bound to: 1'b0 
	Parameter IS_D_INVERTED bound to: 1'b0 
	Parameter IS_R_INVERTED bound to: 1'b0 
INFO: [Synth 8-113] binding component instance 'Native' to cell 'FDRE' [f:/GitHub/Mars_AX3_PM3_Reference_Design/Vivado/MA-AX3-100-2I-D8/Mars_AX3_PM3.srcs/sources_1/bd/Mars_AX3/ipshared/e9fa/hdl/mdm_v3_2_vh_rfs.vhd:537]
INFO: [Synth 8-256] done synthesizing module 'MB_FDRE' (5#1) [f:/GitHub/Mars_AX3_PM3_Reference_Design/Vivado/MA-AX3-100-2I-D8/Mars_AX3_PM3.srcs/sources_1/bd/Mars_AX3/ipshared/e9fa/hdl/mdm_v3_2_vh_rfs.vhd:508]
	Parameter C_TARGET bound to: 2 - type: integer 
	Parameter C_USE_BSCAN bound to: 0 - type: integer 
	Parameter C_MB_DBG_PORTS bound to: 1 - type: integer 
	Parameter C_USE_CONFIG_RESET bound to: 0 - type: integer 
	Parameter C_USE_SRL16 bound to: yes - type: string 
	Parameter C_DEBUG_INTERFACE bound to: 0 - type: integer 
	Parameter C_DBG_REG_ACCESS bound to: 0 - type: integer 
	Parameter C_DBG_MEM_ACCESS bound to: 0 - type: integer 
	Parameter C_M_AXI_ADDR_WIDTH bound to: 32 - type: integer 
	Parameter C_M_AXI_DATA_WIDTH bound to: 32 - type: integer 
	Parameter C_USE_CROSS_TRIGGER bound to: 0 - type: integer 
	Parameter C_EXT_TRIG_RESET_VALUE bound to: 20'b11110001001000110100 
	Parameter C_USE_UART bound to: 1 - type: integer 
	Parameter C_UART_WIDTH bound to: 8 - type: integer 
	Parameter C_TRACE_OUTPUT bound to: 0 - type: integer 
	Parameter C_TRACE_PROTOCOL bound to: 1 - type: integer 
	Parameter C_EN_WIDTH bound to: 1 - type: integer 
INFO: [Synth 8-3491] module 'JTAG_CONTROL' declared at 'f:/GitHub/Mars_AX3_PM3_Reference_Design/Vivado/MA-AX3-100-2I-D8/Mars_AX3_PM3.srcs/sources_1/bd/Mars_AX3/ipshared/e9fa/hdl/mdm_v3_2_vh_rfs.vhd:3007' bound to instance 'JTAG_CONTROL_I' of component 'JTAG_CONTROL' [f:/GitHub/Mars_AX3_PM3_Reference_Design/Vivado/MA-AX3-100-2I-D8/Mars_AX3_PM3.srcs/sources_1/bd/Mars_AX3/ipshared/e9fa/hdl/mdm_v3_2_vh_rfs.vhd:10355]
INFO: [Synth 8-638] synthesizing module 'JTAG_CONTROL' [f:/GitHub/Mars_AX3_PM3_Reference_Design/Vivado/MA-AX3-100-2I-D8/Mars_AX3_PM3.srcs/sources_1/bd/Mars_AX3/ipshared/e9fa/hdl/mdm_v3_2_vh_rfs.vhd:3280]
	Parameter C_TARGET bound to: 2 - type: integer 
	Parameter C_USE_BSCAN bound to: 0 - type: integer 
	Parameter C_MB_DBG_PORTS bound to: 1 - type: integer 
	Parameter C_USE_CONFIG_RESET bound to: 0 - type: integer 
	Parameter C_USE_SRL16 bound to: yes - type: string 
	Parameter C_DEBUG_INTERFACE bound to: 0 - type: integer 
	Parameter C_DBG_REG_ACCESS bound to: 0 - type: integer 
	Parameter C_DBG_MEM_ACCESS bound to: 0 - type: integer 
	Parameter C_M_AXI_ADDR_WIDTH bound to: 32 - type: integer 
	Parameter C_M_AXI_DATA_WIDTH bound to: 32 - type: integer 
	Parameter C_USE_CROSS_TRIGGER bound to: 0 - type: integer 
	Parameter C_EXT_TRIG_RESET_VALUE bound to: 20'b11110001001000110100 
	Parameter C_USE_UART bound to: 1 - type: integer 
	Parameter C_UART_WIDTH bound to: 8 - type: integer 
	Parameter C_TRACE_OUTPUT bound to: 0 - type: integer 
	Parameter C_TRACE_PROTOCOL bound to: 1 - type: integer 
	Parameter C_EN_WIDTH bound to: 1 - type: integer 
INFO: [Synth 8-3491] module 'xil_scan_reset_control' declared at 'f:/GitHub/Mars_AX3_PM3_Reference_Design/Vivado/MA-AX3-100-2I-D8/Mars_AX3_PM3.srcs/sources_1/bd/Mars_AX3/ipshared/e9fa/hdl/mdm_v3_2_vh_rfs.vhd:287' bound to instance 'config_with_scan_reset_i' of component 'xil_scan_reset_control' [f:/GitHub/Mars_AX3_PM3_Reference_Design/Vivado/MA-AX3-100-2I-D8/Mars_AX3_PM3.srcs/sources_1/bd/Mars_AX3/ipshared/e9fa/hdl/mdm_v3_2_vh_rfs.vhd:3589]
INFO: [Synth 8-3491] module 'xil_scan_reset_control' declared at 'f:/GitHub/Mars_AX3_PM3_Reference_Design/Vivado/MA-AX3-100-2I-D8/Mars_AX3_PM3.srcs/sources_1/bd/Mars_AX3/ipshared/e9fa/hdl/mdm_v3_2_vh_rfs.vhd:287' bound to instance 'sel_with_scan_reset_i' of component 'xil_scan_reset_control' [f:/GitHub/Mars_AX3_PM3_Reference_Design/Vivado/MA-AX3-100-2I-D8/Mars_AX3_PM3.srcs/sources_1/bd/Mars_AX3/ipshared/e9fa/hdl/mdm_v3_2_vh_rfs.vhd:3597]
	Parameter C_TARGET bound to: 2 - type: integer 
	Parameter INIT bound to: 1'b0 
INFO: [Synth 8-3491] module 'MB_FDC_1' declared at 'f:/GitHub/Mars_AX3_PM3_Reference_Design/Vivado/MA-AX3-100-2I-D8/Mars_AX3_PM3.srcs/sources_1/bd/Mars_AX3/ipshared/e9fa/hdl/mdm_v3_2_vh_rfs.vhd:672' bound to instance 'FDC_I' of component 'MB_FDC_1' [f:/GitHub/Mars_AX3_PM3_Reference_Design/Vivado/MA-AX3-100-2I-D8/Mars_AX3_PM3.srcs/sources_1/bd/Mars_AX3/ipshared/e9fa/hdl/mdm_v3_2_vh_rfs.vhd:3654]
INFO: [Synth 8-638] synthesizing module 'MB_FDC_1' [f:/GitHub/Mars_AX3_PM3_Reference_Design/Vivado/MA-AX3-100-2I-D8/Mars_AX3_PM3.srcs/sources_1/bd/Mars_AX3/ipshared/e9fa/hdl/mdm_v3_2_vh_rfs.vhd:688]
	Parameter C_TARGET bound to: 2 - type: integer 
	Parameter INIT bound to: 1'b0 
	Parameter INIT bound to: 1'b0 
INFO: [Synth 8-113] binding component instance 'Native' to cell 'FDC_1' [f:/GitHub/Mars_AX3_PM3_Reference_Design/Vivado/MA-AX3-100-2I-D8/Mars_AX3_PM3.srcs/sources_1/bd/Mars_AX3/ipshared/e9fa/hdl/mdm_v3_2_vh_rfs.vhd:709]
INFO: [Synth 8-256] done synthesizing module 'MB_FDC_1' (6#1) [f:/GitHub/Mars_AX3_PM3_Reference_Design/Vivado/MA-AX3-100-2I-D8/Mars_AX3_PM3.srcs/sources_1/bd/Mars_AX3/ipshared/e9fa/hdl/mdm_v3_2_vh_rfs.vhd:688]
	Parameter C_TARGET bound to: 2 - type: integer 
	Parameter INIT bound to: 1'b0 
INFO: [Synth 8-3491] module 'MB_FDRE_1' declared at 'f:/GitHub/Mars_AX3_PM3_Reference_Design/Vivado/MA-AX3-100-2I-D8/Mars_AX3_PM3.srcs/sources_1/bd/Mars_AX3/ipshared/e9fa/hdl/mdm_v3_2_vh_rfs.vhd:731' bound to instance 'SYNC_FDRE' of component 'MB_FDRE_1' [f:/GitHub/Mars_AX3_PM3_Reference_Design/Vivado/MA-AX3-100-2I-D8/Mars_AX3_PM3.srcs/sources_1/bd/Mars_AX3/ipshared/e9fa/hdl/mdm_v3_2_vh_rfs.vhd:3664]
INFO: [Synth 8-638] synthesizing module 'MB_FDRE_1' [f:/GitHub/Mars_AX3_PM3_Reference_Design/Vivado/MA-AX3-100-2I-D8/Mars_AX3_PM3.srcs/sources_1/bd/Mars_AX3/ipshared/e9fa/hdl/mdm_v3_2_vh_rfs.vhd:748]
	Parameter C_TARGET bound to: 2 - type: integer 
	Parameter INIT bound to: 1'b0 
	Parameter INIT bound to: 1'b0 
INFO: [Synth 8-113] binding component instance 'Native' to cell 'FDRE_1' [f:/GitHub/Mars_AX3_PM3_Reference_Design/Vivado/MA-AX3-100-2I-D8/Mars_AX3_PM3.srcs/sources_1/bd/Mars_AX3/ipshared/e9fa/hdl/mdm_v3_2_vh_rfs.vhd:771]
INFO: [Synth 8-256] done synthesizing module 'MB_FDRE_1' (7#1) [f:/GitHub/Mars_AX3_PM3_Reference_Design/Vivado/MA-AX3-100-2I-D8/Mars_AX3_PM3.srcs/sources_1/bd/Mars_AX3/ipshared/e9fa/hdl/mdm_v3_2_vh_rfs.vhd:748]
	Parameter C_TARGET bound to: 2 - type: integer 
	Parameter C_STATIC bound to: 1 - type: bool 
	Parameter C_USE_SRL16 bound to: yes - type: string 
	Parameter INIT bound to: 16'b0000000101100111 
INFO: [Synth 8-3491] module 'MB_SRL16E' declared at 'f:/GitHub/Mars_AX3_PM3_Reference_Design/Vivado/MA-AX3-100-2I-D8/Mars_AX3_PM3.srcs/sources_1/bd/Mars_AX3/ipshared/e9fa/hdl/mdm_v3_2_vh_rfs.vhd:794' bound to instance 'SRL16E_1' of component 'MB_SRL16E' [f:/GitHub/Mars_AX3_PM3_Reference_Design/Vivado/MA-AX3-100-2I-D8/Mars_AX3_PM3.srcs/sources_1/bd/Mars_AX3/ipshared/e9fa/hdl/mdm_v3_2_vh_rfs.vhd:3858]
INFO: [Synth 8-638] synthesizing module 'MB_SRL16E' [f:/GitHub/Mars_AX3_PM3_Reference_Design/Vivado/MA-AX3-100-2I-D8/Mars_AX3_PM3.srcs/sources_1/bd/Mars_AX3/ipshared/e9fa/hdl/mdm_v3_2_vh_rfs.vhd:818]
	Parameter C_TARGET bound to: 2 - type: integer 
	Parameter C_STATIC bound to: 1 - type: bool 
	Parameter C_USE_SRL16 bound to: yes - type: string 
	Parameter INIT bound to: 16'b0000000101100111 
	Parameter INIT bound to: 16'b0000000101100111 
	Parameter IS_CLK_INVERTED bound to: 1'b0 
INFO: [Synth 8-113] binding component instance 'MB_SRL16E_I1' to cell 'SRL16E' [f:/GitHub/Mars_AX3_PM3_Reference_Design/Vivado/MA-AX3-100-2I-D8/Mars_AX3_PM3.srcs/sources_1/bd/Mars_AX3/ipshared/e9fa/hdl/mdm_v3_2_vh_rfs.vhd:822]
INFO: [Synth 8-256] done synthesizing module 'MB_SRL16E' (8#1) [f:/GitHub/Mars_AX3_PM3_Reference_Design/Vivado/MA-AX3-100-2I-D8/Mars_AX3_PM3.srcs/sources_1/bd/Mars_AX3/ipshared/e9fa/hdl/mdm_v3_2_vh_rfs.vhd:818]
	Parameter C_TARGET bound to: 2 - type: integer 
	Parameter C_STATIC bound to: 1 - type: bool 
	Parameter C_USE_SRL16 bound to: yes - type: string 
	Parameter INIT bound to: 16'b0100001010100111 
INFO: [Synth 8-3491] module 'MB_SRL16E' declared at 'f:/GitHub/Mars_AX3_PM3_Reference_Design/Vivado/MA-AX3-100-2I-D8/Mars_AX3_PM3.srcs/sources_1/bd/Mars_AX3/ipshared/e9fa/hdl/mdm_v3_2_vh_rfs.vhd:794' bound to instance 'SRL16E_2' of component 'MB_SRL16E' [f:/GitHub/Mars_AX3_PM3_Reference_Design/Vivado/MA-AX3-100-2I-D8/Mars_AX3_PM3.srcs/sources_1/bd/Mars_AX3/ipshared/e9fa/hdl/mdm_v3_2_vh_rfs.vhd:3876]
INFO: [Synth 8-638] synthesizing module 'MB_SRL16E__parameterized1' [f:/GitHub/Mars_AX3_PM3_Reference_Design/Vivado/MA-AX3-100-2I-D8/Mars_AX3_PM3.srcs/sources_1/bd/Mars_AX3/ipshared/e9fa/hdl/mdm_v3_2_vh_rfs.vhd:818]
	Parameter C_TARGET bound to: 2 - type: integer 
	Parameter C_STATIC bound to: 1 - type: bool 
	Parameter C_USE_SRL16 bound to: yes - type: string 
	Parameter INIT bound to: 16'b0100001010100111 
	Parameter INIT bound to: 16'b0100001010100111 
	Parameter IS_CLK_INVERTED bound to: 1'b0 
INFO: [Synth 8-113] binding component instance 'MB_SRL16E_I1' to cell 'SRL16E' [f:/GitHub/Mars_AX3_PM3_Reference_Design/Vivado/MA-AX3-100-2I-D8/Mars_AX3_PM3.srcs/sources_1/bd/Mars_AX3/ipshared/e9fa/hdl/mdm_v3_2_vh_rfs.vhd:822]
INFO: [Synth 8-256] done synthesizing module 'MB_SRL16E__parameterized1' (8#1) [f:/GitHub/Mars_AX3_PM3_Reference_Design/Vivado/MA-AX3-100-2I-D8/Mars_AX3_PM3.srcs/sources_1/bd/Mars_AX3/ipshared/e9fa/hdl/mdm_v3_2_vh_rfs.vhd:818]
	Parameter C_TARGET bound to: 2 - type: integer 
	Parameter C_STATIC bound to: 1 - type: bool 
	Parameter C_USE_SRL16 bound to: yes - type: string 
	Parameter INIT bound to: 16'b0100010001000011 
INFO: [Synth 8-3491] module 'MB_SRL16E' declared at 'f:/GitHub/Mars_AX3_PM3_Reference_Design/Vivado/MA-AX3-100-2I-D8/Mars_AX3_PM3.srcs/sources_1/bd/Mars_AX3/ipshared/e9fa/hdl/mdm_v3_2_vh_rfs.vhd:794' bound to instance 'SRL16E_ID_1' of component 'MB_SRL16E' [f:/GitHub/Mars_AX3_PM3_Reference_Design/Vivado/MA-AX3-100-2I-D8/Mars_AX3_PM3.srcs/sources_1/bd/Mars_AX3/ipshared/e9fa/hdl/mdm_v3_2_vh_rfs.vhd:3947]
INFO: [Synth 8-638] synthesizing module 'MB_SRL16E__parameterized3' [f:/GitHub/Mars_AX3_PM3_Reference_Design/Vivado/MA-AX3-100-2I-D8/Mars_AX3_PM3.srcs/sources_1/bd/Mars_AX3/ipshared/e9fa/hdl/mdm_v3_2_vh_rfs.vhd:818]
	Parameter C_TARGET bound to: 2 - type: integer 
	Parameter C_STATIC bound to: 1 - type: bool 
	Parameter C_USE_SRL16 bound to: yes - type: string 
	Parameter INIT bound to: 16'b0100010001000011 
	Parameter INIT bound to: 16'b0100010001000011 
	Parameter IS_CLK_INVERTED bound to: 1'b0 
INFO: [Synth 8-113] binding component instance 'MB_SRL16E_I1' to cell 'SRL16E' [f:/GitHub/Mars_AX3_PM3_Reference_Design/Vivado/MA-AX3-100-2I-D8/Mars_AX3_PM3.srcs/sources_1/bd/Mars_AX3/ipshared/e9fa/hdl/mdm_v3_2_vh_rfs.vhd:822]
INFO: [Synth 8-256] done synthesizing module 'MB_SRL16E__parameterized3' (8#1) [f:/GitHub/Mars_AX3_PM3_Reference_Design/Vivado/MA-AX3-100-2I-D8/Mars_AX3_PM3.srcs/sources_1/bd/Mars_AX3/ipshared/e9fa/hdl/mdm_v3_2_vh_rfs.vhd:818]
	Parameter C_TARGET bound to: 2 - type: integer 
	Parameter C_STATIC bound to: 1 - type: bool 
	Parameter C_USE_SRL16 bound to: yes - type: string 
	Parameter INIT bound to: 16'b0101100001001101 
INFO: [Synth 8-3491] module 'MB_SRL16E' declared at 'f:/GitHub/Mars_AX3_PM3_Reference_Design/Vivado/MA-AX3-100-2I-D8/Mars_AX3_PM3.srcs/sources_1/bd/Mars_AX3/ipshared/e9fa/hdl/mdm_v3_2_vh_rfs.vhd:794' bound to instance 'SRL16E_ID_2' of component 'MB_SRL16E' [f:/GitHub/Mars_AX3_PM3_Reference_Design/Vivado/MA-AX3-100-2I-D8/Mars_AX3_PM3.srcs/sources_1/bd/Mars_AX3/ipshared/e9fa/hdl/mdm_v3_2_vh_rfs.vhd:3965]
INFO: [Synth 8-638] synthesizing module 'MB_SRL16E__parameterized5' [f:/GitHub/Mars_AX3_PM3_Reference_Design/Vivado/MA-AX3-100-2I-D8/Mars_AX3_PM3.srcs/sources_1/bd/Mars_AX3/ipshared/e9fa/hdl/mdm_v3_2_vh_rfs.vhd:818]
	Parameter C_TARGET bound to: 2 - type: integer 
	Parameter C_STATIC bound to: 1 - type: bool 
	Parameter C_USE_SRL16 bound to: yes - type: string 
	Parameter INIT bound to: 16'b0101100001001101 
	Parameter INIT bound to: 16'b0101100001001101 
	Parameter IS_CLK_INVERTED bound to: 1'b0 
INFO: [Synth 8-113] binding component instance 'MB_SRL16E_I1' to cell 'SRL16E' [f:/GitHub/Mars_AX3_PM3_Reference_Design/Vivado/MA-AX3-100-2I-D8/Mars_AX3_PM3.srcs/sources_1/bd/Mars_AX3/ipshared/e9fa/hdl/mdm_v3_2_vh_rfs.vhd:822]
INFO: [Synth 8-256] done synthesizing module 'MB_SRL16E__parameterized5' (8#1) [f:/GitHub/Mars_AX3_PM3_Reference_Design/Vivado/MA-AX3-100-2I-D8/Mars_AX3_PM3.srcs/sources_1/bd/Mars_AX3/ipshared/e9fa/hdl/mdm_v3_2_vh_rfs.vhd:818]
	Parameter C_TARGET bound to: 2 - type: integer 
	Parameter INIT bound to: 1'b0 
	Parameter IS_CE_INVERTED bound to: 1'b0 
	Parameter IS_C_INVERTED bound to: 1'b0 
	Parameter IS_D_INVERTED bound to: 1'b0 
	Parameter IS_R_INVERTED bound to: 1'b0 
	Parameter IS_S_INVERTED bound to: 1'b0 
INFO: [Synth 8-3491] module 'MB_FDRSE' declared at 'f:/GitHub/Mars_AX3_PM3_Reference_Design/Vivado/MA-AX3-100-2I-D8/Mars_AX3_PM3.srcs/sources_1/bd/Mars_AX3/ipshared/e9fa/hdl/mdm_v3_2_vh_rfs.vhd:879' bound to instance 'Ext_BRK_FDRSE' of component 'MB_FDRSE' [f:/GitHub/Mars_AX3_PM3_Reference_Design/Vivado/MA-AX3-100-2I-D8/Mars_AX3_PM3.srcs/sources_1/bd/Mars_AX3/ipshared/e9fa/hdl/mdm_v3_2_vh_rfs.vhd:4390]
INFO: [Synth 8-638] synthesizing module 'MB_FDRSE' [f:/GitHub/Mars_AX3_PM3_Reference_Design/Vivado/MA-AX3-100-2I-D8/Mars_AX3_PM3.srcs/sources_1/bd/Mars_AX3/ipshared/e9fa/hdl/mdm_v3_2_vh_rfs.vhd:905]
	Parameter C_TARGET bound to: 2 - type: integer 
	Parameter INIT bound to: 1'b0 
	Parameter IS_CE_INVERTED bound to: 1'b0 
	Parameter IS_C_INVERTED bound to: 1'b0 
	Parameter IS_D_INVERTED bound to: 1'b0 
	Parameter IS_R_INVERTED bound to: 1'b0 
	Parameter IS_S_INVERTED bound to: 1'b0 
	Parameter INIT bound to: 1'b0 
	Parameter IS_CE_INVERTED bound to: 1'b0 
	Parameter IS_C_INVERTED bound to: 1'b0 
	Parameter IS_D_INVERTED bound to: 1'b0 
	Parameter IS_R_INVERTED bound to: 1'b0 
	Parameter IS_S_INVERTED bound to: 1'b0 
INFO: [Synth 8-113] binding component instance 'Native' to cell 'FDRSE' [f:/GitHub/Mars_AX3_PM3_Reference_Design/Vivado/MA-AX3-100-2I-D8/Mars_AX3_PM3.srcs/sources_1/bd/Mars_AX3/ipshared/e9fa/hdl/mdm_v3_2_vh_rfs.vhd:961]
INFO: [Synth 8-256] done synthesizing module 'MB_FDRSE' (9#1) [f:/GitHub/Mars_AX3_PM3_Reference_Design/Vivado/MA-AX3-100-2I-D8/Mars_AX3_PM3.srcs/sources_1/bd/Mars_AX3/ipshared/e9fa/hdl/mdm_v3_2_vh_rfs.vhd:905]
INFO: [Synth 8-3491] module 'xil_scan_reset_control' declared at 'f:/GitHub/Mars_AX3_PM3_Reference_Design/Vivado/MA-AX3-100-2I-D8/Mars_AX3_PM3.srcs/sources_1/bd/Mars_AX3/ipshared/e9fa/hdl/mdm_v3_2_vh_rfs.vhd:287' bound to instance 'data_cmd_reset_i' of component 'xil_scan_reset_control' [f:/GitHub/Mars_AX3_PM3_Reference_Design/Vivado/MA-AX3-100-2I-D8/Mars_AX3_PM3.srcs/sources_1/bd/Mars_AX3/ipshared/e9fa/hdl/mdm_v3_2_vh_rfs.vhd:4433]
	Parameter C_TARGET bound to: 2 - type: integer 
	Parameter C_DATA_BITS bound to: 8 - type: integer 
	Parameter C_DEPTH bound to: 16 - type: integer 
	Parameter C_USE_SRL16 bound to: yes - type: string 
INFO: [Synth 8-3491] module 'SRL_FIFO' declared at 'f:/GitHub/Mars_AX3_PM3_Reference_Design/Vivado/MA-AX3-100-2I-D8/Mars_AX3_PM3.srcs/sources_1/bd/Mars_AX3/ipshared/e9fa/hdl/mdm_v3_2_vh_rfs.vhd:1880' bound to instance 'RX_FIFO_I' of component 'SRL_FIFO' [f:/GitHub/Mars_AX3_PM3_Reference_Design/Vivado/MA-AX3-100-2I-D8/Mars_AX3_PM3.srcs/sources_1/bd/Mars_AX3/ipshared/e9fa/hdl/mdm_v3_2_vh_rfs.vhd:4534]
INFO: [Synth 8-638] synthesizing module 'SRL_FIFO' [f:/GitHub/Mars_AX3_PM3_Reference_Design/Vivado/MA-AX3-100-2I-D8/Mars_AX3_PM3.srcs/sources_1/bd/Mars_AX3/ipshared/e9fa/hdl/mdm_v3_2_vh_rfs.vhd:1900]
	Parameter C_TARGET bound to: 2 - type: integer 
	Parameter C_DATA_BITS bound to: 8 - type: integer 
	Parameter C_DEPTH bound to: 16 - type: integer 
	Parameter C_USE_SRL16 bound to: yes - type: string 
	Parameter C_TARGET bound to: 2 - type: integer 
INFO: [Synth 8-3491] module 'MB_MUXCY_XORCY' declared at 'f:/GitHub/Mars_AX3_PM3_Reference_Design/Vivado/MA-AX3-100-2I-D8/Mars_AX3_PM3.srcs/sources_1/bd/Mars_AX3/ipshared/e9fa/hdl/mdm_v3_2_vh_rfs.vhd:990' bound to instance 'MUXCY_L_I' of component 'MB_MUXCY_XORCY' [f:/GitHub/Mars_AX3_PM3_Reference_Design/Vivado/MA-AX3-100-2I-D8/Mars_AX3_PM3.srcs/sources_1/bd/Mars_AX3/ipshared/e9fa/hdl/mdm_v3_2_vh_rfs.vhd:2030]
INFO: [Synth 8-638] synthesizing module 'MB_MUXCY_XORCY' [f:/GitHub/Mars_AX3_PM3_Reference_Design/Vivado/MA-AX3-100-2I-D8/Mars_AX3_PM3.srcs/sources_1/bd/Mars_AX3/ipshared/e9fa/hdl/mdm_v3_2_vh_rfs.vhd:1006]
	Parameter C_TARGET bound to: 2 - type: integer 
INFO: [Synth 8-113] binding component instance 'Native_I1' to cell 'MUXCY_L' [f:/GitHub/Mars_AX3_PM3_Reference_Design/Vivado/MA-AX3-100-2I-D8/Mars_AX3_PM3.srcs/sources_1/bd/Mars_AX3/ipshared/e9fa/hdl/mdm_v3_2_vh_rfs.vhd:1017]
INFO: [Synth 8-113] binding component instance 'Native_I2' to cell 'XORCY' [f:/GitHub/Mars_AX3_PM3_Reference_Design/Vivado/MA-AX3-100-2I-D8/Mars_AX3_PM3.srcs/sources_1/bd/Mars_AX3/ipshared/e9fa/hdl/mdm_v3_2_vh_rfs.vhd:1024]
INFO: [Synth 8-256] done synthesizing module 'MB_MUXCY_XORCY' (10#1) [f:/GitHub/Mars_AX3_PM3_Reference_Design/Vivado/MA-AX3-100-2I-D8/Mars_AX3_PM3.srcs/sources_1/bd/Mars_AX3/ipshared/e9fa/hdl/mdm_v3_2_vh_rfs.vhd:1006]
	Parameter C_TARGET bound to: 2 - type: integer 
	Parameter INIT bound to: 1'b0 
INFO: [Synth 8-3491] module 'MB_FDRE' declared at 'f:/GitHub/Mars_AX3_PM3_Reference_Design/Vivado/MA-AX3-100-2I-D8/Mars_AX3_PM3.srcs/sources_1/bd/Mars_AX3/ipshared/e9fa/hdl/mdm_v3_2_vh_rfs.vhd:491' bound to instance 'FDRE_I' of component 'MB_FDRE' [f:/GitHub/Mars_AX3_PM3_Reference_Design/Vivado/MA-AX3-100-2I-D8/Mars_AX3_PM3.srcs/sources_1/bd/Mars_AX3/ipshared/e9fa/hdl/mdm_v3_2_vh_rfs.vhd:2054]
	Parameter C_TARGET bound to: 2 - type: integer 
INFO: [Synth 8-3491] module 'MB_MUXCY_XORCY' declared at 'f:/GitHub/Mars_AX3_PM3_Reference_Design/Vivado/MA-AX3-100-2I-D8/Mars_AX3_PM3.srcs/sources_1/bd/Mars_AX3/ipshared/e9fa/hdl/mdm_v3_2_vh_rfs.vhd:990' bound to instance 'MUXCY_L_I' of component 'MB_MUXCY_XORCY' [f:/GitHub/Mars_AX3_PM3_Reference_Design/Vivado/MA-AX3-100-2I-D8/Mars_AX3_PM3.srcs/sources_1/bd/Mars_AX3/ipshared/e9fa/hdl/mdm_v3_2_vh_rfs.vhd:2030]
	Parameter C_TARGET bound to: 2 - type: integer 
	Parameter INIT bound to: 1'b0 
INFO: [Synth 8-3491] module 'MB_FDRE' declared at 'f:/GitHub/Mars_AX3_PM3_Reference_Design/Vivado/MA-AX3-100-2I-D8/Mars_AX3_PM3.srcs/sources_1/bd/Mars_AX3/ipshared/e9fa/hdl/mdm_v3_2_vh_rfs.vhd:491' bound to instance 'FDRE_I' of component 'MB_FDRE' [f:/GitHub/Mars_AX3_PM3_Reference_Design/Vivado/MA-AX3-100-2I-D8/Mars_AX3_PM3.srcs/sources_1/bd/Mars_AX3/ipshared/e9fa/hdl/mdm_v3_2_vh_rfs.vhd:2054]
	Parameter C_TARGET bound to: 2 - type: integer 
INFO: [Synth 8-3491] module 'MB_MUXCY_XORCY' declared at 'f:/GitHub/Mars_AX3_PM3_Reference_Design/Vivado/MA-AX3-100-2I-D8/Mars_AX3_PM3.srcs/sources_1/bd/Mars_AX3/ipshared/e9fa/hdl/mdm_v3_2_vh_rfs.vhd:990' bound to instance 'MUXCY_L_I' of component 'MB_MUXCY_XORCY' [f:/GitHub/Mars_AX3_PM3_Reference_Design/Vivado/MA-AX3-100-2I-D8/Mars_AX3_PM3.srcs/sources_1/bd/Mars_AX3/ipshared/e9fa/hdl/mdm_v3_2_vh_rfs.vhd:2030]
	Parameter C_TARGET bound to: 2 - type: integer 
	Parameter INIT bound to: 1'b0 
INFO: [Synth 8-3491] module 'MB_FDRE' declared at 'f:/GitHub/Mars_AX3_PM3_Reference_Design/Vivado/MA-AX3-100-2I-D8/Mars_AX3_PM3.srcs/sources_1/bd/Mars_AX3/ipshared/e9fa/hdl/mdm_v3_2_vh_rfs.vhd:491' bound to instance 'FDRE_I' of component 'MB_FDRE' [f:/GitHub/Mars_AX3_PM3_Reference_Design/Vivado/MA-AX3-100-2I-D8/Mars_AX3_PM3.srcs/sources_1/bd/Mars_AX3/ipshared/e9fa/hdl/mdm_v3_2_vh_rfs.vhd:2054]
	Parameter C_TARGET bound to: 2 - type: integer 
INFO: [Synth 8-3491] module 'MB_XORCY' declared at 'f:/GitHub/Mars_AX3_PM3_Reference_Design/Vivado/MA-AX3-100-2I-D8/Mars_AX3_PM3.srcs/sources_1/bd/Mars_AX3/ipshared/e9fa/hdl/mdm_v3_2_vh_rfs.vhd:1086' bound to instance 'XORCY_I' of component 'MB_XORCY' [f:/GitHub/Mars_AX3_PM3_Reference_Design/Vivado/MA-AX3-100-2I-D8/Mars_AX3_PM3.srcs/sources_1/bd/Mars_AX3/ipshared/e9fa/hdl/mdm_v3_2_vh_rfs.vhd:2044]
INFO: [Synth 8-638] synthesizing module 'MB_XORCY' [f:/GitHub/Mars_AX3_PM3_Reference_Design/Vivado/MA-AX3-100-2I-D8/Mars_AX3_PM3.srcs/sources_1/bd/Mars_AX3/ipshared/e9fa/hdl/mdm_v3_2_vh_rfs.vhd:1100]
	Parameter C_TARGET bound to: 2 - type: integer 
INFO: [Synth 8-113] binding component instance 'Native' to cell 'XORCY' [f:/GitHub/Mars_AX3_PM3_Reference_Design/Vivado/MA-AX3-100-2I-D8/Mars_AX3_PM3.srcs/sources_1/bd/Mars_AX3/ipshared/e9fa/hdl/mdm_v3_2_vh_rfs.vhd:1110]
INFO: [Synth 8-256] done synthesizing module 'MB_XORCY' (11#1) [f:/GitHub/Mars_AX3_PM3_Reference_Design/Vivado/MA-AX3-100-2I-D8/Mars_AX3_PM3.srcs/sources_1/bd/Mars_AX3/ipshared/e9fa/hdl/mdm_v3_2_vh_rfs.vhd:1100]
	Parameter C_TARGET bound to: 2 - type: integer 
	Parameter INIT bound to: 1'b0 
INFO: [Synth 8-3491] module 'MB_FDRE' declared at 'f:/GitHub/Mars_AX3_PM3_Reference_Design/Vivado/MA-AX3-100-2I-D8/Mars_AX3_PM3.srcs/sources_1/bd/Mars_AX3/ipshared/e9fa/hdl/mdm_v3_2_vh_rfs.vhd:491' bound to instance 'FDRE_I' of component 'MB_FDRE' [f:/GitHub/Mars_AX3_PM3_Reference_Design/Vivado/MA-AX3-100-2I-D8/Mars_AX3_PM3.srcs/sources_1/bd/Mars_AX3/ipshared/e9fa/hdl/mdm_v3_2_vh_rfs.vhd:2054]
	Parameter C_TARGET bound to: 2 - type: integer 
	Parameter C_STATIC bound to: 0 - type: bool 
	Parameter C_USE_SRL16 bound to: yes - type: string 
	Parameter INIT bound to: 16'b0000000000000000 
INFO: [Synth 8-3491] module 'MB_SRL16E' declared at 'f:/GitHub/Mars_AX3_PM3_Reference_Design/Vivado/MA-AX3-100-2I-D8/Mars_AX3_PM3.srcs/sources_1/bd/Mars_AX3/ipshared/e9fa/hdl/mdm_v3_2_vh_rfs.vhd:794' bound to instance 'SRL16E_I' of component 'MB_SRL16E' [f:/GitHub/Mars_AX3_PM3_Reference_Design/Vivado/MA-AX3-100-2I-D8/Mars_AX3_PM3.srcs/sources_1/bd/Mars_AX3/ipshared/e9fa/hdl/mdm_v3_2_vh_rfs.vhd:2071]
INFO: [Synth 8-638] synthesizing module 'MB_SRL16E__parameterized7' [f:/GitHub/Mars_AX3_PM3_Reference_Design/Vivado/MA-AX3-100-2I-D8/Mars_AX3_PM3.srcs/sources_1/bd/Mars_AX3/ipshared/e9fa/hdl/mdm_v3_2_vh_rfs.vhd:818]
	Parameter C_TARGET bound to: 2 - type: integer 
	Parameter C_STATIC bound to: 0 - type: bool 
	Parameter C_USE_SRL16 bound to: yes - type: string 
	Parameter INIT bound to: 16'b0000000000000000 
	Parameter INIT bound to: 16'b0000000000000000 
	Parameter IS_CLK_INVERTED bound to: 1'b0 
INFO: [Synth 8-113] binding component instance 'MB_SRL16E_I1' to cell 'SRL16E' [f:/GitHub/Mars_AX3_PM3_Reference_Design/Vivado/MA-AX3-100-2I-D8/Mars_AX3_PM3.srcs/sources_1/bd/Mars_AX3/ipshared/e9fa/hdl/mdm_v3_2_vh_rfs.vhd:822]
INFO: [Synth 8-256] done synthesizing module 'MB_SRL16E__parameterized7' (11#1) [f:/GitHub/Mars_AX3_PM3_Reference_Design/Vivado/MA-AX3-100-2I-D8/Mars_AX3_PM3.srcs/sources_1/bd/Mars_AX3/ipshared/e9fa/hdl/mdm_v3_2_vh_rfs.vhd:818]
	Parameter C_TARGET bound to: 2 - type: integer 
	Parameter C_STATIC bound to: 0 - type: bool 
	Parameter C_USE_SRL16 bound to: yes - type: string 
	Parameter INIT bound to: 16'b0000000000000000 
INFO: [Synth 8-3491] module 'MB_SRL16E' declared at 'f:/GitHub/Mars_AX3_PM3_Reference_Design/Vivado/MA-AX3-100-2I-D8/Mars_AX3_PM3.srcs/sources_1/bd/Mars_AX3/ipshared/e9fa/hdl/mdm_v3_2_vh_rfs.vhd:794' bound to instance 'SRL16E_I' of component 'MB_SRL16E' [f:/GitHub/Mars_AX3_PM3_Reference_Design/Vivado/MA-AX3-100-2I-D8/Mars_AX3_PM3.srcs/sources_1/bd/Mars_AX3/ipshared/e9fa/hdl/mdm_v3_2_vh_rfs.vhd:2071]
	Parameter C_TARGET bound to: 2 - type: integer 
	Parameter C_STATIC bound to: 0 - type: bool 
	Parameter C_USE_SRL16 bound to: yes - type: string 
	Parameter INIT bound to: 16'b0000000000000000 
INFO: [Synth 8-3491] module 'MB_SRL16E' declared at 'f:/GitHub/Mars_AX3_PM3_Reference_Design/Vivado/MA-AX3-100-2I-D8/Mars_AX3_PM3.srcs/sources_1/bd/Mars_AX3/ipshared/e9fa/hdl/mdm_v3_2_vh_rfs.vhd:794' bound to instance 'SRL16E_I' of component 'MB_SRL16E' [f:/GitHub/Mars_AX3_PM3_Reference_Design/Vivado/MA-AX3-100-2I-D8/Mars_AX3_PM3.srcs/sources_1/bd/Mars_AX3/ipshared/e9fa/hdl/mdm_v3_2_vh_rfs.vhd:2071]
	Parameter C_TARGET bound to: 2 - type: integer 
	Parameter C_STATIC bound to: 0 - type: bool 
	Parameter C_USE_SRL16 bound to: yes - type: string 
	Parameter INIT bound to: 16'b0000000000000000 
INFO: [Synth 8-3491] module 'MB_SRL16E' declared at 'f:/GitHub/Mars_AX3_PM3_Reference_Design/Vivado/MA-AX3-100-2I-D8/Mars_AX3_PM3.srcs/sources_1/bd/Mars_AX3/ipshared/e9fa/hdl/mdm_v3_2_vh_rfs.vhd:794' bound to instance 'SRL16E_I' of component 'MB_SRL16E' [f:/GitHub/Mars_AX3_PM3_Reference_Design/Vivado/MA-AX3-100-2I-D8/Mars_AX3_PM3.srcs/sources_1/bd/Mars_AX3/ipshared/e9fa/hdl/mdm_v3_2_vh_rfs.vhd:2071]
	Parameter C_TARGET bound to: 2 - type: integer 
	Parameter C_STATIC bound to: 0 - type: bool 
	Parameter C_USE_SRL16 bound to: yes - type: string 
	Parameter INIT bound to: 16'b0000000000000000 
INFO: [Synth 8-3491] module 'MB_SRL16E' declared at 'f:/GitHub/Mars_AX3_PM3_Reference_Design/Vivado/MA-AX3-100-2I-D8/Mars_AX3_PM3.srcs/sources_1/bd/Mars_AX3/ipshared/e9fa/hdl/mdm_v3_2_vh_rfs.vhd:794' bound to instance 'SRL16E_I' of component 'MB_SRL16E' [f:/GitHub/Mars_AX3_PM3_Reference_Design/Vivado/MA-AX3-100-2I-D8/Mars_AX3_PM3.srcs/sources_1/bd/Mars_AX3/ipshared/e9fa/hdl/mdm_v3_2_vh_rfs.vhd:2071]
	Parameter C_TARGET bound to: 2 - type: integer 
	Parameter C_STATIC bound to: 0 - type: bool 
	Parameter C_USE_SRL16 bound to: yes - type: string 
	Parameter INIT bound to: 16'b0000000000000000 
INFO: [Synth 8-3491] module 'MB_SRL16E' declared at 'f:/GitHub/Mars_AX3_PM3_Reference_Design/Vivado/MA-AX3-100-2I-D8/Mars_AX3_PM3.srcs/sources_1/bd/Mars_AX3/ipshared/e9fa/hdl/mdm_v3_2_vh_rfs.vhd:794' bound to instance 'SRL16E_I' of component 'MB_SRL16E' [f:/GitHub/Mars_AX3_PM3_Reference_Design/Vivado/MA-AX3-100-2I-D8/Mars_AX3_PM3.srcs/sources_1/bd/Mars_AX3/ipshared/e9fa/hdl/mdm_v3_2_vh_rfs.vhd:2071]
	Parameter C_TARGET bound to: 2 - type: integer 
	Parameter C_STATIC bound to: 0 - type: bool 
	Parameter C_USE_SRL16 bound to: yes - type: string 
	Parameter INIT bound to: 16'b0000000000000000 
INFO: [Synth 8-3491] module 'MB_SRL16E' declared at 'f:/GitHub/Mars_AX3_PM3_Reference_Design/Vivado/MA-AX3-100-2I-D8/Mars_AX3_PM3.srcs/sources_1/bd/Mars_AX3/ipshared/e9fa/hdl/mdm_v3_2_vh_rfs.vhd:794' bound to instance 'SRL16E_I' of component 'MB_SRL16E' [f:/GitHub/Mars_AX3_PM3_Reference_Design/Vivado/MA-AX3-100-2I-D8/Mars_AX3_PM3.srcs/sources_1/bd/Mars_AX3/ipshared/e9fa/hdl/mdm_v3_2_vh_rfs.vhd:2071]
	Parameter C_TARGET bound to: 2 - type: integer 
	Parameter C_STATIC bound to: 0 - type: bool 
	Parameter C_USE_SRL16 bound to: yes - type: string 
	Parameter INIT bound to: 16'b0000000000000000 
INFO: [Synth 8-3491] module 'MB_SRL16E' declared at 'f:/GitHub/Mars_AX3_PM3_Reference_Design/Vivado/MA-AX3-100-2I-D8/Mars_AX3_PM3.srcs/sources_1/bd/Mars_AX3/ipshared/e9fa/hdl/mdm_v3_2_vh_rfs.vhd:794' bound to instance 'SRL16E_I' of component 'MB_SRL16E' [f:/GitHub/Mars_AX3_PM3_Reference_Design/Vivado/MA-AX3-100-2I-D8/Mars_AX3_PM3.srcs/sources_1/bd/Mars_AX3/ipshared/e9fa/hdl/mdm_v3_2_vh_rfs.vhd:2071]
INFO: [Synth 8-256] done synthesizing module 'SRL_FIFO' (12#1) [f:/GitHub/Mars_AX3_PM3_Reference_Design/Vivado/MA-AX3-100-2I-D8/Mars_AX3_PM3.srcs/sources_1/bd/Mars_AX3/ipshared/e9fa/hdl/mdm_v3_2_vh_rfs.vhd:1900]
	Parameter C_TARGET bound to: 2 - type: integer 
	Parameter C_DATA_BITS bound to: 8 - type: integer 
	Parameter C_DEPTH bound to: 16 - type: integer 
	Parameter C_USE_SRL16 bound to: yes - type: string 
INFO: [Synth 8-3491] module 'SRL_FIFO' declared at 'f:/GitHub/Mars_AX3_PM3_Reference_Design/Vivado/MA-AX3-100-2I-D8/Mars_AX3_PM3.srcs/sources_1/bd/Mars_AX3/ipshared/e9fa/hdl/mdm_v3_2_vh_rfs.vhd:1880' bound to instance 'TX_FIFO_I' of component 'SRL_FIFO' [f:/GitHub/Mars_AX3_PM3_Reference_Design/Vivado/MA-AX3-100-2I-D8/Mars_AX3_PM3.srcs/sources_1/bd/Mars_AX3/ipshared/e9fa/hdl/mdm_v3_2_vh_rfs.vhd:4556]
INFO: [Synth 8-256] done synthesizing module 'JTAG_CONTROL' (13#1) [f:/GitHub/Mars_AX3_PM3_Reference_Design/Vivado/MA-AX3-100-2I-D8/Mars_AX3_PM3.srcs/sources_1/bd/Mars_AX3/ipshared/e9fa/hdl/mdm_v3_2_vh_rfs.vhd:3280]
INFO: [Synth 8-256] done synthesizing module 'MDM_Core' (14#1) [f:/GitHub/Mars_AX3_PM3_Reference_Design/Vivado/MA-AX3-100-2I-D8/Mars_AX3_PM3.srcs/sources_1/bd/Mars_AX3/ipshared/e9fa/hdl/mdm_v3_2_vh_rfs.vhd:6961]
INFO: [Synth 8-638] synthesizing module 'axi_lite_ipif' [f:/GitHub/Mars_AX3_PM3_Reference_Design/Vivado/MA-AX3-100-2I-D8/Mars_AX3_PM3.srcs/sources_1/bd/Mars_AX3/ipshared/66ea/hdl/axi_lite_ipif_v3_0_vh_rfs.vhd:2948]
	Parameter C_S_AXI_DATA_WIDTH bound to: 32 - type: integer 
	Parameter C_S_AXI_ADDR_WIDTH bound to: 4 - type: integer 
	Parameter C_S_AXI_MIN_SIZE bound to: 32'b00000000000000000000000000001111 
	Parameter C_USE_WSTRB bound to: 0 - type: integer 
	Parameter C_DPHASE_TIMEOUT bound to: 0 - type: integer 
	Parameter C_ARD_ADDR_RANGE_ARRAY bound to: 128'b00000000000000000000000000000000000000000000000000000000000000000000000000000000000000000000000000000000000000000000000000001111 
	Parameter C_ARD_NUM_CE_ARRAY bound to: 32'b00000000000000000000000000000100 
	Parameter C_FAMILY bound to: artix7 - type: string 
INFO: [Synth 8-638] synthesizing module 'slave_attachment' [f:/GitHub/Mars_AX3_PM3_Reference_Design/Vivado/MA-AX3-100-2I-D8/Mars_AX3_PM3.srcs/sources_1/bd/Mars_AX3/ipshared/66ea/hdl/axi_lite_ipif_v3_0_vh_rfs.vhd:2341]
	Parameter C_ARD_ADDR_RANGE_ARRAY bound to: 128'b00000000000000000000000000000000000000000000000000000000000000000000000000000000000000000000000000000000000000000000000000001111 
	Parameter C_ARD_NUM_CE_ARRAY bound to: 32'b00000000000000000000000000000100 
	Parameter C_IPIF_ABUS_WIDTH bound to: 4 - type: integer 
	Parameter C_IPIF_DBUS_WIDTH bound to: 32 - type: integer 
	Parameter C_S_AXI_MIN_SIZE bound to: 15 - type: integer 
	Parameter C_USE_WSTRB bound to: 0 - type: integer 
	Parameter C_DPHASE_TIMEOUT bound to: 0 - type: integer 
	Parameter C_FAMILY bound to: artix7 - type: string 
INFO: [Synth 8-638] synthesizing module 'address_decoder' [f:/GitHub/Mars_AX3_PM3_Reference_Design/Vivado/MA-AX3-100-2I-D8/Mars_AX3_PM3.srcs/sources_1/bd/Mars_AX3/ipshared/66ea/hdl/axi_lite_ipif_v3_0_vh_rfs.vhd:1775]
	Parameter C_BUS_AWIDTH bound to: 4 - type: integer 
	Parameter C_S_AXI_MIN_SIZE bound to: 15 - type: integer 
	Parameter C_ARD_ADDR_RANGE_ARRAY bound to: 128'b00000000000000000000000000000000000000000000000000000000000000000000000000000000000000000000000000000000000000000000000000001111 
	Parameter C_ARD_NUM_CE_ARRAY bound to: 32'b00000000000000000000000000000100 
	Parameter C_FAMILY bound to: nofamily - type: string 
INFO: [Synth 8-638] synthesizing module 'pselect_f' [f:/GitHub/Mars_AX3_PM3_Reference_Design/Vivado/MA-AX3-100-2I-D8/Mars_AX3_PM3.srcs/sources_1/bd/Mars_AX3/ipshared/66ea/hdl/axi_lite_ipif_v3_0_vh_rfs.vhd:1534]
	Parameter C_AB bound to: 2 - type: integer 
	Parameter C_AW bound to: 2 - type: integer 
	Parameter C_BAR bound to: 2'b00 
	Parameter C_FAMILY bound to: nofamily - type: string 
INFO: [Synth 8-256] done synthesizing module 'pselect_f' (15#1) [f:/GitHub/Mars_AX3_PM3_Reference_Design/Vivado/MA-AX3-100-2I-D8/Mars_AX3_PM3.srcs/sources_1/bd/Mars_AX3/ipshared/66ea/hdl/axi_lite_ipif_v3_0_vh_rfs.vhd:1534]
INFO: [Synth 8-638] synthesizing module 'pselect_f__parameterized0' [f:/GitHub/Mars_AX3_PM3_Reference_Design/Vivado/MA-AX3-100-2I-D8/Mars_AX3_PM3.srcs/sources_1/bd/Mars_AX3/ipshared/66ea/hdl/axi_lite_ipif_v3_0_vh_rfs.vhd:1534]
	Parameter C_AB bound to: 2 - type: integer 
	Parameter C_AW bound to: 2 - type: integer 
	Parameter C_BAR bound to: 2'b01 
	Parameter C_FAMILY bound to: nofamily - type: string 
INFO: [Synth 8-256] done synthesizing module 'pselect_f__parameterized0' (15#1) [f:/GitHub/Mars_AX3_PM3_Reference_Design/Vivado/MA-AX3-100-2I-D8/Mars_AX3_PM3.srcs/sources_1/bd/Mars_AX3/ipshared/66ea/hdl/axi_lite_ipif_v3_0_vh_rfs.vhd:1534]
INFO: [Synth 8-638] synthesizing module 'pselect_f__parameterized1' [f:/GitHub/Mars_AX3_PM3_Reference_Design/Vivado/MA-AX3-100-2I-D8/Mars_AX3_PM3.srcs/sources_1/bd/Mars_AX3/ipshared/66ea/hdl/axi_lite_ipif_v3_0_vh_rfs.vhd:1534]
	Parameter C_AB bound to: 2 - type: integer 
	Parameter C_AW bound to: 2 - type: integer 
	Parameter C_BAR bound to: 2'b10 
	Parameter C_FAMILY bound to: nofamily - type: string 
INFO: [Synth 8-256] done synthesizing module 'pselect_f__parameterized1' (15#1) [f:/GitHub/Mars_AX3_PM3_Reference_Design/Vivado/MA-AX3-100-2I-D8/Mars_AX3_PM3.srcs/sources_1/bd/Mars_AX3/ipshared/66ea/hdl/axi_lite_ipif_v3_0_vh_rfs.vhd:1534]
INFO: [Synth 8-638] synthesizing module 'pselect_f__parameterized2' [f:/GitHub/Mars_AX3_PM3_Reference_Design/Vivado/MA-AX3-100-2I-D8/Mars_AX3_PM3.srcs/sources_1/bd/Mars_AX3/ipshared/66ea/hdl/axi_lite_ipif_v3_0_vh_rfs.vhd:1534]
	Parameter C_AB bound to: 2 - type: integer 
	Parameter C_AW bound to: 2 - type: integer 
	Parameter C_BAR bound to: 2'b11 
	Parameter C_FAMILY bound to: nofamily - type: string 
INFO: [Synth 8-256] done synthesizing module 'pselect_f__parameterized2' (15#1) [f:/GitHub/Mars_AX3_PM3_Reference_Design/Vivado/MA-AX3-100-2I-D8/Mars_AX3_PM3.srcs/sources_1/bd/Mars_AX3/ipshared/66ea/hdl/axi_lite_ipif_v3_0_vh_rfs.vhd:1534]
INFO: [Synth 8-256] done synthesizing module 'address_decoder' (16#1) [f:/GitHub/Mars_AX3_PM3_Reference_Design/Vivado/MA-AX3-100-2I-D8/Mars_AX3_PM3.srcs/sources_1/bd/Mars_AX3/ipshared/66ea/hdl/axi_lite_ipif_v3_0_vh_rfs.vhd:1775]
INFO: [Synth 8-226] default block is never used [f:/GitHub/Mars_AX3_PM3_Reference_Design/Vivado/MA-AX3-100-2I-D8/Mars_AX3_PM3.srcs/sources_1/bd/Mars_AX3/ipshared/66ea/hdl/axi_lite_ipif_v3_0_vh_rfs.vhd:2550]
INFO: [Synth 8-256] done synthesizing module 'slave_attachment' (17#1) [f:/GitHub/Mars_AX3_PM3_Reference_Design/Vivado/MA-AX3-100-2I-D8/Mars_AX3_PM3.srcs/sources_1/bd/Mars_AX3/ipshared/66ea/hdl/axi_lite_ipif_v3_0_vh_rfs.vhd:2341]
INFO: [Synth 8-256] done synthesizing module 'axi_lite_ipif' (18#1) [f:/GitHub/Mars_AX3_PM3_Reference_Design/Vivado/MA-AX3-100-2I-D8/Mars_AX3_PM3.srcs/sources_1/bd/Mars_AX3/ipshared/66ea/hdl/axi_lite_ipif_v3_0_vh_rfs.vhd:2948]
INFO: [Synth 8-256] done synthesizing module 'MDM' (19#1) [f:/GitHub/Mars_AX3_PM3_Reference_Design/Vivado/MA-AX3-100-2I-D8/Mars_AX3_PM3.srcs/sources_1/bd/Mars_AX3/ipshared/e9fa/hdl/mdm_v3_2_vh_rfs.vhd:14260]
INFO: [Synth 8-256] done synthesizing module 'Mars_AX3_mdm_0_0' (20#1) [f:/GitHub/Mars_AX3_PM3_Reference_Design/Vivado/MA-AX3-100-2I-D8/Mars_AX3_PM3.srcs/sources_1/bd/Mars_AX3/ip/Mars_AX3_mdm_0_0/synth/Mars_AX3_mdm_0_0.vhd:94]
---------------------------------------------------------------------------------
Finished RTL Elaboration : Time (s): cpu = 00:00:10 ; elapsed = 00:00:13 . Memory (MB): peak = 1092.895 ; gain = 38.039
---------------------------------------------------------------------------------
---------------------------------------------------------------------------------
Start Handling Custom Attributes
---------------------------------------------------------------------------------
---------------------------------------------------------------------------------
Finished Handling Custom Attributes : Time (s): cpu = 00:00:11 ; elapsed = 00:00:14 . Memory (MB): peak = 1092.895 ; gain = 38.039
---------------------------------------------------------------------------------
---------------------------------------------------------------------------------
Finished RTL Optimization Phase 1 : Time (s): cpu = 00:00:11 ; elapsed = 00:00:14 . Memory (MB): peak = 1092.895 ; gain = 38.039
---------------------------------------------------------------------------------
Netlist sorting complete. Time (s): cpu = 00:00:00 ; elapsed = 00:00:00.104 . Memory (MB): peak = 1092.895 ; gain = 0.000
INFO: [Netlist 29-17] Analyzing 17 Unisim elements for replacement
INFO: [Netlist 29-28] Unisim Transformation completed in 0 CPU seconds
INFO: [Project 1-570] Preparing netlist for logic optimization

Processing XDC Constraints
Initializing timing engine
Parsing XDC File [f:/GitHub/Mars_AX3_PM3_Reference_Design/Vivado/MA-AX3-100-2I-D8/Mars_AX3_PM3.srcs/sources_1/bd/Mars_AX3/ip/Mars_AX3_mdm_0_0/Mars_AX3_mdm_0_0_ooc_trace.xdc] for cell 'U0'
Finished Parsing XDC File [f:/GitHub/Mars_AX3_PM3_Reference_Design/Vivado/MA-AX3-100-2I-D8/Mars_AX3_PM3.srcs/sources_1/bd/Mars_AX3/ip/Mars_AX3_mdm_0_0/Mars_AX3_mdm_0_0_ooc_trace.xdc] for cell 'U0'
Parsing XDC File [f:/GitHub/Mars_AX3_PM3_Reference_Design/Vivado/MA-AX3-100-2I-D8/Mars_AX3_PM3.srcs/sources_1/bd/Mars_AX3/ip/Mars_AX3_mdm_0_0/Mars_AX3_mdm_0_0_ooc.xdc] for cell 'U0'
Finished Parsing XDC File [f:/GitHub/Mars_AX3_PM3_Reference_Design/Vivado/MA-AX3-100-2I-D8/Mars_AX3_PM3.srcs/sources_1/bd/Mars_AX3/ip/Mars_AX3_mdm_0_0/Mars_AX3_mdm_0_0_ooc.xdc] for cell 'U0'
Parsing XDC File [f:/GitHub/Mars_AX3_PM3_Reference_Design/Vivado/MA-AX3-100-2I-D8/Mars_AX3_PM3.srcs/sources_1/bd/Mars_AX3/ip/Mars_AX3_mdm_0_0/Mars_AX3_mdm_0_0.xdc] for cell 'U0'
Finished Parsing XDC File [f:/GitHub/Mars_AX3_PM3_Reference_Design/Vivado/MA-AX3-100-2I-D8/Mars_AX3_PM3.srcs/sources_1/bd/Mars_AX3/ip/Mars_AX3_mdm_0_0/Mars_AX3_mdm_0_0.xdc] for cell 'U0'
INFO: [Project 1-236] Implementation specific constraints were found while reading constraint file [f:/GitHub/Mars_AX3_PM3_Reference_Design/Vivado/MA-AX3-100-2I-D8/Mars_AX3_PM3.srcs/sources_1/bd/Mars_AX3/ip/Mars_AX3_mdm_0_0/Mars_AX3_mdm_0_0.xdc]. These constraints will be ignored for synthesis but will be used in implementation. Impacted constraints are listed in the file [.Xil/Mars_AX3_mdm_0_0_propImpl.xdc].
Resolution: To avoid this warning, move constraints listed in [.Xil/Mars_AX3_mdm_0_0_propImpl.xdc] to another XDC file and exclude this new file from synthesis with the used_in_synthesis property (File Properties dialog in GUI) and re-run elaboration/synthesis.
Parsing XDC File [F:/GitHub/Mars_AX3_PM3_Reference_Design/Vivado/MA-AX3-100-2I-D8/Mars_AX3_PM3.runs/Mars_AX3_mdm_0_0_synth_1/dont_touch.xdc]
Finished Parsing XDC File [F:/GitHub/Mars_AX3_PM3_Reference_Design/Vivado/MA-AX3-100-2I-D8/Mars_AX3_PM3.runs/Mars_AX3_mdm_0_0_synth_1/dont_touch.xdc]
Completed Processing XDC Constraints

Netlist sorting complete. Time (s): cpu = 00:00:00 ; elapsed = 00:00:00.001 . Memory (MB): peak = 1187.344 ; gain = 0.000
INFO: [Project 1-111] Unisim Transformation Summary:
  A total of 9 instances were transformed.
  FDC_1 => FDCE (inverted pins: C): 1 instance 
  FDRE_1 => FDRE (inverted pins: C): 1 instance 
  FDRSE => FDRSE (FDRE, LUT4, VCC): 1 instance 
  MUXCY_L => MUXCY: 6 instances

Constraint Validation Runtime : Time (s): cpu = 00:00:00 ; elapsed = 00:00:00.032 . Memory (MB): peak = 1198.250 ; gain = 10.906
---------------------------------------------------------------------------------
Finished Constraint Validation : Time (s): cpu = 00:00:18 ; elapsed = 00:00:23 . Memory (MB): peak = 1198.250 ; gain = 143.395
---------------------------------------------------------------------------------
---------------------------------------------------------------------------------
Start Loading Part and Timing Information
---------------------------------------------------------------------------------
Loading part: xc7a100tcsg324-2
---------------------------------------------------------------------------------
Finished Loading Part and Timing Information : Time (s): cpu = 00:00:18 ; elapsed = 00:00:23 . Memory (MB): peak = 1198.250 ; gain = 143.395
---------------------------------------------------------------------------------
---------------------------------------------------------------------------------
Start Applying 'set_property' XDC Constraints
---------------------------------------------------------------------------------
Applied set_property DONT_TOUCH = true for U0. (constraint file  F:/GitHub/Mars_AX3_PM3_Reference_Design/Vivado/MA-AX3-100-2I-D8/Mars_AX3_PM3.runs/Mars_AX3_mdm_0_0_synth_1/dont_touch.xdc, line 9).
---------------------------------------------------------------------------------
Finished applying 'set_property' XDC Constraints : Time (s): cpu = 00:00:18 ; elapsed = 00:00:23 . Memory (MB): peak = 1198.250 ; gain = 143.395
---------------------------------------------------------------------------------
INFO: [Synth 8-802] inferred FSM for state register 'state_reg' in module 'slave_attachment'
---------------------------------------------------------------------------------------------------
                   State |                     New Encoding |                Previous Encoding 
---------------------------------------------------------------------------------------------------
                 sm_idle |                             0010 |                               00
                 sm_read |                             1000 |                               01
                sm_write |                             0100 |                               10
                 sm_resp |                             0001 |                               11
---------------------------------------------------------------------------------------------------
INFO: [Synth 8-3354] encoded FSM with state register 'state_reg' using encoding 'one-hot' in module 'slave_attachment'
---------------------------------------------------------------------------------
Finished RTL Optimization Phase 2 : Time (s): cpu = 00:00:19 ; elapsed = 00:00:24 . Memory (MB): peak = 1198.250 ; gain = 143.395
---------------------------------------------------------------------------------
---------------------------------------------------------------------------------
Start RTL Component Statistics 
---------------------------------------------------------------------------------
Detailed RTL Component Info : 
+---Adders : 
	   2 Input   10 Bit       Adders := 1     
	   2 Input    6 Bit       Adders := 1     
	   2 Input    5 Bit       Adders := 1     
	   2 Input    2 Bit       Adders := 1     
+---XORs : 
	   2 Input      1 Bit         XORs := 8     
+---Registers : 
	               32 Bit    Registers := 2     
	               16 Bit    Registers := 1     
	                8 Bit    Registers := 5     
	                6 Bit    Registers := 2     
	                5 Bit    Registers := 1     
	                4 Bit    Registers := 4     
	                3 Bit    Registers := 1     
	                2 Bit    Registers := 3     
	                1 Bit    Registers := 38    
+---Muxes : 
	   2 Input   16 Bit        Muxes := 4     
	   2 Input   10 Bit        Muxes := 3     
	   2 Input    8 Bit        Muxes := 6     
	   2 Input    6 Bit        Muxes := 1     
	   2 Input    5 Bit        Muxes := 1     
	   4 Input    4 Bit        Muxes := 1     
	   2 Input    4 Bit        Muxes := 6     
	   2 Input    3 Bit        Muxes := 2     
	   2 Input    2 Bit        Muxes := 3     
	   2 Input    1 Bit        Muxes := 38    
	  12 Input    1 Bit        Muxes := 1     
	   4 Input    1 Bit        Muxes := 1     
---------------------------------------------------------------------------------
Finished RTL Component Statistics 
---------------------------------------------------------------------------------
---------------------------------------------------------------------------------
Start Part Resource Summary
---------------------------------------------------------------------------------
Part Resources:
DSPs: 240 (col length:80)
BRAMs: 270 (col length: RAMB18 80 RAMB36 40)
---------------------------------------------------------------------------------
Finished Part Resource Summary
---------------------------------------------------------------------------------
---------------------------------------------------------------------------------
Start Cross Boundary and Area Optimization
---------------------------------------------------------------------------------
---------------------------------------------------------------------------------
Finished Cross Boundary and Area Optimization : Time (s): cpu = 00:00:21 ; elapsed = 00:00:27 . Memory (MB): peak = 1198.250 ; gain = 143.395
---------------------------------------------------------------------------------
---------------------------------------------------------------------------------
Start Applying XDC Timing Constraints
---------------------------------------------------------------------------------
---------------------------------------------------------------------------------
Finished Applying XDC Timing Constraints : Time (s): cpu = 00:00:27 ; elapsed = 00:00:34 . Memory (MB): peak = 1198.250 ; gain = 143.395
---------------------------------------------------------------------------------
---------------------------------------------------------------------------------
Start Timing Optimization
---------------------------------------------------------------------------------
---------------------------------------------------------------------------------
Finished Timing Optimization : Time (s): cpu = 00:00:28 ; elapsed = 00:00:34 . Memory (MB): peak = 1198.250 ; gain = 143.395
---------------------------------------------------------------------------------
---------------------------------------------------------------------------------
Start Technology Mapping
---------------------------------------------------------------------------------
---------------------------------------------------------------------------------
Finished Technology Mapping : Time (s): cpu = 00:00:28 ; elapsed = 00:00:35 . Memory (MB): peak = 1198.250 ; gain = 143.395
---------------------------------------------------------------------------------
---------------------------------------------------------------------------------
Start IO Insertion
---------------------------------------------------------------------------------
---------------------------------------------------------------------------------
Start Flattening Before IO Insertion
---------------------------------------------------------------------------------
---------------------------------------------------------------------------------
Finished Flattening Before IO Insertion
---------------------------------------------------------------------------------
---------------------------------------------------------------------------------
Start Final Netlist Cleanup
---------------------------------------------------------------------------------
---------------------------------------------------------------------------------
Finished Final Netlist Cleanup
---------------------------------------------------------------------------------
---------------------------------------------------------------------------------
Finished IO Insertion : Time (s): cpu = 00:00:32 ; elapsed = 00:00:39 . Memory (MB): peak = 1198.250 ; gain = 143.395
---------------------------------------------------------------------------------
---------------------------------------------------------------------------------
Start Renaming Generated Instances
---------------------------------------------------------------------------------
---------------------------------------------------------------------------------
Finished Renaming Generated Instances : Time (s): cpu = 00:00:32 ; elapsed = 00:00:39 . Memory (MB): peak = 1198.250 ; gain = 143.395
---------------------------------------------------------------------------------
---------------------------------------------------------------------------------
Start Rebuilding User Hierarchy
---------------------------------------------------------------------------------
---------------------------------------------------------------------------------
Finished Rebuilding User Hierarchy : Time (s): cpu = 00:00:32 ; elapsed = 00:00:39 . Memory (MB): peak = 1198.250 ; gain = 143.395
---------------------------------------------------------------------------------
---------------------------------------------------------------------------------
Start Renaming Generated Ports
---------------------------------------------------------------------------------
---------------------------------------------------------------------------------
Finished Renaming Generated Ports : Time (s): cpu = 00:00:32 ; elapsed = 00:00:39 . Memory (MB): peak = 1198.250 ; gain = 143.395
---------------------------------------------------------------------------------
---------------------------------------------------------------------------------
Start Handling Custom Attributes
---------------------------------------------------------------------------------
---------------------------------------------------------------------------------
Finished Handling Custom Attributes : Time (s): cpu = 00:00:32 ; elapsed = 00:00:39 . Memory (MB): peak = 1198.250 ; gain = 143.395
---------------------------------------------------------------------------------
---------------------------------------------------------------------------------
Start Renaming Generated Nets
---------------------------------------------------------------------------------
---------------------------------------------------------------------------------
Finished Renaming Generated Nets : Time (s): cpu = 00:00:32 ; elapsed = 00:00:39 . Memory (MB): peak = 1198.250 ; gain = 143.395
---------------------------------------------------------------------------------
---------------------------------------------------------------------------------
Start ROM, RAM, DSP and Shift Register Reporting
---------------------------------------------------------------------------------

Static Shift Register Report:
+------------+------------------------------------------+--------+-------+--------------+--------------------+-------------------+--------+---------+
|Module Name | RTL Name                                 | Length | Width | Reset Signal | Pull out first Reg | Pull out last Reg | SRL16E | SRLC32E | 
+------------+------------------------------------------+--------+-------+--------------+--------------------+-------------------+--------+---------+
|MDM         | MDM_Core_I1/Use_BSCAN.Config_Reg_reg[26] | 4      | 1     | YES          | NO                 | YES               | 1      | 0       | 
|MDM         | MDM_Core_I1/Use_BSCAN.Config_Reg_reg[10] | 15     | 1     | YES          | NO                 | YES               | 1      | 0       | 
|MDM         | MDM_Core_I1/Use_BSCAN.Config_Reg_reg[3]  | 6      | 1     | YES          | NO                 | YES               | 1      | 0       | 
+------------+------------------------------------------+--------+-------+--------------+--------------------+-------------------+--------+---------+

---------------------------------------------------------------------------------
Finished ROM, RAM, DSP and Shift Register Reporting
---------------------------------------------------------------------------------
---------------------------------------------------------------------------------
Start Writing Synthesis Report
---------------------------------------------------------------------------------

Report BlackBoxes: 
+-+--------------+----------+
| |BlackBox name |Instances |
+-+--------------+----------+
+-+--------------+----------+

Report Cell Usage: 
+------+--------+------+
|      |Cell    |Count |
+------+--------+------+
|1     |BSCANE2 |     1|
|2     |BUFG    |     1|
|3     |LUT1    |     5|
|4     |LUT2    |    20|
|5     |LUT3    |    30|
|6     |LUT4    |    32|
|7     |LUT5    |    34|
|8     |LUT6    |    56|
|9     |MUXCY_L |     6|
|10    |SRL16E  |    23|
|11    |XORCY   |     8|
|12    |FDCE    |   119|
|13    |FDC     |     1|
|14    |FDPE    |     7|
|15    |FDRE    |    50|
|17    |FDSE    |     3|
+------+--------+------+
---------------------------------------------------------------------------------
Finished Writing Synthesis Report : Time (s): cpu = 00:00:32 ; elapsed = 00:00:39 . Memory (MB): peak = 1198.250 ; gain = 143.395
---------------------------------------------------------------------------------
Synthesis finished with 0 errors, 0 critical warnings and 0 warnings.
Synthesis Optimization Runtime : Time (s): cpu = 00:00:18 ; elapsed = 00:00:35 . Memory (MB): peak = 1198.250 ; gain = 38.039
Synthesis Optimization Complete : Time (s): cpu = 00:00:32 ; elapsed = 00:00:39 . Memory (MB): peak = 1198.250 ; gain = 143.395
INFO: [Project 1-571] Translating synthesized netlist
Netlist sorting complete. Time (s): cpu = 00:00:01 ; elapsed = 00:00:00.044 . Memory (MB): peak = 1198.250 ; gain = 0.000
INFO: [Netlist 29-17] Analyzing 16 Unisim elements for replacement
INFO: [Netlist 29-28] Unisim Transformation completed in 0 CPU seconds
INFO: [Project 1-570] Preparing netlist for logic optimization
INFO: [Opt 31-138] Pushed 0 inverter(s) to 0 load pin(s).
Netlist sorting complete. Time (s): cpu = 00:00:00 ; elapsed = 00:00:00 . Memory (MB): peak = 1210.602 ; gain = 0.000
INFO: [Project 1-111] Unisim Transformation Summary:
  A total of 4 instances were transformed.
  (MUXCY,XORCY) => CARRY4: 2 instances
  FDC_1 => FDCE (inverted pins: C): 1 instance 
  FDRE_1 => FDRE (inverted pins: C): 1 instance 

INFO: [Common 17-83] Releasing license: Synthesis
127 Infos, 1 Warnings, 0 Critical Warnings and 0 Errors encountered.
synth_design completed successfully
synth_design: Time (s): cpu = 00:00:38 ; elapsed = 00:00:54 . Memory (MB): peak = 1210.602 ; gain = 155.746
INFO: [Common 17-600] The following parameters have non-default value.
general.maxThreads
INFO: [Common 17-1381] The checkpoint 'F:/GitHub/Mars_AX3_PM3_Reference_Design/Vivado/MA-AX3-100-2I-D8/Mars_AX3_PM3.runs/Mars_AX3_mdm_0_0_synth_1/Mars_AX3_mdm_0_0.dcp' has been generated.
WARNING: [Common 17-576] 'use_project_ipc' is deprecated. This option is deprecated and no longer used.
INFO: [Coretcl 2-1648] Added synthesis output to IP cache for IP Mars_AX3_mdm_0_0, cache-ID = 9ea50ddfab133300
INFO: [Coretcl 2-1174] Renamed 53 cell refs.
INFO: [Common 17-1381] The checkpoint 'F:/GitHub/Mars_AX3_PM3_Reference_Design/Vivado/MA-AX3-100-2I-D8/Mars_AX3_PM3.runs/Mars_AX3_mdm_0_0_synth_1/Mars_AX3_mdm_0_0.dcp' has been generated.
INFO: [runtcl-4] Executing : report_utilization -file Mars_AX3_mdm_0_0_utilization_synth.rpt -pb Mars_AX3_mdm_0_0_utilization_synth.pb
INFO: [Common 17-206] Exiting Vivado at Sat Mar 20 20:58:54 2021...
