10:31:29 INFO  : Launching XSCT server: xsct.bat -n  -interactive F:\GitHub\Mars_AX3_PM3_Reference_Design\Workspace\temp_xsdb_launch_script.tcl
10:31:32 INFO  : Platform repository initialization has completed.
10:31:32 INFO  : XSCT server has started successfully.
10:31:33 INFO  : Successfully done setting XSCT server connection channel  
10:31:33 INFO  : plnx-install-location is set to ''
10:31:33 INFO  : Successfully done query RDI_DATADIR 
10:31:33 INFO  : Successfully done setting workspace for the tool. 
10:32:43 INFO  : Launching XSCT server: xsct.bat -n  -interactive F:\GitHub\Mars_AX3_PM3_Reference_Design\Workspace\temp_xsdb_launch_script.tcl
10:32:43 INFO  : Registering command handlers for Vitis TCF services
10:32:45 INFO  : Platform repository initialization has completed.
10:32:46 INFO  : XSCT server has started successfully.
10:32:46 INFO  : plnx-install-location is set to ''
10:32:46 INFO  : Successfully done setting XSCT server connection channel  
10:32:46 INFO  : Successfully done setting workspace for the tool. 
10:32:46 INFO  : Successfully done query RDI_DATADIR 
10:34:46 INFO  : Result from executing command 'getProjects': Hello
10:34:46 INFO  : Result from executing command 'getPlatforms': 
10:35:09 INFO  : Result from executing command 'getProjects': Hello
10:35:09 INFO  : Result from executing command 'getPlatforms': Hello|F:/GitHub/Mars_AX3_PM3_Reference_Design/Workspace/Hello/export/Hello/Hello.xpfm
10:35:59 INFO  : Checking for BSP changes to sync application flags for project 'HelloWorld'...
10:36:52 INFO  : Connected to target on host '127.0.0.1' and port '3121'.
10:37:02 INFO  : ----------------XSDB Script----------------
connect -url tcp:127.0.0.1:3121
----------------End of Script----------------

10:37:02 ERROR : Could not find FPGA device on the board for connection 'Local'.


Troubleshooting hints:
1. Check whether board is connected to system properly.
2. In case of zynq board, check whether Digilent/Xilinx cable switch settings are correct.
3. If you are using Xilinx Platform Cable USB, ensure that status LED is green.
10:37:36 INFO  : Connected to target on host '127.0.0.1' and port '3121'.
10:37:37 INFO  : Jtag cable 'Digilent JTAG-HS3 210299AFBB0C' is selected.
10:37:37 INFO  : 'jtag frequency' command is executed.
10:37:37 INFO  : 'targets -set -filter {jtag_cable_name =~ "Digilent JTAG-HS3 210299AFBB0C" && level==0 && jtag_device_ctx=="jsn-JTAG-HS3-210299AFBB0C-13631093-0"}' command is executed.
10:37:39 INFO  : FPGA configured successfully with bitstream "F:/GitHub/Mars_AX3_PM3_Reference_Design/Workspace/HelloWorld/_ide/bitstream/Mars_AX3_PM3.bit"
10:37:39 INFO  : Context for processor 'CPU_microblaze_CPU' is selected.
10:37:40 INFO  : Hardware design and registers information is loaded from 'F:/GitHub/Mars_AX3_PM3_Reference_Design/Workspace/Hello/export/Hello/hw/Mars_AX3_PM3.xsa'.
10:37:40 INFO  : 'configparams mdm-detect-bscan-mask 2' command is executed.
10:37:40 INFO  : Context for processor 'CPU_microblaze_CPU' is selected.
10:37:40 INFO  : System reset is completed.
10:37:43 INFO  : 'after 3000' command is executed.
10:37:43 INFO  : Context for processor 'CPU_microblaze_CPU' is selected.
10:37:43 INFO  : The application 'F:/GitHub/Mars_AX3_PM3_Reference_Design/Workspace/HelloWorld/Debug/HelloWorld.elf' is downloaded to processor 'CPU_microblaze_CPU'.
10:37:43 INFO  : ----------------XSDB Script----------------
connect -url tcp:127.0.0.1:3121
targets -set -filter {jtag_cable_name =~ "Digilent JTAG-HS3 210299AFBB0C" && level==0 && jtag_device_ctx=="jsn-JTAG-HS3-210299AFBB0C-13631093-0"}
fpga -file F:/GitHub/Mars_AX3_PM3_Reference_Design/Workspace/HelloWorld/_ide/bitstream/Mars_AX3_PM3.bit
targets -set -nocase -filter {name =~ "*microblaze*#0" && bscan=="USER2" }
loadhw -hw F:/GitHub/Mars_AX3_PM3_Reference_Design/Workspace/Hello/export/Hello/hw/Mars_AX3_PM3.xsa -regs
configparams mdm-detect-bscan-mask 2
targets -set -nocase -filter {name =~ "*microblaze*#0" && bscan=="USER2" }
rst -system
after 3000
targets -set -nocase -filter {name =~ "*microblaze*#0" && bscan=="USER2" }
dow F:/GitHub/Mars_AX3_PM3_Reference_Design/Workspace/HelloWorld/Debug/HelloWorld.elf
----------------End of Script----------------

10:37:43 INFO  : Context for processor 'CPU_microblaze_CPU' is selected.
10:37:43 INFO  : 'con' command is executed.
10:37:43 INFO  : ----------------XSDB Script (After Launch)----------------
targets -set -nocase -filter {name =~ "*microblaze*#0" && bscan=="USER2" }
con
----------------End of Script----------------

10:37:43 INFO  : Launch script is exported to file 'F:\GitHub\Mars_AX3_PM3_Reference_Design\Workspace\.sdk\launch_scripts\single_application_debug\debugger_helloworld-default.tcl'
